<?xml version="1.0" encoding="UTF-8"?>
<!-- Generated by org.testng.reporters.JUnitXMLReporter -->
<testsuite hostname="LAPTOP-Q18VUQ5U" ignored="17"
	name="chrome test-Campaign" tests="2" failures="1"
	timestamp="27 Dec 2019 06:04:05 GMT" time="448.399" errors="0">
	<testcase name="login" time="160.756" classname="tests.LoginTest" />
	<testcase name="CampaignAndTrackingNumberPage_UI_Verification"
		time="89.744" classname="tests.CampaignTests">
		<failure type="org.openqa.selenium.TimeoutException"
			message="Expected condition failed: waiting for visibility of Proxy element for: DefaultElementLocator &amp;apos;By.xpath: //h1&amp;apos; (tried for 30 second(s) with 500 milliseconds interval)">
      <![CDATA[org.openqa.selenium.TimeoutException: Expected condition failed: waiting for visibility of Proxy element for: DefaultElementLocator 'By.xpath: //h1' (tried for 30 second(s) with 500 milliseconds interval)
at org.openqa.selenium.support.ui.WebDriverWait.timeoutException(WebDriverWait.java:81)
at org.openqa.selenium.support.ui.FluentWait.until(FluentWait.java:271)
at pom.CampaignAndTrackingNumberPage.campaignPageUIVerification(CampaignAndTrackingNumberPage.java:312)
at tests.CampaignTests.CampaignAndTrackingNumberPage_UI_Verification(CampaignTests.java:48)
at java.util.concurrent.FutureTask.run(Unknown Source)
at java.util.concurrent.ThreadPoolExecutor.runWorker(Unknown Source)
at java.util.concurrent.ThreadPoolExecutor$Worker.run(Unknown Source)
at java.lang.Thread.run(Unknown Source)
Caused by: org.openqa.selenium.NoSuchElementException: Unable to locate element: //h1
For documentation on this error, please visit: http://seleniumhq.org/exceptions/no_such_element.html
Build info: version: '3.11.0', revision: 'e59cfb3', time: '2018-03-11T20:26:55.152Z'
System info: host: 'LAPTOP-Q18VUQ5U', ip: '5.5.31.96', os.name: 'Windows 10', os.arch: 'amd64', os.version: '10.0', java.version: '1.8.0_201'
Driver info: org.openqa.selenium.firefox.FirefoxDriver
Capabilities {acceptInsecureCerts: true, browserName: firefox, browserVersion: 59.0.1, javascriptEnabled: true, moz:accessibilityChecks: false, moz:geckodriverVersion: 0.23.0, moz:headless: false, moz:processID: 7716, moz:profile: C:\Users\Preeti Kotnis\AppD..., moz:useNonSpecCompliantPointerOrigin: false, moz:webdriverClick: true, pageLoadStrategy: normal, platform: XP, platformName: XP, platformVersion: 10.0, rotatable: false, timeouts: {implicit: 0, pageLoad: 300000, script: 30000}}
Session ID: 0832e9de-c932-4af4-9036-928e9e887c7e
*** Element info: {Using=xpath, value=//h1}
at org.openqa.selenium.remote.http.W3CHttpResponseCodec.createException(W3CHttpResponseCodec.java:187)
at org.openqa.selenium.remote.http.W3CHttpResponseCodec.decode(W3CHttpResponseCodec.java:122)
at org.openqa.selenium.remote.http.W3CHttpResponseCodec.decode(W3CHttpResponseCodec.java:49)
at org.openqa.selenium.remote.HttpCommandExecutor.execute(HttpCommandExecutor.java:158)
at org.openqa.selenium.remote.service.DriverCommandExecutor.execute(DriverCommandExecutor.java:83)
at org.openqa.selenium.remote.RemoteWebDriver.execute(RemoteWebDriver.java:545)
at org.openqa.selenium.remote.RemoteWebDriver.findElement(RemoteWebDriver.java:319)
at org.openqa.selenium.remote.RemoteWebDriver.findElementByXPath(RemoteWebDriver.java:421)
at org.openqa.selenium.By$ByXPath.findElement(By.java:361)
at org.openqa.selenium.remote.RemoteWebDriver.findElement(RemoteWebDriver.java:311)
at org.openqa.selenium.support.pagefactory.DefaultElementLocator.findElement(DefaultElementLocator.java:69)
at org.openqa.selenium.support.pagefactory.internal.LocatingElementHandler.invoke(LocatingElementHandler.java:38)
at com.sun.proxy.$Proxy13.isDisplayed(Unknown Source)
at org.openqa.selenium.support.ui.ExpectedConditions.elementIfVisible(ExpectedConditions.java:315)
at org.openqa.selenium.support.ui.ExpectedConditions.access$100(ExpectedConditions.java:44)
at org.openqa.selenium.support.ui.ExpectedConditions$10.apply(ExpectedConditions.java:301)
at org.openqa.selenium.support.ui.ExpectedConditions$10.apply(ExpectedConditions.java:298)
at org.openqa.selenium.support.ui.FluentWait.until(FluentWait.java:248)
... 22 more
... Removed 20 stack frames]]>
		</failure>
	</testcase> <!-- CampaignAndTrackingNumberPage_UI_Verification -->
	<testcase name="campaignBuilderPage_UI_Verification" time="0.0"
		classname="tests.CampaignTests">
		<ignored />
	</testcase> <!-- campaignBuilderPage_UI_Verification -->
	<testcase name="updateCampaignWithFutureStartDateAndFutureEndDate"
		time="0.0" classname="tests.CampaignTests">
		<ignored />
	</testcase> <!-- updateCampaignWithFutureStartDateAndFutureEndDate -->
	<testcase name="campaign_deletion_With_futureStartDate" time="0.0"
		classname="tests.CampaignTests">
		<ignored />
	</testcase> <!-- campaign_deletion_With_futureStartDate -->
	<testcase name="@BeforeTest setUp" time="0.0" classname="tests.TestBase">
		<ignored />
	</testcase> <!-- @BeforeTest setUp -->
	<testcase name="updateCampaignWithFutureStartDateAndNeverEndDate"
		time="0.0" classname="tests.CampaignTests">
		<ignored />
	</testcase> <!-- updateCampaignWithFutureStartDateAndNeverEndDate -->
	<testcase name="createCampaignWithFutureStartDateAndNeverEndDate"
		time="0.0" classname="tests.CampaignTests">
		<ignored />
	</testcase> <!-- createCampaignWithFutureStartDateAndNeverEndDate -->
	<testcase name="campaign_Creation_Without_externalID" time="0.0"
		classname="tests.CampaignTests">
		<ignored />
	</testcase> <!-- campaign_Creation_Without_externalID -->
	<testcase name="campaign_deletion_With_externalID" time="0.0"
		classname="tests.CampaignTests">
		<ignored />
	</testcase> <!-- campaign_deletion_With_externalID -->
	<testcase name="createCampaignWithFutureStartDateAndFutureEndDate"
		time="0.0" classname="tests.CampaignTests">
		<ignored />
	</testcase> <!-- createCampaignWithFutureStartDateAndFutureEndDate -->
	<testcase name="@AfterSuite close_connection" time="0.0"
		classname="tests.TestBase">
		<ignored />
	</testcase> <!-- @AfterSuite close_connection -->
	<testcase name="campaign_Creation_With_externalID" time="0.0"
		classname="tests.CampaignTests">
		<ignored />
	</testcase> <!-- campaign_Creation_With_externalID -->
	<testcase name="campaign_updation_Without_externalID" time="0.0"
		classname="tests.CampaignTests">
		<ignored />
	</testcase> <!-- campaign_updation_Without_externalID -->
	<testcase name="campaign_deletion_With_futureStartDateAndFutureEndDate"
		time="0.0" classname="tests.CampaignTests">
		<ignored />
	</testcase> <!-- campaign_deletion_With_futureStartDateAndFutureEndDate -->
	<testcase name="createCampaignWithPastTime" time="0.0"
		classname="tests.CampaignTests">
		<ignored />
	</testcase> <!-- createCampaignWithPastTime -->
	<testcase name="campaign_deletion_Without_externalID" time="0.0"
		classname="tests.CampaignTests">
		<ignored />
	</testcase> <!-- campaign_deletion_Without_externalID -->
	<testcase name="campaign_updation_With_externalID" time="0.0"
		classname="tests.CampaignTests">
		<ignored />
	</testcase> <!-- campaign_updation_With_externalID -->
	<testcase name="@AfterTest tearDown" time="0.0" classname="tests.TestBase">
		<ignored />
	</testcase> <!-- @AfterTest tearDown -->
</testsuite> <!-- chrome test-Campaign -->
