<?xml version="1.0" encoding="UTF-8"?>
<!-- Generated by org.testng.reporters.JUnitXMLReporter -->
<<<<<<< HEAD
<testsuite hostname="LAPTOP-Q18VUQ5U" name="chrome test" tests="54" failures="1" timestamp="11 Mar 2020 10:28:26 GMT" time="1309.112" errors="0">
  <testcase name="login_page_UI_Verification" time="1.387" classname="tests.LoginTest"/>
  <testcase name="login_with_invalidate_cred" time="2.497" classname="tests.LoginTest"/>
  <testcase name="login_with_blank_username" time="0.362" classname="tests.LoginTest"/>
  <testcase name="login_with_blank_password" time="0.568" classname="tests.LoginTest"/>
  <testcase name="login_with_inactive_user" time="0.623" classname="tests.LoginTest"/>
  <testcase name="login_with_deleted_user" time="0.653" classname="tests.LoginTest"/>
  <testcase name="login_with_blank_username_and_password" time="0.239" classname="tests.LoginTest"/>
  <testcase name="UIVerification_forgot_passowrd_page" time="2.69" classname="tests.LoginTest"/>
  <testcase name="next_button_with_no_email_ID" time="0.349" classname="tests.LoginTest"/>
  <testcase name="reset_password" time="1.109" classname="tests.LoginTest"/>
  <testcase name="rememeber_me_functinonality" time="5.69" classname="tests.LoginTest"/>
  <testcase name="validLogin" time="1.72" classname="tests.LoginTest"/>
  <testcase name="ui_verification" time="12.628" classname="tests.HomeTest"/>
  <testcase name="tiles_count_verification_UI" time="6.72" classname="tests.HomeTest">
    <failure type="java.lang.AssertionError" message="The following asserts failed:
	total_call_count_from_ui is not matching with db expected [true] but found [false],
	answered_calls_count_from_ui is not matching with db expected [true] but found [false],
	AVG CALL DURATION from ui is not matching with db expected [true] but found [false]">
      <![CDATA[java.lang.AssertionError: The following asserts failed:
	total_call_count_from_ui is not matching with db expected [true] but found [false],
	answered_calls_count_from_ui is not matching with db expected [true] but found [false],
	AVG CALL DURATION from ui is not matching with db expected [true] but found [false]
	at pom.HomePage.tilesCount(HomePage.java:468)
	at tests.HomeTest.tiles_count_verification_UI(HomeTest.java:55)
=======
<testsuite hostname="LAPTOP-Q18VUQ5U" name="chrome test" tests="22" failures="1" timestamp="3 Mar 2020 12:37:10 GMT" time="1050.366" errors="0">
  <testcase name="trakingNumberPageUIVerification" time="155.993" classname="tests.TrackingNumberTest"/>
  <testcase name="simpleTrakingNumberCreation" time="83.666" classname="tests.TrackingNumberTest"/>
  <testcase name="simpleTrakingNumberUpdation" time="8.192" classname="tests.TrackingNumberTest"/>
  <testcase name="simpleTrakingNumberDeletion" time="7.216" classname="tests.TrackingNumberTest"/>
  <testcase name="numberPoolCreation" time="93.431" classname="tests.TrackingNumberTest"/>
  <testcase name="numberPoolUpdation" time="7.65" classname="tests.TrackingNumberTest"/>
  <testcase name="numberPoolDeletion" time="6.9" classname="tests.TrackingNumberTest"/>
  <testcase name="reserveNumberCreation" time="23.401" classname="tests.TrackingNumberTest"/>
  <testcase name="reserveNumberUpdation" time="7.274" classname="tests.TrackingNumberTest"/>
  <testcase name="reserveNumberDeletion" time="6.89" classname="tests.TrackingNumberTest"/>
  <testcase name="GeoRouteTrakingNumberCreation" time="84.16" classname="tests.TrackingNumberTest"/>
  <testcase name="GeoRouteTrakingNumberDeletion" time="6.406" classname="tests.TrackingNumberTest"/>
  <testcase name="percentTrakingNumberCreation" time="84.416" classname="tests.TrackingNumberTest"/>
  <testcase name="percentTrakingNumberDeletion" time="60.097" classname="tests.TrackingNumberTest">
    <failure type="org.openqa.selenium.NoSuchElementException" message="no such element: Unable to locate element: {&amp;quot;method&amp;quot;:&amp;quot;xpath&amp;quot;,&amp;quot;selector&amp;quot;:&amp;quot;//span[contains(text(),&amp;apos;SJ TN-920662879&amp;apos;)]//ancestor::tr//div//button[contains(text(),&amp;apos;Delete&amp;apos;)]&amp;quot;}
  (Session info: chrome=80.0.3987.116)
  (Driver info: chromedriver=2.36.540470 (e522d04694c7ebea4ba8821272dbef4f9b818c91),platform=Windows NT 10.0.18362 x86_64) (WARNING: The server did not provide any stacktrace information)
Command duration or timeout: 0 milliseconds
For documentation on this error, please visit: http://seleniumhq.org/exceptions/no_such_element.html
Build info: version: &amp;apos;3.11.0&amp;apos;, revision: &amp;apos;e59cfb3&amp;apos;, time: &amp;apos;2018-03-11T20:26:55.152Z&amp;apos;
System info: host: &amp;apos;LAPTOP-Q18VUQ5U&amp;apos;, ip: &amp;apos;5.5.29.110&amp;apos;, os.name: &amp;apos;Windows 10&amp;apos;, os.arch: &amp;apos;amd64&amp;apos;, os.version: &amp;apos;10.0&amp;apos;, java.version: &amp;apos;1.8.0_201&amp;apos;
Driver info: org.openqa.selenium.chrome.ChromeDriver
Capabilities {acceptInsecureCerts: false, acceptSslCerts: false, applicationCacheEnabled: false, browserConnectionEnabled: false, browserName: chrome, chrome: {chromedriverVersion: 2.36.540470 (e522d04694c7eb..., userDataDir: C:\Users\PREETI~1\AppData\L...}, cssSelectorsEnabled: true, databaseEnabled: false, handlesAlerts: true, hasTouchScreen: false, javascriptEnabled: true, locationContextEnabled: true, mobileEmulationEnabled: false, nativeEvents: true, networkConnectionEnabled: false, pageLoadStrategy: normal, platform: XP, platformName: XP, rotatable: false, setWindowRect: true, takesHeapSnapshot: true, takesScreenshot: true, unexpectedAlertBehaviour: , unhandledPromptBehavior: , version: 80.0.3987.116, webStorageEnabled: true}
Session ID: 1bf13381e94f8808989f031f19c9556b
*** Element info: {Using=xpath, value=//span[contains(text(),&amp;apos;SJ TN-920662879&amp;apos;)]//ancestor::tr//div//button[contains(text(),&amp;apos;Delete&amp;apos;)]}">
      <![CDATA[org.openqa.selenium.NoSuchElementException: no such element: Unable to locate element: {"method":"xpath","selector":"//span[contains(text(),'SJ TN-920662879')]//ancestor::tr//div//button[contains(text(),'Delete')]"}
  (Session info: chrome=80.0.3987.116)
  (Driver info: chromedriver=2.36.540470 (e522d04694c7ebea4ba8821272dbef4f9b818c91),platform=Windows NT 10.0.18362 x86_64) (WARNING: The server did not provide any stacktrace information)
Command duration or timeout: 0 milliseconds
For documentation on this error, please visit: http://seleniumhq.org/exceptions/no_such_element.html
Build info: version: '3.11.0', revision: 'e59cfb3', time: '2018-03-11T20:26:55.152Z'
System info: host: 'LAPTOP-Q18VUQ5U', ip: '5.5.29.110', os.name: 'Windows 10', os.arch: 'amd64', os.version: '10.0', java.version: '1.8.0_201'
Driver info: org.openqa.selenium.chrome.ChromeDriver
Capabilities {acceptInsecureCerts: false, acceptSslCerts: false, applicationCacheEnabled: false, browserConnectionEnabled: false, browserName: chrome, chrome: {chromedriverVersion: 2.36.540470 (e522d04694c7eb..., userDataDir: C:\Users\PREETI~1\AppData\L...}, cssSelectorsEnabled: true, databaseEnabled: false, handlesAlerts: true, hasTouchScreen: false, javascriptEnabled: true, locationContextEnabled: true, mobileEmulationEnabled: false, nativeEvents: true, networkConnectionEnabled: false, pageLoadStrategy: normal, platform: XP, platformName: XP, rotatable: false, setWindowRect: true, takesHeapSnapshot: true, takesScreenshot: true, unexpectedAlertBehaviour: , unhandledPromptBehavior: , version: 80.0.3987.116, webStorageEnabled: true}
Session ID: 1bf13381e94f8808989f031f19c9556b
*** Element info: {Using=xpath, value=//span[contains(text(),'SJ TN-920662879')]//ancestor::tr//div//button[contains(text(),'Delete')]}
	at org.openqa.selenium.remote.ErrorHandler.createThrowable(ErrorHandler.java:214)
	at org.openqa.selenium.remote.ErrorHandler.throwIfResponseFailed(ErrorHandler.java:166)
	at org.openqa.selenium.remote.http.JsonHttpResponseCodec.reconstructValue(JsonHttpResponseCodec.java:40)
	at org.openqa.selenium.remote.http.AbstractHttpResponseCodec.decode(AbstractHttpResponseCodec.java:80)
	at org.openqa.selenium.remote.http.AbstractHttpResponseCodec.decode(AbstractHttpResponseCodec.java:44)
	at org.openqa.selenium.remote.HttpCommandExecutor.execute(HttpCommandExecutor.java:158)
	at org.openqa.selenium.remote.service.DriverCommandExecutor.execute(DriverCommandExecutor.java:83)
	at org.openqa.selenium.remote.RemoteWebDriver.execute(RemoteWebDriver.java:545)
	at org.openqa.selenium.remote.RemoteWebDriver.findElement(RemoteWebDriver.java:319)
	at org.openqa.selenium.remote.RemoteWebDriver.findElementByXPath(RemoteWebDriver.java:421)
	at org.openqa.selenium.By$ByXPath.findElement(By.java:361)
	at org.openqa.selenium.remote.RemoteWebDriver.findElement(RemoteWebDriver.java:311)
	at pom.TrackingNumberBuilderPage.clickAction(TrackingNumberBuilderPage.java:425)
	at tests.TrackingNumberTest.percentTrakingNumberDeletion(TrackingNumberTest.java:278)
>>>>>>> 23b5cb7c84ec35829a42815d6e86777026e6900e
	at java.util.concurrent.FutureTask.run(Unknown Source)
	at java.util.concurrent.ThreadPoolExecutor.runWorker(Unknown Source)
	at java.util.concurrent.ThreadPoolExecutor$Worker.run(Unknown Source)
	at java.lang.Thread.run(Unknown Source)
<<<<<<< HEAD
... Removed 17 stack frames]]>
    </failure>
  </testcase> <!-- tiles_count_verification_UI -->
  <testcase name="CampaignAndTrackingNumberPage_UI_Verification" time="8.311" classname="tests.CamapignUIVerificationTest"/>
  <testcase name="defaultColumnsDisplayed" time="8.563" classname="tests.CamapignUIVerificationTest"/>
  <testcase name="allColumnsDisplayed" time="70.72" classname="tests.CamapignUIVerificationTest"/>
  <testcase name="campaignBuilderPage_UI_Verification" time="7.389" classname="tests.CampaignTests"/>
  <testcase name="defaultCampaignOwnerValidation" time="6.872" classname="tests.CampaignTests"/>
  <testcase name="campaign_Creation_Without_externalID" time="13.733" classname="tests.CampaignTests"/>
  <testcase name="campaign_updation_Without_externalID" time="16.068" classname="tests.CampaignTests"/>
  <testcase name="campaign_deletion_Without_externalID" time="4.974" classname="tests.CampaignTests"/>
  <testcase name="campaign_Creation_With_externalID" time="13.67" classname="tests.CampaignTests"/>
  <testcase name="campaign_updation_With_externalID" time="12.348" classname="tests.CampaignTests"/>
  <testcase name="campaign_deletion_With_externalID" time="4.831" classname="tests.CampaignTests"/>
  <testcase name="createCampaignWithFutureStartDateAndNeverEndDate" time="13.89" classname="tests.CampaignTests"/>
  <testcase name="updateCampaignWithFutureStartDateAndNeverEndDate" time="13.193" classname="tests.CampaignTests"/>
  <testcase name="campaign_deletion_With_futureStartDate" time="4.914" classname="tests.CampaignTests"/>
  <testcase name="createCampaignWithFutureStartDateAndFutureEndDate" time="14.932" classname="tests.CampaignTests"/>
  <testcase name="updateCampaignWithFutureStartDateAndFutureEndDate" time="13.682" classname="tests.CampaignTests"/>
  <testcase name="campaign_deletion_With_futureStartDateAndFutureEndDate" time="5.187" classname="tests.CampaignTests"/>
  <testcase name="createCampaignWithPastTime" time="8.415" classname="tests.CampaignTests"/>
  <testcase name="trakingNumberPageUIVerification" time="134.152" classname="tests.TrackingNumberTest"/>
  <testcase name="simpleTrakingNumberCreation" time="96.385" classname="tests.TrackingNumberTest"/>
  <testcase name="simpleTrakingNumberUpdation" time="7.97" classname="tests.TrackingNumberTest"/>
  <testcase name="simpleTrakingNumberDeletion" time="6.454" classname="tests.TrackingNumberTest"/>
  <testcase name="numberPoolCreation" time="96.455" classname="tests.TrackingNumberTest"/>
  <testcase name="numberPoolUpdation" time="7.411" classname="tests.TrackingNumberTest"/>
  <testcase name="numberPoolDeletion" time="5.935" classname="tests.TrackingNumberTest"/>
  <testcase name="reserveNumberCreation" time="22.245" classname="tests.TrackingNumberTest"/>
  <testcase name="reserveNumberUpdation" time="7.394" classname="tests.TrackingNumberTest"/>
  <testcase name="reserveNumberDeletion" time="5.831" classname="tests.TrackingNumberTest"/>
  <testcase name="GeoRouteTrakingNumberCreation" time="91.509" classname="tests.TrackingNumberTest"/>
  <testcase name="GeoRouteTrakingNumberDeletion" time="5.437" classname="tests.TrackingNumberTest"/>
  <testcase name="percentTrakingNumberCreation" time="93.506" classname="tests.TrackingNumberTest"/>
  <testcase name="percentTrakingNumberDeletion" time="7.168" classname="tests.TrackingNumberTest"/>
  <testcase name="outboundTrakingNumberCreation" time="68.448" classname="tests.TrackingNumberTest"/>
  <testcase name="outboundTrakingNumberDeletion" time="19.655" classname="tests.TrackingNumberTest"/>
  <testcase name="hangupTrakingNumberCreation" time="66.867" classname="tests.TrackingNumberTest"/>
  <testcase name="hangupTrakingNumberDeletion" time="19.362" classname="tests.TrackingNumberTest"/>
  <testcase name="voicemailTrakingNumberCreation" time="67.718" classname="tests.TrackingNumberTest"/>
  <testcase name="voicemailTrakingNumberDeletion" time="19.752" classname="tests.TrackingNumberTest"/>
  <testcase name="scheduleTrakingNumberCreation" time="85.327" classname="tests.TrackingNumberTest"/>
  <testcase name="scheduleTrakingNumberDeletion" time="5.518" classname="tests.TrackingNumberTest"/>
=======
... Removed 20 stack frames]]>
    </failure>
  </testcase> <!-- percentTrakingNumberDeletion -->
  <testcase name="scheduleTrakingNumberCreation" time="84.637" classname="tests.TrackingNumberTest"/>
  <testcase name="scheduleTrakingNumberDeletion" time="6.383" classname="tests.TrackingNumberTest"/>
  <testcase name="outboundTrakingNumberCreation" time="76.779" classname="tests.TrackingNumberTest"/>
  <testcase name="outboundTrakingNumberDeletion" time="6.649" classname="tests.TrackingNumberTest"/>
  <testcase name="VoicemailTrakingNumberCreation" time="76.232" classname="tests.TrackingNumberTest"/>
  <testcase name="voicemailTrakingNumberDeletion" time="6.528" classname="tests.TrackingNumberTest"/>
  <testcase name="HangupTrakingNumberCreation" time="77.617" classname="tests.TrackingNumberTest"/>
  <testcase name="HangupTrakingNumberDeletion" time="6.774" classname="tests.TrackingNumberTest"/>
>>>>>>> 23b5cb7c84ec35829a42815d6e86777026e6900e
</testsuite> <!-- chrome test -->
