<?xml version="1.0" encoding="UTF-8"?>
<!-- Generated by org.testng.reporters.JUnitXMLReporter -->
<testsuite hostname="LAPTOP-Q18VUQ5U" ignored="1" name="LoginAndCampaign" tests="2" failures="1" timestamp="07 Nov 2019 07:54:09 GMT" time="52.923" errors="0">
  <testcase name="test1" time="9.02" classname="tests.ExecuteTests"/>
  <testcase name="test2" time="3.741" classname="tests.ExecuteTests">
    <failure type="java.lang.AssertionError" message="The following asserts failed:
	 label-- Campaign Name is not displayed expected [true] but found [false],
	 label-- Campaign External ID is not displayed expected [true] but found [false],
	 label-- Campaign Owner is not displayed expected [true] but found [false],
	 label-- Active? is not displayed expected [true] but found [false],
	 label-- Start Date and Time (ET) is not displayed expected [true] but found [false],
	 label-- End Date and Time (ET) is not displayed expected [true] but found [false],
	campaignID_TextBox_placeholder is not displayed expected [campaignID_TextBox_placeholder] but found [Type Campaign External ID (Optional)]">
      <![CDATA[java.lang.AssertionError: The following asserts failed:
 label-- Campaign Name is not displayed expected [true] but found [false],
 label-- Campaign External ID is not displayed expected [true] but found [false],
 label-- Campaign Owner is not displayed expected [true] but found [false],
 label-- Active? is not displayed expected [true] but found [false],
 label-- Start Date and Time (ET) is not displayed expected [true] but found [false],
 label-- End Date and Time (ET) is not displayed expected [true] but found [false],
campaignID_TextBox_placeholder is not displayed expected [campaignID_TextBox_placeholder] but found [Type Campaign External ID (Optional)]
at pom.campaignBuilderPage.campaignBuilderPageUIVerification(campaignBuilderPage.java:190)
at tests.ExecuteTests.test2(ExecuteTests.java:35)
... Removed 26 stack frames]]>
    </failure>
  </testcase> <!-- test2 -->
  <testcase name="test3" time="0.0" classname="tests.ExecuteTests">
    <ignored/>
  </testcase> <!-- test3 -->
</testsuite> <!-- LoginAndCampaign -->
