<?xml version="1.0" encoding="UTF-8"?>
<!-- Generated by org.testng.reporters.JUnitReportReporter -->
<testsuite hostname="LAPTOP-Q18VUQ5U" name="tests.TrackingNumberTest" tests="22" failures="0" timestamp="3 Mar 2020 12:37:18 GMT" time="995.796" errors="1">
  <testcase name="outboundTrakingNumberDeletion" time="6.796" classname="tests.TrackingNumberTest"/>
  <testcase name="reserveNumberCreation" time="23.486" classname="tests.TrackingNumberTest"/>
  <testcase name="reserveNumberUpdation" time="7.480" classname="tests.TrackingNumberTest"/>
  <testcase name="simpleTrakingNumberCreation" time="83.713" classname="tests.TrackingNumberTest"/>
  <testcase name="reserveNumberDeletion" time="6.958" classname="tests.TrackingNumberTest"/>
  <testcase name="percentTrakingNumberDeletion" time="60.845" classname="tests.TrackingNumberTest">
    <error type="org.openqa.selenium.NoSuchElementException" message="no such element: Unable to locate element: {&quot;method&quot;:&quot;xpath&quot;,&quot;selector&quot;:&quot;//span[contains(text(),&#039;SJ TN-920662879&#039;)]//ancestor::tr//div//button[contains(text(),&#039;Delete&#039;)]&quot;}
  (Session info: chrome=80.0.3987.116)
  (Driver info: chromedriver=2.36.540470 (e522d04694c7ebea4ba8821272dbef4f9b818c91),platform=Windows NT 10.0.18362 x86_64) (WARNING: The server did not provide any stacktrace information)
Command duration or timeout: 0 milliseconds
For documentation on this error, please visit: http://seleniumhq.org/exceptions/no_such_element.html
Build info: version: &#039;3.11.0&#039;, revision: &#039;e59cfb3&#039;, time: &#039;2018-03-11T20:26:55.152Z&#039;
System info: host: &#039;LAPTOP-Q18VUQ5U&#039;, ip: &#039;5.5.29.110&#039;, os.name: &#039;Windows 10&#039;, os.arch: &#039;amd64&#039;, os.version: &#039;10.0&#039;, java.version: &#039;1.8.0_201&#039;
Driver info: org.openqa.selenium.chrome.ChromeDriver
Capabilities {acceptInsecureCerts: false, acceptSslCerts: false, applicationCacheEnabled: false, browserConnectionEnabled: false, browserName: chrome, chrome: {chromedriverVersion: 2.36.540470 (e522d04694c7eb..., userDataDir: C:\Users\PREETI~1\AppData\L...}, cssSelectorsEnabled: true, databaseEnabled: false, handlesAlerts: true, hasTouchScreen: false, javascriptEnabled: true, locationContextEnabled: true, mobileEmulationEnabled: false, nativeEvents: true, networkConnectionEnabled: false, pageLoadStrategy: normal, platform: XP, platformName: XP, rotatable: false, setWindowRect: true, takesHeapSnapshot: true, takesScreenshot: true, unexpectedAlertBehaviour: , unhandledPromptBehavior: , version: 80.0.3987.116, webStorageEnabled: true}
Session ID: 1bf13381e94f8808989f031f19c9556b
*** Element info: {Using=xpath, value=//span[contains(text(),&#039;SJ TN-920662879&#039;)]//ancestor::tr//div//button[contains(text(),&#039;Delete&#039;)]}">
      <![CDATA[org.openqa.selenium.NoSuchElementException: no such element: Unable to locate element: {"method":"xpath","selector":"//span[contains(text(),'SJ TN-920662879')]//ancestor::tr//div//button[contains(text(),'Delete')]"}
  (Session info: chrome=80.0.3987.116)
  (Driver info: chromedriver=2.36.540470 (e522d04694c7ebea4ba8821272dbef4f9b818c91),platform=Windows NT 10.0.18362 x86_64) (WARNING: The server did not provide any stacktrace information)
Command duration or timeout: 0 milliseconds
For documentation on this error, please visit: http://seleniumhq.org/exceptions/no_such_element.html
Build info: version: '3.11.0', revision: 'e59cfb3', time: '2018-03-11T20:26:55.152Z'
System info: host: 'LAPTOP-Q18VUQ5U', ip: '5.5.29.110', os.name: 'Windows 10', os.arch: 'amd64', os.version: '10.0', java.version: '1.8.0_201'
Driver info: org.openqa.selenium.chrome.ChromeDriver
Capabilities {acceptInsecureCerts: false, acceptSslCerts: false, applicationCacheEnabled: false, browserConnectionEnabled: false, browserName: chrome, chrome: {chromedriverVersion: 2.36.540470 (e522d04694c7eb..., userDataDir: C:\Users\PREETI~1\AppData\L...}, cssSelectorsEnabled: true, databaseEnabled: false, handlesAlerts: true, hasTouchScreen: false, javascriptEnabled: true, locationContextEnabled: true, mobileEmulationEnabled: false, nativeEvents: true, networkConnectionEnabled: false, pageLoadStrategy: normal, platform: XP, platformName: XP, rotatable: false, setWindowRect: true, takesHeapSnapshot: true, takesScreenshot: true, unexpectedAlertBehaviour: , unhandledPromptBehavior: , version: 80.0.3987.116, webStorageEnabled: true}
Session ID: 1bf13381e94f8808989f031f19c9556b
*** Element info: {Using=xpath, value=//span[contains(text(),'SJ TN-920662879')]//ancestor::tr//div//button[contains(text(),'Delete')]}
	at sun.reflect.NativeConstructorAccessorImpl.newInstance0(Native Method)
	at sun.reflect.NativeConstructorAccessorImpl.newInstance(Unknown Source)
	at sun.reflect.DelegatingConstructorAccessorImpl.newInstance(Unknown Source)
	at java.lang.reflect.Constructor.newInstance(Unknown Source)
	at org.openqa.selenium.remote.ErrorHandler.createThrowable(ErrorHandler.java:214)
	at org.openqa.selenium.remote.ErrorHandler.throwIfResponseFailed(ErrorHandler.java:166)
	at org.openqa.selenium.remote.http.JsonHttpResponseCodec.reconstructValue(JsonHttpResponseCodec.java:40)
	at org.openqa.selenium.remote.http.AbstractHttpResponseCodec.decode(AbstractHttpResponseCodec.java:80)
	at org.openqa.selenium.remote.http.AbstractHttpResponseCodec.decode(AbstractHttpResponseCodec.java:44)
	at org.openqa.selenium.remote.HttpCommandExecutor.execute(HttpCommandExecutor.java:158)
	at org.openqa.selenium.remote.service.DriverCommandExecutor.execute(DriverCommandExecutor.java:83)
	at org.openqa.selenium.remote.RemoteWebDriver.execute(RemoteWebDriver.java:545)
	at org.openqa.selenium.remote.RemoteWebDriver.findElement(RemoteWebDriver.java:319)
	at org.openqa.selenium.remote.RemoteWebDriver.findElementByXPath(RemoteWebDriver.java:421)
	at org.openqa.selenium.By$ByXPath.findElement(By.java:361)
	at org.openqa.selenium.remote.RemoteWebDriver.findElement(RemoteWebDriver.java:311)
	at pom.TrackingNumberBuilderPage.clickAction(TrackingNumberBuilderPage.java:425)
	at tests.TrackingNumberTest.percentTrakingNumberDeletion(TrackingNumberTest.java:278)
	at sun.reflect.NativeMethodAccessorImpl.invoke0(Native Method)
	at sun.reflect.NativeMethodAccessorImpl.invoke(Unknown Source)
	at sun.reflect.DelegatingMethodAccessorImpl.invoke(Unknown Source)
	at java.lang.reflect.Method.invoke(Unknown Source)
	at org.testng.internal.MethodInvocationHelper.invokeMethod(MethodInvocationHelper.java:86)
	at org.testng.internal.Invoker.invokeMethod(Invoker.java:643)
	at org.testng.internal.Invoker.invokeTestMethod(Invoker.java:820)
	at org.testng.internal.Invoker.invokeTestMethods(Invoker.java:1128)
	at org.testng.internal.TestMethodWorker.invokeTestMethods(TestMethodWorker.java:129)
	at org.testng.internal.TestMethodWorker.run(TestMethodWorker.java:112)
	at org.testng.TestRunner.privateRun(TestRunner.java:782)
	at org.testng.TestRunner.run(TestRunner.java:632)
	at org.testng.SuiteRunner.runTest(SuiteRunner.java:366)
	at org.testng.SuiteRunner.access$000(SuiteRunner.java:39)
	at org.testng.SuiteRunner$SuiteWorker.run(SuiteRunner.java:400)
	at org.testng.internal.thread.ThreadUtil$2.call(ThreadUtil.java:64)
	at java.util.concurrent.FutureTask.run(Unknown Source)
	at java.util.concurrent.ThreadPoolExecutor.runWorker(Unknown Source)
	at java.util.concurrent.ThreadPoolExecutor$Worker.run(Unknown Source)
	at java.lang.Thread.run(Unknown Source)
]]>
    </error>
  </testcase> <!-- percentTrakingNumberDeletion -->
  <testcase name="trakingNumberPageUIVerification" time="156.078" classname="tests.TrackingNumberTest"/>
  <testcase name="outboundTrakingNumberCreation" time="76.843" classname="tests.TrackingNumberTest"/>
  <testcase name="simpleTrakingNumberDeletion" time="7.273" classname="tests.TrackingNumberTest"/>
  <testcase name="GeoRouteTrakingNumberDeletion" time="6.493" classname="tests.TrackingNumberTest"/>
  <testcase name="VoicemailTrakingNumberCreation" time="76.283" classname="tests.TrackingNumberTest"/>
  <testcase name="GeoRouteTrakingNumberCreation" time="84.255" classname="tests.TrackingNumberTest"/>
  <testcase name="numberPoolCreation" time="93.504" classname="tests.TrackingNumberTest"/>
  <testcase name="scheduleTrakingNumberCreation" time="100.800" classname="tests.TrackingNumberTest"/>
  <testcase name="scheduleTrakingNumberDeletion" time="6.466" classname="tests.TrackingNumberTest"/>
  <testcase name="voicemailTrakingNumberDeletion" time="6.577" classname="tests.TrackingNumberTest"/>
  <testcase name="simpleTrakingNumberUpdation" time="8.266" classname="tests.TrackingNumberTest"/>
  <testcase name="HangupTrakingNumberDeletion" time="6.849" classname="tests.TrackingNumberTest"/>
  <testcase name="numberPoolDeletion" time="6.939" classname="tests.TrackingNumberTest"/>
  <testcase name="percentTrakingNumberCreation" time="84.459" classname="tests.TrackingNumberTest"/>
  <testcase name="HangupTrakingNumberCreation" time="77.689" classname="tests.TrackingNumberTest"/>
  <testcase name="numberPoolUpdation" time="7.744" classname="tests.TrackingNumberTest"/>
</testsuite> <!-- tests.TrackingNumberTest -->
