<?xml version="1.0" encoding="UTF-8"?>
<!-- Generated by org.testng.reporters.JUnitReportReporter -->
<testsuite hostname="LAPTOP-Q18VUQ5U" name="tests.CallDetailReportTest" tests="30" failures="0" timestamp="26 Mar 2020 13:39:23 GMT" time="449.379" errors="1">
  <testcase name="basicFilterForDuration" time="3.212" classname="tests.CallDetailReportTest"/>
  <testcase name="advancedFilterForDuration" time="3.356" classname="tests.CallDetailReportTest"/>
  <testcase name="basicFilterForGroupName" time="8.233" classname="tests.CallDetailReportTest"/>
  <testcase name="advancedFilterForCallerID" time="4.055" classname="tests.CallDetailReportTest"/>
  <testcase name="advancedFilterUI" time="32.473" classname="tests.CallDetailReportTest"/>
  <testcase name="informationTagOpen" time="0.998" classname="tests.CallDetailReportTest"/>
  <testcase name="uiVerification" time="65.959" classname="tests.CallDetailReportTest">
    <error type="org.openqa.selenium.NoSuchElementException" message="no such element: Unable to locate element: {&quot;method&quot;:&quot;xpath&quot;,&quot;selector&quot;:&quot;//div[@class=&#039;col-md-3 col-lg-2 mb10 noDataSelector ng-binding&#039;][contains(text(),&#039;Showing&#039;)]&quot;}
  (Session info: chrome=80.0.3987.149)
  (Driver info: chromedriver=2.36.540470 (e522d04694c7ebea4ba8821272dbef4f9b818c91),platform=Windows NT 10.0.18362 x86_64) (WARNING: The server did not provide any stacktrace information)
Command duration or timeout: 0 milliseconds
For documentation on this error, please visit: http://seleniumhq.org/exceptions/no_such_element.html
Build info: version: &#039;3.11.0&#039;, revision: &#039;e59cfb3&#039;, time: &#039;2018-03-11T20:26:55.152Z&#039;
System info: host: &#039;LAPTOP-Q18VUQ5U&#039;, ip: &#039;5.5.20.98&#039;, os.name: &#039;Windows 10&#039;, os.arch: &#039;amd64&#039;, os.version: &#039;10.0&#039;, java.version: &#039;1.8.0_201&#039;
Driver info: org.openqa.selenium.chrome.ChromeDriver
Capabilities {acceptInsecureCerts: false, acceptSslCerts: false, applicationCacheEnabled: false, browserConnectionEnabled: false, browserName: chrome, chrome: {chromedriverVersion: 2.36.540470 (e522d04694c7eb..., userDataDir: C:\Users\PREETI~1\AppData\L...}, cssSelectorsEnabled: true, databaseEnabled: false, handlesAlerts: true, hasTouchScreen: false, javascriptEnabled: true, locationContextEnabled: true, mobileEmulationEnabled: false, nativeEvents: true, networkConnectionEnabled: false, pageLoadStrategy: normal, platform: XP, platformName: XP, rotatable: false, setWindowRect: true, takesHeapSnapshot: true, takesScreenshot: true, unexpectedAlertBehaviour: , unhandledPromptBehavior: , version: 80.0.3987.149, webStorageEnabled: true}
Session ID: ea862cb4e1d29b12d1b775456dd7315b
*** Element info: {Using=xpath, value=//div[@class=&#039;col-md-3 col-lg-2 mb10 noDataSelector ng-binding&#039;][contains(text(),&#039;Showing&#039;)]}">
      <![CDATA[org.openqa.selenium.NoSuchElementException: no such element: Unable to locate element: {"method":"xpath","selector":"//div[@class='col-md-3 col-lg-2 mb10 noDataSelector ng-binding'][contains(text(),'Showing')]"}
  (Session info: chrome=80.0.3987.149)
  (Driver info: chromedriver=2.36.540470 (e522d04694c7ebea4ba8821272dbef4f9b818c91),platform=Windows NT 10.0.18362 x86_64) (WARNING: The server did not provide any stacktrace information)
Command duration or timeout: 0 milliseconds
For documentation on this error, please visit: http://seleniumhq.org/exceptions/no_such_element.html
Build info: version: '3.11.0', revision: 'e59cfb3', time: '2018-03-11T20:26:55.152Z'
System info: host: 'LAPTOP-Q18VUQ5U', ip: '5.5.20.98', os.name: 'Windows 10', os.arch: 'amd64', os.version: '10.0', java.version: '1.8.0_201'
Driver info: org.openqa.selenium.chrome.ChromeDriver
Capabilities {acceptInsecureCerts: false, acceptSslCerts: false, applicationCacheEnabled: false, browserConnectionEnabled: false, browserName: chrome, chrome: {chromedriverVersion: 2.36.540470 (e522d04694c7eb..., userDataDir: C:\Users\PREETI~1\AppData\L...}, cssSelectorsEnabled: true, databaseEnabled: false, handlesAlerts: true, hasTouchScreen: false, javascriptEnabled: true, locationContextEnabled: true, mobileEmulationEnabled: false, nativeEvents: true, networkConnectionEnabled: false, pageLoadStrategy: normal, platform: XP, platformName: XP, rotatable: false, setWindowRect: true, takesHeapSnapshot: true, takesScreenshot: true, unexpectedAlertBehaviour: , unhandledPromptBehavior: , version: 80.0.3987.149, webStorageEnabled: true}
Session ID: ea862cb4e1d29b12d1b775456dd7315b
*** Element info: {Using=xpath, value=//div[@class='col-md-3 col-lg-2 mb10 noDataSelector ng-binding'][contains(text(),'Showing')]}
	at sun.reflect.NativeConstructorAccessorImpl.newInstance0(Native Method)
	at sun.reflect.NativeConstructorAccessorImpl.newInstance(Unknown Source)
	at sun.reflect.DelegatingConstructorAccessorImpl.newInstance(Unknown Source)
	at java.lang.reflect.Constructor.newInstance(Unknown Source)
	at org.openqa.selenium.remote.ErrorHandler.createThrowable(ErrorHandler.java:214)
	at org.openqa.selenium.remote.ErrorHandler.throwIfResponseFailed(ErrorHandler.java:166)
	at org.openqa.selenium.remote.http.JsonHttpResponseCodec.reconstructValue(JsonHttpResponseCodec.java:40)
	at org.openqa.selenium.remote.http.AbstractHttpResponseCodec.decode(AbstractHttpResponseCodec.java:80)
	at org.openqa.selenium.remote.http.AbstractHttpResponseCodec.decode(AbstractHttpResponseCodec.java:44)
	at org.openqa.selenium.remote.HttpCommandExecutor.execute(HttpCommandExecutor.java:158)
	at org.openqa.selenium.remote.service.DriverCommandExecutor.execute(DriverCommandExecutor.java:83)
	at org.openqa.selenium.remote.RemoteWebDriver.execute(RemoteWebDriver.java:545)
	at org.openqa.selenium.remote.RemoteWebDriver.findElement(RemoteWebDriver.java:319)
	at org.openqa.selenium.remote.RemoteWebDriver.findElementByXPath(RemoteWebDriver.java:421)
	at org.openqa.selenium.By$ByXPath.findElement(By.java:361)
	at org.openqa.selenium.remote.RemoteWebDriver.findElement(RemoteWebDriver.java:311)
	at org.openqa.selenium.support.pagefactory.DefaultElementLocator.findElement(DefaultElementLocator.java:69)
	at org.openqa.selenium.support.pagefactory.internal.LocatingElementHandler.invoke(LocatingElementHandler.java:38)
	at com.sun.proxy.$Proxy15.isDisplayed(Unknown Source)
	at pom.CallDetailsReport_Page.UIVerification(CallDetailsReport_Page.java:285)
	at tests.CallDetailReportTest.uiVerification(CallDetailReportTest.java:52)
	at sun.reflect.NativeMethodAccessorImpl.invoke0(Native Method)
	at sun.reflect.NativeMethodAccessorImpl.invoke(Unknown Source)
	at sun.reflect.DelegatingMethodAccessorImpl.invoke(Unknown Source)
	at java.lang.reflect.Method.invoke(Unknown Source)
	at org.testng.internal.MethodInvocationHelper.invokeMethod(MethodInvocationHelper.java:86)
	at org.testng.internal.Invoker.invokeMethod(Invoker.java:643)
	at org.testng.internal.Invoker.invokeTestMethod(Invoker.java:820)
	at org.testng.internal.Invoker.invokeTestMethods(Invoker.java:1128)
	at org.testng.internal.TestMethodWorker.invokeTestMethods(TestMethodWorker.java:129)
	at org.testng.internal.TestMethodWorker.run(TestMethodWorker.java:112)
	at org.testng.TestRunner.privateRun(TestRunner.java:782)
	at org.testng.TestRunner.run(TestRunner.java:632)
	at org.testng.SuiteRunner.runTest(SuiteRunner.java:366)
	at org.testng.SuiteRunner.access$000(SuiteRunner.java:39)
	at org.testng.SuiteRunner$SuiteWorker.run(SuiteRunner.java:400)
	at org.testng.internal.thread.ThreadUtil$2.call(ThreadUtil.java:64)
	at java.util.concurrent.FutureTask.run(Unknown Source)
	at java.util.concurrent.ThreadPoolExecutor.runWorker(Unknown Source)
	at java.util.concurrent.ThreadPoolExecutor$Worker.run(Unknown Source)
	at java.lang.Thread.run(Unknown Source)
]]>
    </error>
  </testcase> <!-- uiVerification -->
  <testcase name="columnPickerFeature" time="34.550" classname="tests.CallDetailReportTest"/>
  <testcase name="audioPlayerOpen" time="0.869" classname="tests.CallDetailReportTest"/>
  <testcase name="dateRangeFilterForToday" time="62.750" classname="tests.CallDetailReportTest"/>
  <testcase name="dateRangeFilterForYesterday" time="126.135" classname="tests.CallDetailReportTest"/>
  <testcase name="tagSectionUIVerification" time="0.679" classname="tests.CallDetailReportTest"/>
  <testcase name="basicFilterForAdSource" time="6.151" classname="tests.CallDetailReportTest"/>
  <testcase name="basicFilterForDisposition" time="7.348" classname="tests.CallDetailReportTest"/>
  <testcase name="commentSectionUIVerification" time="14.726" classname="tests.CallDetailReportTest"/>
  <testcase name="advancedFilterForLineType" time="8.191" classname="tests.CallDetailReportTest"/>
  <testcase name="dateRangeFilterForLast30days" time="10.420" classname="tests.CallDetailReportTest"/>
  <testcase name="allColumnPickerCheckboxesClickable" time="2.754" classname="tests.CallDetailReportTest"/>
  <testcase name="basicFilterForCaller_ID" time="3.295" classname="tests.CallDetailReportTest"/>
  <testcase name="advancedFilterForGroupName" time="8.332" classname="tests.CallDetailReportTest"/>
  <testcase name="paginationCount" time="1.762" classname="tests.CallDetailReportTest"/>
  <testcase name="tableCount" time="1.260" classname="tests.CallDetailReportTest"/>
  <testcase name="defaultColumnPickerOptions" time="16.994" classname="tests.CallDetailReportTest"/>
  <testcase name="basicFilterForTrackingNumber" time="3.846" classname="tests.CallDetailReportTest"/>
  <testcase name="emailCallFeature" time="7.158" classname="tests.CallDetailReportTest"/>
  <testcase name="paginationUI" time="0.247" classname="tests.CallDetailReportTest"/>
  <testcase name="defaultColumnsDisplayed" time="6.931" classname="tests.CallDetailReportTest"/>
  <testcase name="dateRangeFilterForLast7days" time="3.632" classname="tests.CallDetailReportTest"/>
  <testcase name="emailCallSectionUIVerification" time="1.859" classname="tests.CallDetailReportTest"/>
  <testcase name="infoSectionUIVerification" time="1.204" classname="tests.CallDetailReportTest"/>
</testsuite> <!-- tests.CallDetailReportTest -->
