<html>
<head>
<title>TestNG:  chrome test-1</title>
<link href="../testng.css" rel="stylesheet" type="text/css" />
<link href="../my-testng.css" rel="stylesheet" type="text/css" />

<style type="text/css">
.log { display: none;} 
.stack-trace { display: none;} 
</style>
<script type="text/javascript">
<!--
function flip(e) {
  current = e.style.display;
  if (current == 'block') {
    e.style.display = 'none';
    return 0;
  }
  else {
    e.style.display = 'block';
    return 1;
  }
}

function toggleBox(szDivId, elem, msg1, msg2)
{
  var res = -1;  if (document.getElementById) {
    res = flip(document.getElementById(szDivId));
  }
  else if (document.all) {
    // this is the way old msie versions work
    res = flip(document.all[szDivId]);
  }
  if(elem) {
    if(res == 0) elem.innerHTML = msg1; else elem.innerHTML = msg2;
  }

}

function toggleAllBoxes() {
  if (document.getElementsByTagName) {
    d = document.getElementsByTagName('div');
    for (i = 0; i < d.length; i++) {
      if (d[i].className == 'log') {
        flip(d[i]);
      }
    }
  }
}

// -->
</script>

</head>
<body>
<h2 align='center'>chrome test-1</h2><table border='1' align="center">
<tr>
<td>Tests passed/Failed/Skipped:</td><td>123/8/0</td>
</tr><tr>
<td>Started on:</td><td>Tue Apr 14 16:48:38 IST 2020</td>
</tr>
<tr><td>Total time:</td><td>3423 seconds (3423093 ms)</td>
</tr><tr>
<td>Included groups:</td><td></td>
</tr><tr>
<td>Excluded groups:</td><td></td>
</tr>
</table><p/>
<small><i>(Hover the method name to see the test class name)</i></small><p/>
<table width='100%' border='1' class='invocation-failed'>
<tr><td colspan='4' align='center'><b>FAILED TESTS</b></td></tr>
<tr><td><b>Test method</b></td>
<td width="30%"><b>Exception</b></td>
<td width="10%"><b>Time (seconds)</b></td>
<td><b>Instance</b></td>
</tr>
<tr>
<td title='tests.TrackingNumberSettingsTest.advancedFilterForGroupName()'><b>advancedFilterForGroupName</b><br>Test class: tests.TrackingNumberSettingsTest</td>
<td><div><pre>org.openqa.selenium.TimeoutException: Expected condition failed: waiting for visibility of Proxy element for: DefaultElementLocator &apos;By.xpath: //span[@class=&apos;pull-left ng-binding&apos;][contains(text(),&apos;Showing&apos;)]&apos; (tried for 60 second(s) with 500 milliseconds interval)
	at org.openqa.selenium.support.ui.WebDriverWait.timeoutException(WebDriverWait.java:81)
	at org.openqa.selenium.support.ui.FluentWait.until(FluentWait.java:271)
	at pom.TrackingNumberSettingsReport_Page.advancedFilterFeature(TrackingNumberSettingsReport_Page.java:466)
	at tests.TrackingNumberSettingsTest.advancedFilterForGroupName(TrackingNumberSettingsTest.java:190)
	at java.util.concurrent.FutureTask.run(Unknown Source)
	at java.util.concurrent.ThreadPoolExecutor.runWorker(Unknown Source)
	at java.util.concurrent.ThreadPoolExecutor$Worker.run(Unknown Source)
	at java.lang.Thread.run(Unknown Source)
Caused by: org.openqa.selenium.NoSuchElementException: no such element: Unable to locate element: {&quot;method&quot;:&quot;xpath&quot;,&quot;selector&quot;:&quot;//span[@class=&apos;pull-left ng-binding&apos;][contains(text(),&apos;Showing&apos;)]&quot;}
  (Session info: chrome=80.0.3987.163)
  (Driver info: chromedriver=2.36.540470 (e522d04694c7ebea4ba8821272dbef4f9b818c91),platform=Windows NT 10.0.18362 x86_64) (WARNING: The server did not provide any stacktrace information)
Command duration or timeout: 0 milliseconds
For documentation on this error, please visit: http://seleniumhq.org/exceptions/no_such_element.html
Build info: version: &apos;3.11.0&apos;, revision: &apos;e59cfb3&apos;, time: &apos;2018-03-11T20:26:55.152Z&apos;
System info: host: &apos;LAPTOP-Q18VUQ5U&apos;, ip: &apos;5.5.26.186&apos;, os.name: &apos;Windows 10&apos;, os.arch: &apos;amd64&apos;, os.version: &apos;10.0&apos;, java.version: &apos;1.8.0_201&apos;
Driver info: org.openqa.selenium.chrome.ChromeDriver
Capabilities {acceptInsecureCerts: false, acceptSslCerts: false, applicationCacheEnabled: false, browserConnectionEnabled: false, browserName: chrome, chrome: {chromedriverVersion: 2.36.540470 (e522d04694c7eb..., userDataDir: C:\Users\PREETI~1\AppData\L...}, cssSelectorsEnabled: true, databaseEnabled: false, handlesAlerts: true, hasTouchScreen: false, javascriptEnabled: true, locationContextEnabled: true, mobileEmulationEnabled: false, nativeEvents: true, networkConnectionEnabled: false, pageLoadStrategy: normal, platform: XP, platformName: XP, rotatable: false, setWindowRect: true, takesHeapSnapshot: true, takesScreenshot: true, unexpectedAlertBehaviour: , unhandledPromptBehavior: , version: 80.0.3987.163, webStorageEnabled: true}
Session ID: 22d5c50d3fdf84183fc288eb1c239505
*** Element info: {Using=xpath, value=//span[@class=&apos;pull-left ng-binding&apos;][contains(text(),&apos;Showing&apos;)]}
	at org.openqa.selenium.remote.ErrorHandler.createThrowable(ErrorHandler.java:214)
	at org.openqa.selenium.remote.ErrorHandler.throwIfResponseFailed(ErrorHandler.java:166)
	at org.openqa.selenium.remote.http.JsonHttpResponseCodec.reconstructValue(JsonHttpResponseCodec.java:40)
	at org.openqa.selenium.remote.http.AbstractHttpResponseCodec.decode(AbstractHttpResponseCodec.java:80)
	at org.openqa.selenium.remote.http.AbstractHttpResponseCodec.decode(AbstractHttpResponseCodec.java:44)
	at org.openqa.selenium.remote.HttpCommandExecutor.execute(HttpCommandExecutor.java:158)
	at org.openqa.selenium.remote.service.DriverCommandExecutor.execute(DriverCommandExecutor.java:83)
	at org.openqa.selenium.remote.RemoteWebDriver.execute(RemoteWebDriver.java:545)
	at org.openqa.selenium.remote.RemoteWebDriver.findElement(RemoteWebDriver.java:319)
	at org.openqa.selenium.remote.RemoteWebDriver.findElementByXPath(RemoteWebDriver.java:421)
	at org.openqa.selenium.By$ByXPath.findElement(By.java:361)
	at org.openqa.selenium.remote.RemoteWebDriver.findElement(RemoteWebDriver.java:311)
	at org.openqa.selenium.support.pagefactory.DefaultElementLocator.findElement(DefaultElementLocator.java:69)
	at org.openqa.selenium.support.pagefactory.internal.LocatingElementHandler.invoke(LocatingElementHandler.java:38)
	at com.sun.proxy.$Proxy16.isDisplayed(Unknown Source)
	at org.openqa.selenium.support.ui.ExpectedConditions.elementIfVisible(ExpectedConditions.java:315)
	at org.openqa.selenium.support.ui.ExpectedConditions.access$100(ExpectedConditions.java:44)
	at org.openqa.selenium.support.ui.ExpectedConditions$10.apply(ExpectedConditions.java:301)
	at org.openqa.selenium.support.ui.ExpectedConditions$10.apply(ExpectedConditions.java:298)
	at org.openqa.selenium.support.ui.FluentWait.until(FluentWait.java:248)
	... 22 more
... Removed 20 stack frames</pre></div><a href='#' onClick='toggleBox("stack-trace1478973270", this, "Click to show all stack frames", "Click to hide stack frames")'>Click to show all stack frames</a>
<div class='stack-trace' id='stack-trace1478973270'><pre>org.openqa.selenium.TimeoutException: Expected condition failed: waiting for visibility of Proxy element for: DefaultElementLocator &apos;By.xpath: //span[@class=&apos;pull-left ng-binding&apos;][contains(text(),&apos;Showing&apos;)]&apos; (tried for 60 second(s) with 500 milliseconds interval)
	at org.openqa.selenium.support.ui.WebDriverWait.timeoutException(WebDriverWait.java:81)
	at org.openqa.selenium.support.ui.FluentWait.until(FluentWait.java:271)
	at pom.TrackingNumberSettingsReport_Page.advancedFilterFeature(TrackingNumberSettingsReport_Page.java:466)
	at tests.TrackingNumberSettingsTest.advancedFilterForGroupName(TrackingNumberSettingsTest.java:190)
	at sun.reflect.NativeMethodAccessorImpl.invoke0(Native Method)
	at sun.reflect.NativeMethodAccessorImpl.invoke(Unknown Source)
	at sun.reflect.DelegatingMethodAccessorImpl.invoke(Unknown Source)
	at java.lang.reflect.Method.invoke(Unknown Source)
	at org.testng.internal.MethodInvocationHelper.invokeMethod(MethodInvocationHelper.java:86)
	at org.testng.internal.Invoker.invokeMethod(Invoker.java:643)
	at org.testng.internal.Invoker.invokeTestMethod(Invoker.java:820)
	at org.testng.internal.Invoker.invokeTestMethods(Invoker.java:1128)
	at org.testng.internal.TestMethodWorker.invokeTestMethods(TestMethodWorker.java:129)
	at org.testng.internal.TestMethodWorker.run(TestMethodWorker.java:112)
	at org.testng.TestRunner.privateRun(TestRunner.java:782)
	at org.testng.TestRunner.run(TestRunner.java:632)
	at org.testng.SuiteRunner.runTest(SuiteRunner.java:366)
	at org.testng.SuiteRunner.access$000(SuiteRunner.java:39)
	at org.testng.SuiteRunner$SuiteWorker.run(SuiteRunner.java:400)
	at org.testng.internal.thread.ThreadUtil$2.call(ThreadUtil.java:64)
	at java.util.concurrent.FutureTask.run(Unknown Source)
	at java.util.concurrent.ThreadPoolExecutor.runWorker(Unknown Source)
	at java.util.concurrent.ThreadPoolExecutor$Worker.run(Unknown Source)
	at java.lang.Thread.run(Unknown Source)
Caused by: org.openqa.selenium.NoSuchElementException: no such element: Unable to locate element: {&quot;method&quot;:&quot;xpath&quot;,&quot;selector&quot;:&quot;//span[@class=&apos;pull-left ng-binding&apos;][contains(text(),&apos;Showing&apos;)]&quot;}
  (Session info: chrome=80.0.3987.163)
  (Driver info: chromedriver=2.36.540470 (e522d04694c7ebea4ba8821272dbef4f9b818c91),platform=Windows NT 10.0.18362 x86_64) (WARNING: The server did not provide any stacktrace information)
Command duration or timeout: 0 milliseconds
For documentation on this error, please visit: http://seleniumhq.org/exceptions/no_such_element.html
Build info: version: &apos;3.11.0&apos;, revision: &apos;e59cfb3&apos;, time: &apos;2018-03-11T20:26:55.152Z&apos;
System info: host: &apos;LAPTOP-Q18VUQ5U&apos;, ip: &apos;5.5.26.186&apos;, os.name: &apos;Windows 10&apos;, os.arch: &apos;amd64&apos;, os.version: &apos;10.0&apos;, java.version: &apos;1.8.0_201&apos;
Driver info: org.openqa.selenium.chrome.ChromeDriver
Capabilities {acceptInsecureCerts: false, acceptSslCerts: false, applicationCacheEnabled: false, browserConnectionEnabled: false, browserName: chrome, chrome: {chromedriverVersion: 2.36.540470 (e522d04694c7eb..., userDataDir: C:\Users\PREETI~1\AppData\L...}, cssSelectorsEnabled: true, databaseEnabled: false, handlesAlerts: true, hasTouchScreen: false, javascriptEnabled: true, locationContextEnabled: true, mobileEmulationEnabled: false, nativeEvents: true, networkConnectionEnabled: false, pageLoadStrategy: normal, platform: XP, platformName: XP, rotatable: false, setWindowRect: true, takesHeapSnapshot: true, takesScreenshot: true, unexpectedAlertBehaviour: , unhandledPromptBehavior: , version: 80.0.3987.163, webStorageEnabled: true}
Session ID: 22d5c50d3fdf84183fc288eb1c239505
*** Element info: {Using=xpath, value=//span[@class=&apos;pull-left ng-binding&apos;][contains(text(),&apos;Showing&apos;)]}
	at sun.reflect.NativeConstructorAccessorImpl.newInstance0(Native Method)
	at sun.reflect.NativeConstructorAccessorImpl.newInstance(Unknown Source)
	at sun.reflect.DelegatingConstructorAccessorImpl.newInstance(Unknown Source)
	at java.lang.reflect.Constructor.newInstance(Unknown Source)
	at org.openqa.selenium.remote.ErrorHandler.createThrowable(ErrorHandler.java:214)
	at org.openqa.selenium.remote.ErrorHandler.throwIfResponseFailed(ErrorHandler.java:166)
	at org.openqa.selenium.remote.http.JsonHttpResponseCodec.reconstructValue(JsonHttpResponseCodec.java:40)
	at org.openqa.selenium.remote.http.AbstractHttpResponseCodec.decode(AbstractHttpResponseCodec.java:80)
	at org.openqa.selenium.remote.http.AbstractHttpResponseCodec.decode(AbstractHttpResponseCodec.java:44)
	at org.openqa.selenium.remote.HttpCommandExecutor.execute(HttpCommandExecutor.java:158)
	at org.openqa.selenium.remote.service.DriverCommandExecutor.execute(DriverCommandExecutor.java:83)
	at org.openqa.selenium.remote.RemoteWebDriver.execute(RemoteWebDriver.java:545)
	at org.openqa.selenium.remote.RemoteWebDriver.findElement(RemoteWebDriver.java:319)
	at org.openqa.selenium.remote.RemoteWebDriver.findElementByXPath(RemoteWebDriver.java:421)
	at org.openqa.selenium.By$ByXPath.findElement(By.java:361)
	at org.openqa.selenium.remote.RemoteWebDriver.findElement(RemoteWebDriver.java:311)
	at org.openqa.selenium.support.pagefactory.DefaultElementLocator.findElement(DefaultElementLocator.java:69)
	at org.openqa.selenium.support.pagefactory.internal.LocatingElementHandler.invoke(LocatingElementHandler.java:38)
	at com.sun.proxy.$Proxy16.isDisplayed(Unknown Source)
	at org.openqa.selenium.support.ui.ExpectedConditions.elementIfVisible(ExpectedConditions.java:315)
	at org.openqa.selenium.support.ui.ExpectedConditions.access$100(ExpectedConditions.java:44)
	at org.openqa.selenium.support.ui.ExpectedConditions$10.apply(ExpectedConditions.java:301)
	at org.openqa.selenium.support.ui.ExpectedConditions$10.apply(ExpectedConditions.java:298)
	at org.openqa.selenium.support.ui.FluentWait.until(FluentWait.java:248)
	... 22 more
</pre></div></td>
<td>122</td>
<td>tests.TrackingNumberSettingsTest@146044d7</td></tr>
<tr>
<td title='tests.TrackingNumberSettingsTest.basicFilterFeatureForGroupName()'><b>basicFilterFeatureForGroupName</b><br>Test class: tests.TrackingNumberSettingsTest</td>
<td><div><pre>org.openqa.selenium.TimeoutException: Expected condition failed: waiting for visibility of Proxy element for: DefaultElementLocator &apos;By.xpath: //span[@class=&apos;pull-left ng-binding&apos;][contains(text(),&apos;Showing&apos;)]&apos; (tried for 60 second(s) with 500 milliseconds interval)
	at org.openqa.selenium.support.ui.WebDriverWait.timeoutException(WebDriverWait.java:81)
	at org.openqa.selenium.support.ui.FluentWait.until(FluentWait.java:271)
	at pom.TrackingNumberSettingsReport_Page.basicFilterFeature(TrackingNumberSettingsReport_Page.java:401)
	at tests.TrackingNumberSettingsTest.basicFilterFeatureForGroupName(TrackingNumberSettingsTest.java:151)
	at java.util.concurrent.FutureTask.run(Unknown Source)
	at java.util.concurrent.ThreadPoolExecutor.runWorker(Unknown Source)
	at java.util.concurrent.ThreadPoolExecutor$Worker.run(Unknown Source)
	at java.lang.Thread.run(Unknown Source)
Caused by: org.openqa.selenium.NoSuchElementException: no such element: Unable to locate element: {&quot;method&quot;:&quot;xpath&quot;,&quot;selector&quot;:&quot;//span[@class=&apos;pull-left ng-binding&apos;][contains(text(),&apos;Showing&apos;)]&quot;}
  (Session info: chrome=80.0.3987.163)
  (Driver info: chromedriver=2.36.540470 (e522d04694c7ebea4ba8821272dbef4f9b818c91),platform=Windows NT 10.0.18362 x86_64) (WARNING: The server did not provide any stacktrace information)
Command duration or timeout: 0 milliseconds
For documentation on this error, please visit: http://seleniumhq.org/exceptions/no_such_element.html
Build info: version: &apos;3.11.0&apos;, revision: &apos;e59cfb3&apos;, time: &apos;2018-03-11T20:26:55.152Z&apos;
System info: host: &apos;LAPTOP-Q18VUQ5U&apos;, ip: &apos;5.5.26.186&apos;, os.name: &apos;Windows 10&apos;, os.arch: &apos;amd64&apos;, os.version: &apos;10.0&apos;, java.version: &apos;1.8.0_201&apos;
Driver info: org.openqa.selenium.chrome.ChromeDriver
Capabilities {acceptInsecureCerts: false, acceptSslCerts: false, applicationCacheEnabled: false, browserConnectionEnabled: false, browserName: chrome, chrome: {chromedriverVersion: 2.36.540470 (e522d04694c7eb..., userDataDir: C:\Users\PREETI~1\AppData\L...}, cssSelectorsEnabled: true, databaseEnabled: false, handlesAlerts: true, hasTouchScreen: false, javascriptEnabled: true, locationContextEnabled: true, mobileEmulationEnabled: false, nativeEvents: true, networkConnectionEnabled: false, pageLoadStrategy: normal, platform: XP, platformName: XP, rotatable: false, setWindowRect: true, takesHeapSnapshot: true, takesScreenshot: true, unexpectedAlertBehaviour: , unhandledPromptBehavior: , version: 80.0.3987.163, webStorageEnabled: true}
Session ID: 22d5c50d3fdf84183fc288eb1c239505
*** Element info: {Using=xpath, value=//span[@class=&apos;pull-left ng-binding&apos;][contains(text(),&apos;Showing&apos;)]}
	at org.openqa.selenium.remote.ErrorHandler.createThrowable(ErrorHandler.java:214)
	at org.openqa.selenium.remote.ErrorHandler.throwIfResponseFailed(ErrorHandler.java:166)
	at org.openqa.selenium.remote.http.JsonHttpResponseCodec.reconstructValue(JsonHttpResponseCodec.java:40)
	at org.openqa.selenium.remote.http.AbstractHttpResponseCodec.decode(AbstractHttpResponseCodec.java:80)
	at org.openqa.selenium.remote.http.AbstractHttpResponseCodec.decode(AbstractHttpResponseCodec.java:44)
	at org.openqa.selenium.remote.HttpCommandExecutor.execute(HttpCommandExecutor.java:158)
	at org.openqa.selenium.remote.service.DriverCommandExecutor.execute(DriverCommandExecutor.java:83)
	at org.openqa.selenium.remote.RemoteWebDriver.execute(RemoteWebDriver.java:545)
	at org.openqa.selenium.remote.RemoteWebDriver.findElement(RemoteWebDriver.java:319)
	at org.openqa.selenium.remote.RemoteWebDriver.findElementByXPath(RemoteWebDriver.java:421)
	at org.openqa.selenium.By$ByXPath.findElement(By.java:361)
	at org.openqa.selenium.remote.RemoteWebDriver.findElement(RemoteWebDriver.java:311)
	at org.openqa.selenium.support.pagefactory.DefaultElementLocator.findElement(DefaultElementLocator.java:69)
	at org.openqa.selenium.support.pagefactory.internal.LocatingElementHandler.invoke(LocatingElementHandler.java:38)
	at com.sun.proxy.$Proxy16.isDisplayed(Unknown Source)
	at org.openqa.selenium.support.ui.ExpectedConditions.elementIfVisible(ExpectedConditions.java:315)
	at org.openqa.selenium.support.ui.ExpectedConditions.access$100(ExpectedConditions.java:44)
	at org.openqa.selenium.support.ui.ExpectedConditions$10.apply(ExpectedConditions.java:301)
	at org.openqa.selenium.support.ui.ExpectedConditions$10.apply(ExpectedConditions.java:298)
	at org.openqa.selenium.support.ui.FluentWait.until(FluentWait.java:248)
	... 22 more
... Removed 20 stack frames</pre></div><a href='#' onClick='toggleBox("stack-trace738825997", this, "Click to show all stack frames", "Click to hide stack frames")'>Click to show all stack frames</a>
<div class='stack-trace' id='stack-trace738825997'><pre>org.openqa.selenium.TimeoutException: Expected condition failed: waiting for visibility of Proxy element for: DefaultElementLocator &apos;By.xpath: //span[@class=&apos;pull-left ng-binding&apos;][contains(text(),&apos;Showing&apos;)]&apos; (tried for 60 second(s) with 500 milliseconds interval)
	at org.openqa.selenium.support.ui.WebDriverWait.timeoutException(WebDriverWait.java:81)
	at org.openqa.selenium.support.ui.FluentWait.until(FluentWait.java:271)
	at pom.TrackingNumberSettingsReport_Page.basicFilterFeature(TrackingNumberSettingsReport_Page.java:401)
	at tests.TrackingNumberSettingsTest.basicFilterFeatureForGroupName(TrackingNumberSettingsTest.java:151)
	at sun.reflect.NativeMethodAccessorImpl.invoke0(Native Method)
	at sun.reflect.NativeMethodAccessorImpl.invoke(Unknown Source)
	at sun.reflect.DelegatingMethodAccessorImpl.invoke(Unknown Source)
	at java.lang.reflect.Method.invoke(Unknown Source)
	at org.testng.internal.MethodInvocationHelper.invokeMethod(MethodInvocationHelper.java:86)
	at org.testng.internal.Invoker.invokeMethod(Invoker.java:643)
	at org.testng.internal.Invoker.invokeTestMethod(Invoker.java:820)
	at org.testng.internal.Invoker.invokeTestMethods(Invoker.java:1128)
	at org.testng.internal.TestMethodWorker.invokeTestMethods(TestMethodWorker.java:129)
	at org.testng.internal.TestMethodWorker.run(TestMethodWorker.java:112)
	at org.testng.TestRunner.privateRun(TestRunner.java:782)
	at org.testng.TestRunner.run(TestRunner.java:632)
	at org.testng.SuiteRunner.runTest(SuiteRunner.java:366)
	at org.testng.SuiteRunner.access$000(SuiteRunner.java:39)
	at org.testng.SuiteRunner$SuiteWorker.run(SuiteRunner.java:400)
	at org.testng.internal.thread.ThreadUtil$2.call(ThreadUtil.java:64)
	at java.util.concurrent.FutureTask.run(Unknown Source)
	at java.util.concurrent.ThreadPoolExecutor.runWorker(Unknown Source)
	at java.util.concurrent.ThreadPoolExecutor$Worker.run(Unknown Source)
	at java.lang.Thread.run(Unknown Source)
Caused by: org.openqa.selenium.NoSuchElementException: no such element: Unable to locate element: {&quot;method&quot;:&quot;xpath&quot;,&quot;selector&quot;:&quot;//span[@class=&apos;pull-left ng-binding&apos;][contains(text(),&apos;Showing&apos;)]&quot;}
  (Session info: chrome=80.0.3987.163)
  (Driver info: chromedriver=2.36.540470 (e522d04694c7ebea4ba8821272dbef4f9b818c91),platform=Windows NT 10.0.18362 x86_64) (WARNING: The server did not provide any stacktrace information)
Command duration or timeout: 0 milliseconds
For documentation on this error, please visit: http://seleniumhq.org/exceptions/no_such_element.html
Build info: version: &apos;3.11.0&apos;, revision: &apos;e59cfb3&apos;, time: &apos;2018-03-11T20:26:55.152Z&apos;
System info: host: &apos;LAPTOP-Q18VUQ5U&apos;, ip: &apos;5.5.26.186&apos;, os.name: &apos;Windows 10&apos;, os.arch: &apos;amd64&apos;, os.version: &apos;10.0&apos;, java.version: &apos;1.8.0_201&apos;
Driver info: org.openqa.selenium.chrome.ChromeDriver
Capabilities {acceptInsecureCerts: false, acceptSslCerts: false, applicationCacheEnabled: false, browserConnectionEnabled: false, browserName: chrome, chrome: {chromedriverVersion: 2.36.540470 (e522d04694c7eb..., userDataDir: C:\Users\PREETI~1\AppData\L...}, cssSelectorsEnabled: true, databaseEnabled: false, handlesAlerts: true, hasTouchScreen: false, javascriptEnabled: true, locationContextEnabled: true, mobileEmulationEnabled: false, nativeEvents: true, networkConnectionEnabled: false, pageLoadStrategy: normal, platform: XP, platformName: XP, rotatable: false, setWindowRect: true, takesHeapSnapshot: true, takesScreenshot: true, unexpectedAlertBehaviour: , unhandledPromptBehavior: , version: 80.0.3987.163, webStorageEnabled: true}
Session ID: 22d5c50d3fdf84183fc288eb1c239505
*** Element info: {Using=xpath, value=//span[@class=&apos;pull-left ng-binding&apos;][contains(text(),&apos;Showing&apos;)]}
	at sun.reflect.NativeConstructorAccessorImpl.newInstance0(Native Method)
	at sun.reflect.NativeConstructorAccessorImpl.newInstance(Unknown Source)
	at sun.reflect.DelegatingConstructorAccessorImpl.newInstance(Unknown Source)
	at java.lang.reflect.Constructor.newInstance(Unknown Source)
	at org.openqa.selenium.remote.ErrorHandler.createThrowable(ErrorHandler.java:214)
	at org.openqa.selenium.remote.ErrorHandler.throwIfResponseFailed(ErrorHandler.java:166)
	at org.openqa.selenium.remote.http.JsonHttpResponseCodec.reconstructValue(JsonHttpResponseCodec.java:40)
	at org.openqa.selenium.remote.http.AbstractHttpResponseCodec.decode(AbstractHttpResponseCodec.java:80)
	at org.openqa.selenium.remote.http.AbstractHttpResponseCodec.decode(AbstractHttpResponseCodec.java:44)
	at org.openqa.selenium.remote.HttpCommandExecutor.execute(HttpCommandExecutor.java:158)
	at org.openqa.selenium.remote.service.DriverCommandExecutor.execute(DriverCommandExecutor.java:83)
	at org.openqa.selenium.remote.RemoteWebDriver.execute(RemoteWebDriver.java:545)
	at org.openqa.selenium.remote.RemoteWebDriver.findElement(RemoteWebDriver.java:319)
	at org.openqa.selenium.remote.RemoteWebDriver.findElementByXPath(RemoteWebDriver.java:421)
	at org.openqa.selenium.By$ByXPath.findElement(By.java:361)
	at org.openqa.selenium.remote.RemoteWebDriver.findElement(RemoteWebDriver.java:311)
	at org.openqa.selenium.support.pagefactory.DefaultElementLocator.findElement(DefaultElementLocator.java:69)
	at org.openqa.selenium.support.pagefactory.internal.LocatingElementHandler.invoke(LocatingElementHandler.java:38)
	at com.sun.proxy.$Proxy16.isDisplayed(Unknown Source)
	at org.openqa.selenium.support.ui.ExpectedConditions.elementIfVisible(ExpectedConditions.java:315)
	at org.openqa.selenium.support.ui.ExpectedConditions.access$100(ExpectedConditions.java:44)
	at org.openqa.selenium.support.ui.ExpectedConditions$10.apply(ExpectedConditions.java:301)
	at org.openqa.selenium.support.ui.ExpectedConditions$10.apply(ExpectedConditions.java:298)
	at org.openqa.selenium.support.ui.FluentWait.until(FluentWait.java:248)
	... 22 more
</pre></div></td>
<td>123</td>
<td>tests.TrackingNumberSettingsTest@146044d7</td></tr>
<tr>
<td title='tests.CallDetailReportTest.dateRangeFilterForLast30days()'><b>dateRangeFilterForLast30days</b><br>Test class: tests.CallDetailReportTest</td>
<td><div><pre>java.lang.NullPointerException
	at pom.CallDetailsReport_Page.dateRangeFilter(CallDetailsReport_Page.java:687)
	at tests.CallDetailReportTest.dateRangeFilterForLast30days(CallDetailReportTest.java:262)
	at java.util.concurrent.FutureTask.run(Unknown Source)
	at java.util.concurrent.ThreadPoolExecutor.runWorker(Unknown Source)
	at java.util.concurrent.ThreadPoolExecutor$Worker.run(Unknown Source)
	at java.lang.Thread.run(Unknown Source)
... Removed 16 stack frames</pre></div><a href='#' onClick='toggleBox("stack-trace927641886", this, "Click to show all stack frames", "Click to hide stack frames")'>Click to show all stack frames</a>
<div class='stack-trace' id='stack-trace927641886'><pre>java.lang.NullPointerException
	at pom.CallDetailsReport_Page.dateRangeFilter(CallDetailsReport_Page.java:687)
	at tests.CallDetailReportTest.dateRangeFilterForLast30days(CallDetailReportTest.java:262)
	at sun.reflect.NativeMethodAccessorImpl.invoke0(Native Method)
	at sun.reflect.NativeMethodAccessorImpl.invoke(Unknown Source)
	at sun.reflect.DelegatingMethodAccessorImpl.invoke(Unknown Source)
	at java.lang.reflect.Method.invoke(Unknown Source)
	at org.testng.internal.MethodInvocationHelper.invokeMethod(MethodInvocationHelper.java:86)
	at org.testng.internal.Invoker.invokeMethod(Invoker.java:643)
	at org.testng.internal.Invoker.invokeTestMethod(Invoker.java:820)
	at org.testng.internal.Invoker.invokeTestMethods(Invoker.java:1128)
	at org.testng.internal.TestMethodWorker.invokeTestMethods(TestMethodWorker.java:129)
	at org.testng.internal.TestMethodWorker.run(TestMethodWorker.java:112)
	at org.testng.TestRunner.privateRun(TestRunner.java:782)
	at org.testng.TestRunner.run(TestRunner.java:632)
	at org.testng.SuiteRunner.runTest(SuiteRunner.java:366)
	at org.testng.SuiteRunner.access$000(SuiteRunner.java:39)
	at org.testng.SuiteRunner$SuiteWorker.run(SuiteRunner.java:400)
	at org.testng.internal.thread.ThreadUtil$2.call(ThreadUtil.java:64)
	at java.util.concurrent.FutureTask.run(Unknown Source)
	at java.util.concurrent.ThreadPoolExecutor.runWorker(Unknown Source)
	at java.util.concurrent.ThreadPoolExecutor$Worker.run(Unknown Source)
	at java.lang.Thread.run(Unknown Source)
</pre></div></td>
<td>7</td>
<td>tests.CallDetailReportTest@59717824</td></tr>
<tr>
<td title='tests.CallDetailReportTest.dateRangeFilterForLast7days()'><b>dateRangeFilterForLast7days</b><br>Test class: tests.CallDetailReportTest</td>
<td><div><pre>java.lang.NullPointerException
	at pom.CallDetailsReport_Page.dateRangeFilter(CallDetailsReport_Page.java:687)
	at tests.CallDetailReportTest.dateRangeFilterForLast7days(CallDetailReportTest.java:252)
	at java.util.concurrent.FutureTask.run(Unknown Source)
	at java.util.concurrent.ThreadPoolExecutor.runWorker(Unknown Source)
	at java.util.concurrent.ThreadPoolExecutor$Worker.run(Unknown Source)
	at java.lang.Thread.run(Unknown Source)
... Removed 16 stack frames</pre></div><a href='#' onClick='toggleBox("stack-trace401017327", this, "Click to show all stack frames", "Click to hide stack frames")'>Click to show all stack frames</a>
<div class='stack-trace' id='stack-trace401017327'><pre>java.lang.NullPointerException
	at pom.CallDetailsReport_Page.dateRangeFilter(CallDetailsReport_Page.java:687)
	at tests.CallDetailReportTest.dateRangeFilterForLast7days(CallDetailReportTest.java:252)
	at sun.reflect.NativeMethodAccessorImpl.invoke0(Native Method)
	at sun.reflect.NativeMethodAccessorImpl.invoke(Unknown Source)
	at sun.reflect.DelegatingMethodAccessorImpl.invoke(Unknown Source)
	at java.lang.reflect.Method.invoke(Unknown Source)
	at org.testng.internal.MethodInvocationHelper.invokeMethod(MethodInvocationHelper.java:86)
	at org.testng.internal.Invoker.invokeMethod(Invoker.java:643)
	at org.testng.internal.Invoker.invokeTestMethod(Invoker.java:820)
	at org.testng.internal.Invoker.invokeTestMethods(Invoker.java:1128)
	at org.testng.internal.TestMethodWorker.invokeTestMethods(TestMethodWorker.java:129)
	at org.testng.internal.TestMethodWorker.run(TestMethodWorker.java:112)
	at org.testng.TestRunner.privateRun(TestRunner.java:782)
	at org.testng.TestRunner.run(TestRunner.java:632)
	at org.testng.SuiteRunner.runTest(SuiteRunner.java:366)
	at org.testng.SuiteRunner.access$000(SuiteRunner.java:39)
	at org.testng.SuiteRunner$SuiteWorker.run(SuiteRunner.java:400)
	at org.testng.internal.thread.ThreadUtil$2.call(ThreadUtil.java:64)
	at java.util.concurrent.FutureTask.run(Unknown Source)
	at java.util.concurrent.ThreadPoolExecutor.runWorker(Unknown Source)
	at java.util.concurrent.ThreadPoolExecutor$Worker.run(Unknown Source)
	at java.lang.Thread.run(Unknown Source)
</pre></div></td>
<td>3</td>
<td>tests.CallDetailReportTest@59717824</td></tr>
<tr>
<td title='tests.CallDetailReportTest.dateRangeFilterForToday()'><b>dateRangeFilterForToday</b><br>Test class: tests.CallDetailReportTest</td>
<td><div><pre>java.lang.NullPointerException
	at pom.CallDetailsReport_Page.dateRangeFilter(CallDetailsReport_Page.java:687)
	at tests.CallDetailReportTest.dateRangeFilterForToday(CallDetailReportTest.java:232)
	at java.util.concurrent.FutureTask.run(Unknown Source)
	at java.util.concurrent.ThreadPoolExecutor.runWorker(Unknown Source)
	at java.util.concurrent.ThreadPoolExecutor$Worker.run(Unknown Source)
	at java.lang.Thread.run(Unknown Source)
... Removed 16 stack frames</pre></div><a href='#' onClick='toggleBox("stack-trace1698502534", this, "Click to show all stack frames", "Click to hide stack frames")'>Click to show all stack frames</a>
<div class='stack-trace' id='stack-trace1698502534'><pre>java.lang.NullPointerException
	at pom.CallDetailsReport_Page.dateRangeFilter(CallDetailsReport_Page.java:687)
	at tests.CallDetailReportTest.dateRangeFilterForToday(CallDetailReportTest.java:232)
	at sun.reflect.NativeMethodAccessorImpl.invoke0(Native Method)
	at sun.reflect.NativeMethodAccessorImpl.invoke(Unknown Source)
	at sun.reflect.DelegatingMethodAccessorImpl.invoke(Unknown Source)
	at java.lang.reflect.Method.invoke(Unknown Source)
	at org.testng.internal.MethodInvocationHelper.invokeMethod(MethodInvocationHelper.java:86)
	at org.testng.internal.Invoker.invokeMethod(Invoker.java:643)
	at org.testng.internal.Invoker.invokeTestMethod(Invoker.java:820)
	at org.testng.internal.Invoker.invokeTestMethods(Invoker.java:1128)
	at org.testng.internal.TestMethodWorker.invokeTestMethods(TestMethodWorker.java:129)
	at org.testng.internal.TestMethodWorker.run(TestMethodWorker.java:112)
	at org.testng.TestRunner.privateRun(TestRunner.java:782)
	at org.testng.TestRunner.run(TestRunner.java:632)
	at org.testng.SuiteRunner.runTest(SuiteRunner.java:366)
	at org.testng.SuiteRunner.access$000(SuiteRunner.java:39)
	at org.testng.SuiteRunner$SuiteWorker.run(SuiteRunner.java:400)
	at org.testng.internal.thread.ThreadUtil$2.call(ThreadUtil.java:64)
	at java.util.concurrent.FutureTask.run(Unknown Source)
	at java.util.concurrent.ThreadPoolExecutor.runWorker(Unknown Source)
	at java.util.concurrent.ThreadPoolExecutor$Worker.run(Unknown Source)
	at java.lang.Thread.run(Unknown Source)
</pre></div></td>
<td>3</td>
<td>tests.CallDetailReportTest@59717824</td></tr>
<tr>
<td title='tests.CallDetailReportTest.dateRangeFilterForYesterday()'><b>dateRangeFilterForYesterday</b><br>Test class: tests.CallDetailReportTest</td>
<td><div><pre>java.lang.NullPointerException
	at pom.CallDetailsReport_Page.dateRangeFilter(CallDetailsReport_Page.java:687)
	at tests.CallDetailReportTest.dateRangeFilterForYesterday(CallDetailReportTest.java:242)
	at java.util.concurrent.FutureTask.run(Unknown Source)
	at java.util.concurrent.ThreadPoolExecutor.runWorker(Unknown Source)
	at java.util.concurrent.ThreadPoolExecutor$Worker.run(Unknown Source)
	at java.lang.Thread.run(Unknown Source)
... Removed 16 stack frames</pre></div><a href='#' onClick='toggleBox("stack-trace141101219", this, "Click to show all stack frames", "Click to hide stack frames")'>Click to show all stack frames</a>
<div class='stack-trace' id='stack-trace141101219'><pre>java.lang.NullPointerException
	at pom.CallDetailsReport_Page.dateRangeFilter(CallDetailsReport_Page.java:687)
	at tests.CallDetailReportTest.dateRangeFilterForYesterday(CallDetailReportTest.java:242)
	at sun.reflect.NativeMethodAccessorImpl.invoke0(Native Method)
	at sun.reflect.NativeMethodAccessorImpl.invoke(Unknown Source)
	at sun.reflect.DelegatingMethodAccessorImpl.invoke(Unknown Source)
	at java.lang.reflect.Method.invoke(Unknown Source)
	at org.testng.internal.MethodInvocationHelper.invokeMethod(MethodInvocationHelper.java:86)
	at org.testng.internal.Invoker.invokeMethod(Invoker.java:643)
	at org.testng.internal.Invoker.invokeTestMethod(Invoker.java:820)
	at org.testng.internal.Invoker.invokeTestMethods(Invoker.java:1128)
	at org.testng.internal.TestMethodWorker.invokeTestMethods(TestMethodWorker.java:129)
	at org.testng.internal.TestMethodWorker.run(TestMethodWorker.java:112)
	at org.testng.TestRunner.privateRun(TestRunner.java:782)
	at org.testng.TestRunner.run(TestRunner.java:632)
	at org.testng.SuiteRunner.runTest(SuiteRunner.java:366)
	at org.testng.SuiteRunner.access$000(SuiteRunner.java:39)
	at org.testng.SuiteRunner$SuiteWorker.run(SuiteRunner.java:400)
	at org.testng.internal.thread.ThreadUtil$2.call(ThreadUtil.java:64)
	at java.util.concurrent.FutureTask.run(Unknown Source)
	at java.util.concurrent.ThreadPoolExecutor.runWorker(Unknown Source)
	at java.util.concurrent.ThreadPoolExecutor$Worker.run(Unknown Source)
	at java.lang.Thread.run(Unknown Source)
</pre></div></td>
<td>2</td>
<td>tests.CallDetailReportTest@59717824</td></tr>
<tr>
<td title='tests.GroupActivityReportTest.tileCountVerification()'><b>tileCountVerification</b><br>Test class: tests.GroupActivityReportTest</td>
<td><div><pre>java.lang.AssertionError: The following asserts failed:
	total_call_count_from_ui is not matching with db expected [true] but found [false]
	at pom.GroupActivityReportsPage.tileCountVerification(GroupActivityReportsPage.java:429)
	at tests.GroupActivityReportTest.tileCountVerification(GroupActivityReportTest.java:66)
	at java.util.concurrent.FutureTask.run(Unknown Source)
	at java.util.concurrent.ThreadPoolExecutor.runWorker(Unknown Source)
	at java.util.concurrent.ThreadPoolExecutor$Worker.run(Unknown Source)
	at java.lang.Thread.run(Unknown Source)
... Removed 17 stack frames</pre></div><a href='#' onClick='toggleBox("stack-trace517758376", this, "Click to show all stack frames", "Click to hide stack frames")'>Click to show all stack frames</a>
<div class='stack-trace' id='stack-trace517758376'><pre>java.lang.AssertionError: The following asserts failed:
	total_call_count_from_ui is not matching with db expected [true] but found [false]
	at org.testng.asserts.SoftAssert.assertAll(SoftAssert.java:43)
	at pom.GroupActivityReportsPage.tileCountVerification(GroupActivityReportsPage.java:429)
	at tests.GroupActivityReportTest.tileCountVerification(GroupActivityReportTest.java:66)
	at sun.reflect.NativeMethodAccessorImpl.invoke0(Native Method)
	at sun.reflect.NativeMethodAccessorImpl.invoke(Unknown Source)
	at sun.reflect.DelegatingMethodAccessorImpl.invoke(Unknown Source)
	at java.lang.reflect.Method.invoke(Unknown Source)
	at org.testng.internal.MethodInvocationHelper.invokeMethod(MethodInvocationHelper.java:86)
	at org.testng.internal.Invoker.invokeMethod(Invoker.java:643)
	at org.testng.internal.Invoker.invokeTestMethod(Invoker.java:820)
	at org.testng.internal.Invoker.invokeTestMethods(Invoker.java:1128)
	at org.testng.internal.TestMethodWorker.invokeTestMethods(TestMethodWorker.java:129)
	at org.testng.internal.TestMethodWorker.run(TestMethodWorker.java:112)
	at org.testng.TestRunner.privateRun(TestRunner.java:782)
	at org.testng.TestRunner.run(TestRunner.java:632)
	at org.testng.SuiteRunner.runTest(SuiteRunner.java:366)
	at org.testng.SuiteRunner.access$000(SuiteRunner.java:39)
	at org.testng.SuiteRunner$SuiteWorker.run(SuiteRunner.java:400)
	at org.testng.internal.thread.ThreadUtil$2.call(ThreadUtil.java:64)
	at java.util.concurrent.FutureTask.run(Unknown Source)
	at java.util.concurrent.ThreadPoolExecutor.runWorker(Unknown Source)
	at java.util.concurrent.ThreadPoolExecutor$Worker.run(Unknown Source)
	at java.lang.Thread.run(Unknown Source)
</pre></div></td>
<td>16</td>
<td>tests.GroupActivityReportTest@1e9e725a</td></tr>
<tr>
<td title='tests.HomeTest.tiles_count_verification_UI()'><b>tiles_count_verification_UI</b><br>Test class: tests.HomeTest</td>
<td><div><pre>java.lang.AssertionError: The following asserts failed:
	total_call_count_from_ui is not matching with db expected [true] but found [false]
	at pom.HomePage.tilesCount(HomePage.java:493)
	at tests.HomeTest.tiles_count_verification_UI(HomeTest.java:55)
	at java.util.concurrent.FutureTask.run(Unknown Source)
	at java.util.concurrent.ThreadPoolExecutor.runWorker(Unknown Source)
	at java.util.concurrent.ThreadPoolExecutor$Worker.run(Unknown Source)
	at java.lang.Thread.run(Unknown Source)
... Removed 17 stack frames</pre></div><a href='#' onClick='toggleBox("stack-trace1463826314", this, "Click to show all stack frames", "Click to hide stack frames")'>Click to show all stack frames</a>
<div class='stack-trace' id='stack-trace1463826314'><pre>java.lang.AssertionError: The following asserts failed:
	total_call_count_from_ui is not matching with db expected [true] but found [false]
	at org.testng.asserts.SoftAssert.assertAll(SoftAssert.java:43)
	at pom.HomePage.tilesCount(HomePage.java:493)
	at tests.HomeTest.tiles_count_verification_UI(HomeTest.java:55)
	at sun.reflect.NativeMethodAccessorImpl.invoke0(Native Method)
	at sun.reflect.NativeMethodAccessorImpl.invoke(Unknown Source)
	at sun.reflect.DelegatingMethodAccessorImpl.invoke(Unknown Source)
	at java.lang.reflect.Method.invoke(Unknown Source)
	at org.testng.internal.MethodInvocationHelper.invokeMethod(MethodInvocationHelper.java:86)
	at org.testng.internal.Invoker.invokeMethod(Invoker.java:643)
	at org.testng.internal.Invoker.invokeTestMethod(Invoker.java:820)
	at org.testng.internal.Invoker.invokeTestMethods(Invoker.java:1128)
	at org.testng.internal.TestMethodWorker.invokeTestMethods(TestMethodWorker.java:129)
	at org.testng.internal.TestMethodWorker.run(TestMethodWorker.java:112)
	at org.testng.TestRunner.privateRun(TestRunner.java:782)
	at org.testng.TestRunner.run(TestRunner.java:632)
	at org.testng.SuiteRunner.runTest(SuiteRunner.java:366)
	at org.testng.SuiteRunner.access$000(SuiteRunner.java:39)
	at org.testng.SuiteRunner$SuiteWorker.run(SuiteRunner.java:400)
	at org.testng.internal.thread.ThreadUtil$2.call(ThreadUtil.java:64)
	at java.util.concurrent.FutureTask.run(Unknown Source)
	at java.util.concurrent.ThreadPoolExecutor.runWorker(Unknown Source)
	at java.util.concurrent.ThreadPoolExecutor$Worker.run(Unknown Source)
	at java.lang.Thread.run(Unknown Source)
</pre></div></td>
<td>10</td>
<td>tests.HomeTest@49070868</td></tr>
</table><p>
<table width='100%' border='1' class='invocation-passed'>
<tr><td colspan='4' align='center'><b>PASSED TESTS</b></td></tr>
<tr><td><b>Test method</b></td>
<td width="30%"><b>Exception</b></td>
<td width="10%"><b>Time (seconds)</b></td>
<td><b>Instance</b></td>
</tr>
<tr>
<td title='tests.CamapignUIVerificationTest.CampaignAndTrackingNumberPage_UI_Verification()'><b>CampaignAndTrackingNumberPage_UI_Verification</b><br>Test class: tests.CamapignUIVerificationTest</td>
<td></td>
<td>9</td>
<td>tests.CamapignUIVerificationTest@6385cb26</td></tr>
<tr>
<td title='tests.TrackingNumberTest.GeoRouteTrakingNumberCreation()'><b>GeoRouteTrakingNumberCreation</b><br>Test class: tests.TrackingNumberTest</td>
<td></td>
<td>85</td>
<td>tests.TrackingNumberTest@28c4711c</td></tr>
<tr>
<td title='tests.TrackingNumberTest.GeoRouteTrakingNumberDeletion()'><b>GeoRouteTrakingNumberDeletion</b><br>Test class: tests.TrackingNumberTest</td>
<td></td>
<td>6</td>
<td>tests.TrackingNumberTest@28c4711c</td></tr>
<tr>
<td title='tests.TrackingNumberTest.IVRCreation()'><b>IVRCreation</b><br>Test class: tests.TrackingNumberTest</td>
<td></td>
<td>470</td>
<td>tests.TrackingNumberTest@28c4711c</td></tr>
<tr>
<td title='tests.TrackingNumberTest.IVRDeletion()'><b>IVRDeletion</b><br>Test class: tests.TrackingNumberTest</td>
<td></td>
<td>7</td>
<td>tests.TrackingNumberTest@28c4711c</td></tr>
<tr>
<td title='tests.LoginTest.UIVerification_forgot_passowrd_page()'><b>UIVerification_forgot_passowrd_page</b><br>Test class: tests.LoginTest</td>
<td></td>
<td>2</td>
<td>tests.LoginTest@27c6e487</td></tr>
<tr>
<td title='tests.GroupActivityReportTest.advancedFilterForAnweredCalls()'><b>advancedFilterForAnweredCalls</b><br>Test class: tests.GroupActivityReportTest</td>
<td></td>
<td>9</td>
<td>tests.GroupActivityReportTest@1e9e725a</td></tr>
<tr>
<td title='tests.CallDetailReportTest.advancedFilterForCallerID()'><b>advancedFilterForCallerID</b><br>Test class: tests.CallDetailReportTest</td>
<td></td>
<td>5</td>
<td>tests.CallDetailReportTest@59717824</td></tr>
<tr>
<td title='tests.GroupActivityReportTest.advancedFilterForCalls()'><b>advancedFilterForCalls</b><br>Test class: tests.GroupActivityReportTest</td>
<td></td>
<td>11</td>
<td>tests.GroupActivityReportTest@1e9e725a</td></tr>
<tr>
<td title='tests.TrackingNumberSettingsTest.advancedFilterForCampaignName()'><b>advancedFilterForCampaignName</b><br>Test class: tests.TrackingNumberSettingsTest</td>
<td></td>
<td>7</td>
<td>tests.TrackingNumberSettingsTest@146044d7</td></tr>
<tr>
<td title='tests.GroupActivityReportTest.advancedFilterForConversion()'><b>advancedFilterForConversion</b><br>Test class: tests.GroupActivityReportTest</td>
<td></td>
<td>10</td>
<td>tests.GroupActivityReportTest@1e9e725a</td></tr>
<tr>
<td title='tests.CallDetailReportTest.advancedFilterForDuration()'><b>advancedFilterForDuration</b><br>Test class: tests.CallDetailReportTest</td>
<td></td>
<td>4</td>
<td>tests.CallDetailReportTest@59717824</td></tr>
<tr>
<td title='tests.CallDetailReportTest.advancedFilterForGroupName()'><b>advancedFilterForGroupName</b><br>Test class: tests.CallDetailReportTest</td>
<td></td>
<td>15</td>
<td>tests.CallDetailReportTest@59717824</td></tr>
<tr>
<td title='tests.GroupActivityReportTest.advancedFilterForGroupName()'><b>advancedFilterForGroupName</b><br>Test class: tests.GroupActivityReportTest</td>
<td></td>
<td>3</td>
<td>tests.GroupActivityReportTest@1e9e725a</td></tr>
<tr>
<td title='tests.GroupActivityReportTest.advancedFilterForLeads()'><b>advancedFilterForLeads</b><br>Test class: tests.GroupActivityReportTest</td>
<td></td>
<td>10</td>
<td>tests.GroupActivityReportTest@1e9e725a</td></tr>
<tr>
<td title='tests.CallDetailReportTest.advancedFilterForLineType()'><b>advancedFilterForLineType</b><br>Test class: tests.CallDetailReportTest</td>
<td></td>
<td>14</td>
<td>tests.CallDetailReportTest@59717824</td></tr>
<tr>
<td title='tests.TrackingNumberSettingsTest.advancedFilterForTrackingNumber()'><b>advancedFilterForTrackingNumber</b><br>Test class: tests.TrackingNumberSettingsTest</td>
<td></td>
<td>3</td>
<td>tests.TrackingNumberSettingsTest@146044d7</td></tr>
<tr>
<td title='tests.TrackingNumberSettingsTest.advancedFilterForTrackingNumberName()'><b>advancedFilterForTrackingNumberName</b><br>Test class: tests.TrackingNumberSettingsTest</td>
<td></td>
<td>53</td>
<td>tests.TrackingNumberSettingsTest@146044d7</td></tr>
<tr>
<td title='tests.CallDetailReportTest.advancedFilterUI()'><b>advancedFilterUI</b><br>Test class: tests.CallDetailReportTest</td>
<td></td>
<td>34</td>
<td>tests.CallDetailReportTest@59717824</td></tr>
<tr>
<td title='tests.TrackingNumberSettingsTest.advancedFilterUI()'><b>advancedFilterUI</b><br>Test class: tests.TrackingNumberSettingsTest</td>
<td></td>
<td>30</td>
<td>tests.TrackingNumberSettingsTest@146044d7</td></tr>
<tr>
<td title='tests.GroupActivityReportTest.advancedFilterUI()'><b>advancedFilterUI</b><br>Test class: tests.GroupActivityReportTest</td>
<td></td>
<td>6</td>
<td>tests.GroupActivityReportTest@1e9e725a</td></tr>
<tr>
<td title='tests.CallDetailReportTest.allColumnPickerCheckboxesClickable()'><b>allColumnPickerCheckboxesClickable</b><br>Test class: tests.CallDetailReportTest</td>
<td></td>
<td>2</td>
<td>tests.CallDetailReportTest@59717824</td></tr>
<tr>
<td title='tests.TrackingNumberSettingsTest.allColumnPickerCheckboxesClickable()'><b>allColumnPickerCheckboxesClickable</b><br>Test class: tests.TrackingNumberSettingsTest</td>
<td></td>
<td>2</td>
<td>tests.TrackingNumberSettingsTest@146044d7</td></tr>
<tr>
<td title='tests.GroupActivityReportTest.allColumnPickerCheckboxesClickable()'><b>allColumnPickerCheckboxesClickable</b><br>Test class: tests.GroupActivityReportTest</td>
<td></td>
<td>1</td>
<td>tests.GroupActivityReportTest@1e9e725a</td></tr>
<tr>
<td title='tests.CamapignUIVerificationTest.allColumnsDisplayed()'><b>allColumnsDisplayed</b><br>Test class: tests.CamapignUIVerificationTest</td>
<td></td>
<td>78</td>
<td>tests.CamapignUIVerificationTest@6385cb26</td></tr>
<tr>
<td title='tests.CallDetailReportTest.audioPlayerOpen()'><b>audioPlayerOpen</b><br>Test class: tests.CallDetailReportTest</td>
<td></td>
<td>0</td>
<td>tests.CallDetailReportTest@59717824</td></tr>
<tr>
<td title='tests.TrackingNumberSettingsTest.basicFilterFeatureForAdSource()'><b>basicFilterFeatureForAdSource</b><br>Test class: tests.TrackingNumberSettingsTest</td>
<td></td>
<td>7</td>
<td>tests.TrackingNumberSettingsTest@146044d7</td></tr>
<tr>
<td title='tests.TrackingNumberSettingsTest.basicFilterFeatureForCampaignName()'><b>basicFilterFeatureForCampaignName</b><br>Test class: tests.TrackingNumberSettingsTest</td>
<td></td>
<td>8</td>
<td>tests.TrackingNumberSettingsTest@146044d7</td></tr>
<tr>
<td title='tests.TrackingNumberSettingsTest.basicFilterFeatureForTrackingNumber()'><b>basicFilterFeatureForTrackingNumber</b><br>Test class: tests.TrackingNumberSettingsTest</td>
<td></td>
<td>10</td>
<td>tests.TrackingNumberSettingsTest@146044d7</td></tr>
<tr>
<td title='tests.TrackingNumberSettingsTest.basicFilterFeatureForType()'><b>basicFilterFeatureForType</b><br>Test class: tests.TrackingNumberSettingsTest</td>
<td></td>
<td>133</td>
<td>tests.TrackingNumberSettingsTest@146044d7</td></tr>
<tr>
<td title='tests.CallDetailReportTest.basicFilterForAdSource()'><b>basicFilterForAdSource</b><br>Test class: tests.CallDetailReportTest</td>
<td></td>
<td>8</td>
<td>tests.CallDetailReportTest@59717824</td></tr>
<tr>
<td title='tests.CallDetailReportTest.basicFilterForCaller_ID()'><b>basicFilterForCaller_ID</b><br>Test class: tests.CallDetailReportTest</td>
<td></td>
<td>3</td>
<td>tests.CallDetailReportTest@59717824</td></tr>
<tr>
<td title='tests.CallDetailReportTest.basicFilterForDisposition()'><b>basicFilterForDisposition</b><br>Test class: tests.CallDetailReportTest</td>
<td></td>
<td>15</td>
<td>tests.CallDetailReportTest@59717824</td></tr>
<tr>
<td title='tests.CallDetailReportTest.basicFilterForDuration()'><b>basicFilterForDuration</b><br>Test class: tests.CallDetailReportTest</td>
<td></td>
<td>9</td>
<td>tests.CallDetailReportTest@59717824</td></tr>
<tr>
<td title='tests.CallDetailReportTest.basicFilterForGroupName()'><b>basicFilterForGroupName</b><br>Test class: tests.CallDetailReportTest</td>
<td></td>
<td>15</td>
<td>tests.CallDetailReportTest@59717824</td></tr>
<tr>
<td title='tests.GroupActivityReportTest.basicFilterForGroupName()'><b>basicFilterForGroupName</b><br>Test class: tests.GroupActivityReportTest</td>
<td></td>
<td>8</td>
<td>tests.GroupActivityReportTest@1e9e725a</td></tr>
<tr>
<td title='tests.CallDetailReportTest.basicFilterForTrackingNumber()'><b>basicFilterForTrackingNumber</b><br>Test class: tests.CallDetailReportTest</td>
<td></td>
<td>5</td>
<td>tests.CallDetailReportTest@59717824</td></tr>
<tr>
<td title='tests.CampaignTests.campaignBuilderPage_UI_Verification()'><b>campaignBuilderPage_UI_Verification</b><br>Test class: tests.CampaignTests</td>
<td></td>
<td>7</td>
<td>tests.CampaignTests@38364841</td></tr>
<tr>
<td title='tests.CampaignTests.campaignCreationWithFutureStartDateAndFutureEndDate()'><b>campaignCreationWithFutureStartDateAndFutureEndDate</b><br>Test class: tests.CampaignTests</td>
<td></td>
<td>12</td>
<td>tests.CampaignTests@38364841</td></tr>
<tr>
<td title='tests.CampaignTests.campaignCreationWithFutureStartDateAndNeverEndDate()'><b>campaignCreationWithFutureStartDateAndNeverEndDate</b><br>Test class: tests.CampaignTests</td>
<td></td>
<td>12</td>
<td>tests.CampaignTests@38364841</td></tr>
<tr>
<td title='tests.CampaignTests.campaignCreationWithPastTime()'><b>campaignCreationWithPastTime</b><br>Test class: tests.CampaignTests</td>
<td></td>
<td>8</td>
<td>tests.CampaignTests@38364841</td></tr>
<tr>
<td title='tests.CampaignTests.campaignDefaultOwnerValidation()'><b>campaignDefaultOwnerValidation</b><br>Test class: tests.CampaignTests</td>
<td></td>
<td>7</td>
<td>tests.CampaignTests@38364841</td></tr>
<tr>
<td title='tests.CampaignTests.campaignUpdationWithFutureStartDateAndFutureEndDate()'><b>campaignUpdationWithFutureStartDateAndFutureEndDate</b><br>Test class: tests.CampaignTests</td>
<td></td>
<td>42</td>
<td>tests.CampaignTests@38364841</td></tr>
<tr>
<td title='tests.CampaignTests.campaignUpdationWithFutureStartDateAndNeverEndDate()'><b>campaignUpdationWithFutureStartDateAndNeverEndDate</b><br>Test class: tests.CampaignTests</td>
<td></td>
<td>41</td>
<td>tests.CampaignTests@38364841</td></tr>
<tr>
<td title='tests.CampaignTests.campaign_Creation_With_externalID()'><b>campaign_Creation_With_externalID</b><br>Test class: tests.CampaignTests</td>
<td></td>
<td>11</td>
<td>tests.CampaignTests@38364841</td></tr>
<tr>
<td title='tests.CampaignTests.campaign_Creation_Without_externalID()'><b>campaign_Creation_Without_externalID</b><br>Test class: tests.CampaignTests</td>
<td></td>
<td>8</td>
<td>tests.CampaignTests@38364841</td></tr>
<tr>
<td title='tests.CampaignTests.campaign_deletion_With_externalID()'><b>campaign_deletion_With_externalID</b><br>Test class: tests.CampaignTests</td>
<td></td>
<td>5</td>
<td>tests.CampaignTests@38364841</td></tr>
<tr>
<td title='tests.CampaignTests.campaign_deletion_With_futureStartDate()'><b>campaign_deletion_With_futureStartDate</b><br>Test class: tests.CampaignTests</td>
<td></td>
<td>5</td>
<td>tests.CampaignTests@38364841</td></tr>
<tr>
<td title='tests.CampaignTests.campaign_deletion_With_futureStartDateAndFutureEndDate()'><b>campaign_deletion_With_futureStartDateAndFutureEndDate</b><br>Test class: tests.CampaignTests</td>
<td></td>
<td>5</td>
<td>tests.CampaignTests@38364841</td></tr>
<tr>
<td title='tests.CampaignTests.campaign_deletion_Without_externalID()'><b>campaign_deletion_Without_externalID</b><br>Test class: tests.CampaignTests</td>
<td></td>
<td>6</td>
<td>tests.CampaignTests@38364841</td></tr>
<tr>
<td title='tests.CampaignTests.campaign_updation_With_externalID()'><b>campaign_updation_With_externalID</b><br>Test class: tests.CampaignTests</td>
<td></td>
<td>40</td>
<td>tests.CampaignTests@38364841</td></tr>
<tr>
<td title='tests.CampaignTests.campaign_updation_Without_externalID()'><b>campaign_updation_Without_externalID</b><br>Test class: tests.CampaignTests</td>
<td></td>
<td>39</td>
<td>tests.CampaignTests@38364841</td></tr>
<tr>
<td title='tests.CallDetailReportTest.columnPickerFeature()'><b>columnPickerFeature</b><br>Test class: tests.CallDetailReportTest</td>
<td></td>
<td>34</td>
<td>tests.CallDetailReportTest@59717824</td></tr>
<tr>
<td title='tests.TrackingNumberSettingsTest.columnPickerFeature()'><b>columnPickerFeature</b><br>Test class: tests.TrackingNumberSettingsTest</td>
<td></td>
<td>31</td>
<td>tests.TrackingNumberSettingsTest@146044d7</td></tr>
<tr>
<td title='tests.CallDetailReportTest.commentSectionUIVerification()'><b>commentSectionUIVerification</b><br>Test class: tests.CallDetailReportTest</td>
<td></td>
<td>0</td>
<td>tests.CallDetailReportTest@59717824</td></tr>
<tr>
<td title='tests.GroupActivityReportTest.dateRangeFilterForLast30Days()'><b>dateRangeFilterForLast30Days</b><br>Test class: tests.GroupActivityReportTest</td>
<td></td>
<td>2</td>
<td>tests.GroupActivityReportTest@1e9e725a</td></tr>
<tr>
<td title='tests.GroupActivityReportTest.dateRangeFilterForLast7Days()'><b>dateRangeFilterForLast7Days</b><br>Test class: tests.GroupActivityReportTest</td>
<td></td>
<td>2</td>
<td>tests.GroupActivityReportTest@1e9e725a</td></tr>
<tr>
<td title='tests.GroupActivityReportTest.dateRangeFilterForToday()'><b>dateRangeFilterForToday</b><br>Test class: tests.GroupActivityReportTest</td>
<td></td>
<td>2</td>
<td>tests.GroupActivityReportTest@1e9e725a</td></tr>
<tr>
<td title='tests.GroupActivityReportTest.dateRangeFilterForYesterday()'><b>dateRangeFilterForYesterday</b><br>Test class: tests.GroupActivityReportTest</td>
<td></td>
<td>2</td>
<td>tests.GroupActivityReportTest@1e9e725a</td></tr>
<tr>
<td title='tests.GroupActivityReportTest.dateRangeFilterUIVerification()'><b>dateRangeFilterUIVerification</b><br>Test class: tests.GroupActivityReportTest</td>
<td></td>
<td>2</td>
<td>tests.GroupActivityReportTest@1e9e725a</td></tr>
<tr>
<td title='tests.CallDetailReportTest.defaultColumnPickerOptions()'><b>defaultColumnPickerOptions</b><br>Test class: tests.CallDetailReportTest</td>
<td></td>
<td>18</td>
<td>tests.CallDetailReportTest@59717824</td></tr>
<tr>
<td title='tests.TrackingNumberSettingsTest.defaultColumnPickerOptions()'><b>defaultColumnPickerOptions</b><br>Test class: tests.TrackingNumberSettingsTest</td>
<td></td>
<td>17</td>
<td>tests.TrackingNumberSettingsTest@146044d7</td></tr>
<tr>
<td title='tests.GroupActivityReportTest.defaultColumnPickerOptions()'><b>defaultColumnPickerOptions</b><br>Test class: tests.GroupActivityReportTest</td>
<td></td>
<td>5</td>
<td>tests.GroupActivityReportTest@1e9e725a</td></tr>
<tr>
<td title='tests.CamapignUIVerificationTest.defaultColumnsDisplayed()'><b>defaultColumnsDisplayed</b><br>Test class: tests.CamapignUIVerificationTest</td>
<td></td>
<td>9</td>
<td>tests.CamapignUIVerificationTest@6385cb26</td></tr>
<tr>
<td title='tests.CallDetailReportTest.defaultColumnsDisplayed()'><b>defaultColumnsDisplayed</b><br>Test class: tests.CallDetailReportTest</td>
<td></td>
<td>6</td>
<td>tests.CallDetailReportTest@59717824</td></tr>
<tr>
<td title='tests.TrackingNumberSettingsTest.defaultColumnsDisplayed()'><b>defaultColumnsDisplayed</b><br>Test class: tests.TrackingNumberSettingsTest</td>
<td></td>
<td>10</td>
<td>tests.TrackingNumberSettingsTest@146044d7</td></tr>
<tr>
<td title='tests.GroupActivityReportTest.defaultColumnsDisplayed()'><b>defaultColumnsDisplayed</b><br>Test class: tests.GroupActivityReportTest</td>
<td></td>
<td>2</td>
<td>tests.GroupActivityReportTest@1e9e725a</td></tr>
<tr>
<td title='tests.GroupActivityReportTest.defaultSecondaryGroupingOption()'><b>defaultSecondaryGroupingOption</b><br>Test class: tests.GroupActivityReportTest</td>
<td></td>
<td>0</td>
<td>tests.GroupActivityReportTest@1e9e725a</td></tr>
<tr>
<td title='tests.CallDetailReportTest.emailCallFeature()'><b>emailCallFeature</b><br>Test class: tests.CallDetailReportTest</td>
<td></td>
<td>5</td>
<td>tests.CallDetailReportTest@59717824</td></tr>
<tr>
<td title='tests.CallDetailReportTest.emailCallSectionUIVerification()'><b>emailCallSectionUIVerification</b><br>Test class: tests.CallDetailReportTest</td>
<td></td>
<td>1</td>
<td>tests.CallDetailReportTest@59717824</td></tr>
<tr>
<td title='tests.TrackingNumberTest.hangupTrakingNumberCreation()'><b>hangupTrakingNumberCreation</b><br>Test class: tests.TrackingNumberTest</td>
<td></td>
<td>77</td>
<td>tests.TrackingNumberTest@28c4711c</td></tr>
<tr>
<td title='tests.TrackingNumberTest.hangupTrakingNumberDeletion()'><b>hangupTrakingNumberDeletion</b><br>Test class: tests.TrackingNumberTest</td>
<td></td>
<td>7</td>
<td>tests.TrackingNumberTest@28c4711c</td></tr>
<tr>
<td title='tests.CallDetailReportTest.infoSectionUIVerification()'><b>infoSectionUIVerification</b><br>Test class: tests.CallDetailReportTest</td>
<td></td>
<td>1</td>
<td>tests.CallDetailReportTest@59717824</td></tr>
<tr>
<td title='tests.CallDetailReportTest.informationTagOpen()'><b>informationTagOpen</b><br>Test class: tests.CallDetailReportTest</td>
<td></td>
<td>0</td>
<td>tests.CallDetailReportTest@59717824</td></tr>
<tr>
<td title='tests.LoginTest.login_page_UI_Verification()'><b>login_page_UI_Verification</b><br>Test class: tests.LoginTest</td>
<td></td>
<td>0</td>
<td>tests.LoginTest@27c6e487</td></tr>
<tr>
<td title='tests.LoginTest.login_with_blank_password()'><b>login_with_blank_password</b><br>Test class: tests.LoginTest</td>
<td></td>
<td>0</td>
<td>tests.LoginTest@27c6e487</td></tr>
<tr>
<td title='tests.LoginTest.login_with_blank_username()'><b>login_with_blank_username</b><br>Test class: tests.LoginTest</td>
<td></td>
<td>0</td>
<td>tests.LoginTest@27c6e487</td></tr>
<tr>
<td title='tests.LoginTest.login_with_blank_username_and_password()'><b>login_with_blank_username_and_password</b><br>Test class: tests.LoginTest</td>
<td></td>
<td>0</td>
<td>tests.LoginTest@27c6e487</td></tr>
<tr>
<td title='tests.LoginTest.login_with_deleted_user()'><b>login_with_deleted_user</b><br>Test class: tests.LoginTest</td>
<td></td>
<td>0</td>
<td>tests.LoginTest@27c6e487</td></tr>
<tr>
<td title='tests.LoginTest.login_with_inactive_user()'><b>login_with_inactive_user</b><br>Test class: tests.LoginTest</td>
<td></td>
<td>0</td>
<td>tests.LoginTest@27c6e487</td></tr>
<tr>
<td title='tests.LoginTest.login_with_invalidate_cred()'><b>login_with_invalidate_cred</b><br>Test class: tests.LoginTest</td>
<td></td>
<td>1</td>
<td>tests.LoginTest@27c6e487</td></tr>
<tr>
<td title='tests.LoginTest.next_button_with_no_email_ID()'><b>next_button_with_no_email_ID</b><br>Test class: tests.LoginTest</td>
<td></td>
<td>0</td>
<td>tests.LoginTest@27c6e487</td></tr>
<tr>
<td title='tests.TrackingNumberTest.numberPoolCreation()'><b>numberPoolCreation</b><br>Test class: tests.TrackingNumberTest</td>
<td></td>
<td>105</td>
<td>tests.TrackingNumberTest@28c4711c</td></tr>
<tr>
<td title='tests.TrackingNumberTest.numberPoolDeletion()'><b>numberPoolDeletion</b><br>Test class: tests.TrackingNumberTest</td>
<td></td>
<td>8</td>
<td>tests.TrackingNumberTest@28c4711c</td></tr>
<tr>
<td title='tests.TrackingNumberTest.numberPoolUpdation()'><b>numberPoolUpdation</b><br>Test class: tests.TrackingNumberTest</td>
<td></td>
<td>8</td>
<td>tests.TrackingNumberTest@28c4711c</td></tr>
<tr>
<td title='tests.TrackingNumberTest.outboundTrakingNumberCreation()'><b>outboundTrakingNumberCreation</b><br>Test class: tests.TrackingNumberTest</td>
<td></td>
<td>78</td>
<td>tests.TrackingNumberTest@28c4711c</td></tr>
<tr>
<td title='tests.TrackingNumberTest.outboundTrakingNumberDeletion()'><b>outboundTrakingNumberDeletion</b><br>Test class: tests.TrackingNumberTest</td>
<td></td>
<td>7</td>
<td>tests.TrackingNumberTest@28c4711c</td></tr>
<tr>
<td title='tests.CallDetailReportTest.paginationCount()'><b>paginationCount</b><br>Test class: tests.CallDetailReportTest</td>
<td></td>
<td>1</td>
<td>tests.CallDetailReportTest@59717824</td></tr>
<tr>
<td title='tests.TrackingNumberSettingsTest.paginationCount()'><b>paginationCount</b><br>Test class: tests.TrackingNumberSettingsTest</td>
<td></td>
<td>1</td>
<td>tests.TrackingNumberSettingsTest@146044d7</td></tr>
<tr>
<td title='tests.GroupActivityReportTest.paginationCountVerification()'><b>paginationCountVerification</b><br>Test class: tests.GroupActivityReportTest</td>
<td></td>
<td>0</td>
<td>tests.GroupActivityReportTest@1e9e725a</td></tr>
<tr>
<td title='tests.GroupActivityReportTest.paginationToolboxUIVerification()'><b>paginationToolboxUIVerification</b><br>Test class: tests.GroupActivityReportTest</td>
<td></td>
<td>0</td>
<td>tests.GroupActivityReportTest@1e9e725a</td></tr>
<tr>
<td title='tests.CallDetailReportTest.paginationUI()'><b>paginationUI</b><br>Test class: tests.CallDetailReportTest</td>
<td></td>
<td>0</td>
<td>tests.CallDetailReportTest@59717824</td></tr>
<tr>
<td title='tests.TrackingNumberSettingsTest.paginationUIVerification()'><b>paginationUIVerification</b><br>Test class: tests.TrackingNumberSettingsTest</td>
<td></td>
<td>0</td>
<td>tests.TrackingNumberSettingsTest@146044d7</td></tr>
<tr>
<td title='tests.TrackingNumberTest.percentTrakingNumberCreation()'><b>percentTrakingNumberCreation</b><br>Test class: tests.TrackingNumberTest</td>
<td></td>
<td>86</td>
<td>tests.TrackingNumberTest@28c4711c</td></tr>
<tr>
<td title='tests.TrackingNumberTest.percentTrakingNumberDeletion()'><b>percentTrakingNumberDeletion</b><br>Test class: tests.TrackingNumberTest</td>
<td></td>
<td>7</td>
<td>tests.TrackingNumberTest@28c4711c</td></tr>
<tr>
<td title='tests.LoginTest.rememeber_me_functinonality()'><b>rememeber_me_functinonality</b><br>Test class: tests.LoginTest</td>
<td></td>
<td>5</td>
<td>tests.LoginTest@27c6e487</td></tr>
<tr>
<td title='tests.TrackingNumberTest.reserveNumberCreation()'><b>reserveNumberCreation</b><br>Test class: tests.TrackingNumberTest</td>
<td></td>
<td>24</td>
<td>tests.TrackingNumberTest@28c4711c</td></tr>
<tr>
<td title='tests.TrackingNumberTest.reserveNumberDeletion()'><b>reserveNumberDeletion</b><br>Test class: tests.TrackingNumberTest</td>
<td></td>
<td>6</td>
<td>tests.TrackingNumberTest@28c4711c</td></tr>
<tr>
<td title='tests.TrackingNumberTest.reserveNumberUpdation()'><b>reserveNumberUpdation</b><br>Test class: tests.TrackingNumberTest</td>
<td></td>
<td>7</td>
<td>tests.TrackingNumberTest@28c4711c</td></tr>
<tr>
<td title='tests.LoginTest.reset_password()'><b>reset_password</b><br>Test class: tests.LoginTest</td>
<td></td>
<td>1</td>
<td>tests.LoginTest@27c6e487</td></tr>
<tr>
<td title='tests.TrackingNumberTest.scheduleTrakingNumberCreation()'><b>scheduleTrakingNumberCreation</b><br>Test class: tests.TrackingNumberTest</td>
<td></td>
<td>86</td>
<td>tests.TrackingNumberTest@28c4711c</td></tr>
<tr>
<td title='tests.TrackingNumberTest.scheduleTrakingNumberDeletion()'><b>scheduleTrakingNumberDeletion</b><br>Test class: tests.TrackingNumberTest</td>
<td></td>
<td>7</td>
<td>tests.TrackingNumberTest@28c4711c</td></tr>
<tr>
<td title='tests.GroupActivityReportTest.secondaryGroupingFeatureForCampaign()'><b>secondaryGroupingFeatureForCampaign</b><br>Test class: tests.GroupActivityReportTest</td>
<td></td>
<td>14</td>
<td>tests.GroupActivityReportTest@1e9e725a</td></tr>
<tr>
<td title='tests.GroupActivityReportTest.secondaryGroupingFeatureForCampaignColumn()'><b>secondaryGroupingFeatureForCampaignColumn</b><br>Test class: tests.GroupActivityReportTest</td>
<td></td>
<td>13</td>
<td>tests.GroupActivityReportTest@1e9e725a</td></tr>
<tr>
<td title='tests.GroupActivityReportTest.secondaryGroupingFeatureForNone()'><b>secondaryGroupingFeatureForNone</b><br>Test class: tests.GroupActivityReportTest</td>
<td></td>
<td>9</td>
<td>tests.GroupActivityReportTest@1e9e725a</td></tr>
<tr>
<td title='tests.GroupActivityReportTest.secondaryGroupingFeatureForTrackingNumber()'><b>secondaryGroupingFeatureForTrackingNumber</b><br>Test class: tests.GroupActivityReportTest</td>
<td></td>
<td>14</td>
<td>tests.GroupActivityReportTest@1e9e725a</td></tr>
<tr>
<td title='tests.GroupActivityReportTest.secondaryGroupingFeatureForTrackingumberColumn()'><b>secondaryGroupingFeatureForTrackingumberColumn</b><br>Test class: tests.GroupActivityReportTest</td>
<td></td>
<td>12</td>
<td>tests.GroupActivityReportTest@1e9e725a</td></tr>
<tr>
<td title='tests.GroupActivityReportTest.secondaryGroupingOptions()'><b>secondaryGroupingOptions</b><br>Test class: tests.GroupActivityReportTest</td>
<td></td>
<td>0</td>
<td>tests.GroupActivityReportTest@1e9e725a</td></tr>
<tr>
<td title='tests.TrackingNumberTest.simpleTrakingNumberCreation()'><b>simpleTrakingNumberCreation</b><br>Test class: tests.TrackingNumberTest</td>
<td></td>
<td>86</td>
<td>tests.TrackingNumberTest@28c4711c</td></tr>
<tr>
<td title='tests.TrackingNumberTest.simpleTrakingNumberDeletion()'><b>simpleTrakingNumberDeletion</b><br>Test class: tests.TrackingNumberTest</td>
<td></td>
<td>7</td>
<td>tests.TrackingNumberTest@28c4711c</td></tr>
<tr>
<td title='tests.TrackingNumberTest.simpleTrakingNumberUpdation()'><b>simpleTrakingNumberUpdation</b><br>Test class: tests.TrackingNumberTest</td>
<td></td>
<td>8</td>
<td>tests.TrackingNumberTest@28c4711c</td></tr>
<tr>
<td title='tests.CallDetailReportTest.tableCount()'><b>tableCount</b><br>Test class: tests.CallDetailReportTest</td>
<td></td>
<td>1</td>
<td>tests.CallDetailReportTest@59717824</td></tr>
<tr>
<td title='tests.TrackingNumberSettingsTest.tableCount()'><b>tableCount</b><br>Test class: tests.TrackingNumberSettingsTest</td>
<td></td>
<td>5</td>
<td>tests.TrackingNumberSettingsTest@146044d7</td></tr>
<tr>
<td title='tests.GroupActivityReportTest.tableCountVerification()'><b>tableCountVerification</b><br>Test class: tests.GroupActivityReportTest</td>
<td></td>
<td>1</td>
<td>tests.GroupActivityReportTest@1e9e725a</td></tr>
<tr>
<td title='tests.CallDetailReportTest.tagSectionUIVerification()'><b>tagSectionUIVerification</b><br>Test class: tests.CallDetailReportTest</td>
<td></td>
<td>0</td>
<td>tests.CallDetailReportTest@59717824</td></tr>
<tr>
<td title='tests.TrackingNumberTest.trakingNumberPageUIVerification()'><b>trakingNumberPageUIVerification</b><br>Test class: tests.TrackingNumberTest</td>
<td></td>
<td>180</td>
<td>tests.TrackingNumberTest@28c4711c</td></tr>
<tr>
<td title='tests.CallDetailReportTest.uiVerification()'><b>uiVerification</b><br>Test class: tests.CallDetailReportTest</td>
<td></td>
<td>6</td>
<td>tests.CallDetailReportTest@59717824</td></tr>
<tr>
<td title='tests.TrackingNumberSettingsTest.uiVerification()'><b>uiVerification</b><br>Test class: tests.TrackingNumberSettingsTest</td>
<td></td>
<td>9</td>
<td>tests.TrackingNumberSettingsTest@146044d7</td></tr>
<tr>
<td title='tests.GroupActivityReportTest.uiVerification()'><b>uiVerification</b><br>Test class: tests.GroupActivityReportTest</td>
<td></td>
<td>3</td>
<td>tests.GroupActivityReportTest@1e9e725a</td></tr>
<tr>
<td title='tests.HomeTest.ui_verification()'><b>ui_verification</b><br>Test class: tests.HomeTest</td>
<td></td>
<td>9</td>
<td>tests.HomeTest@49070868</td></tr>
<tr>
<td title='tests.LoginTest.validLogin()'><b>validLogin</b><br>Test class: tests.LoginTest</td>
<td></td>
<td>1</td>
<td>tests.LoginTest@27c6e487</td></tr>
<tr>
<td title='tests.TrackingNumberTest.voicemailTrakingNumberCreation()'><b>voicemailTrakingNumberCreation</b><br>Test class: tests.TrackingNumberTest</td>
<td></td>
<td>75</td>
<td>tests.TrackingNumberTest@28c4711c</td></tr>
<tr>
<td title='tests.TrackingNumberTest.voicemailTrakingNumberDeletion()'><b>voicemailTrakingNumberDeletion</b><br>Test class: tests.TrackingNumberTest</td>
<td></td>
<td>8</td>
<td>tests.TrackingNumberTest@28c4711c</td></tr>
</table><p>
</body>
</html>