<html>
<head>
<title>TestNG:  chrome test</title>
<link href="../testng.css" rel="stylesheet" type="text/css" />
<link href="../my-testng.css" rel="stylesheet" type="text/css" />

<style type="text/css">
.log { display: none;} 
.stack-trace { display: none;} 
</style>
<script type="text/javascript">
<!--
function flip(e) {
  current = e.style.display;
  if (current == 'block') {
    e.style.display = 'none';
    return 0;
  }
  else {
    e.style.display = 'block';
    return 1;
  }
}

function toggleBox(szDivId, elem, msg1, msg2)
{
  var res = -1;  if (document.getElementById) {
    res = flip(document.getElementById(szDivId));
  }
  else if (document.all) {
    // this is the way old msie versions work
    res = flip(document.all[szDivId]);
  }
  if(elem) {
    if(res == 0) elem.innerHTML = msg1; else elem.innerHTML = msg2;
  }

}

function toggleAllBoxes() {
  if (document.getElementsByTagName) {
    d = document.getElementsByTagName('div');
    for (i = 0; i < d.length; i++) {
      if (d[i].className == 'log') {
        flip(d[i]);
      }
    }
  }
}

// -->
</script>

</head>
<body>
<h2 align='center'>chrome test</h2><table border='1' align="center">
<tr>
<td>Tests passed/Failed/Skipped:</td><td>80/6/0</td>
</tr><tr>
<td>Started on:</td><td>Thu Mar 26 18:23:09 IST 2020</td>
</tr>
<tr><td>Total time:</td><td>2762 seconds (2762268 ms)</td>
</tr><tr>
<td>Included groups:</td><td></td>
</tr><tr>
<td>Excluded groups:</td><td></td>
</tr>
</table><p/>
<small><i>(Hover the method name to see the test class name)</i></small><p/>
<table width='100%' border='1' class='invocation-failed'>
<tr><td colspan='4' align='center'><b>FAILED TESTS</b></td></tr>
<tr><td><b>Test method</b></td>
<td width="30%"><b>Exception</b></td>
<td width="10%"><b>Time (seconds)</b></td>
<td><b>Instance</b></td>
</tr>
<tr>
<td title='tests.TrackingNumberTest.hangupTrakingNumberCreation()'><b>hangupTrakingNumberCreation</b><br>Test class: tests.TrackingNumberTest</td>
<td><div><pre>org.openqa.selenium.TimeoutException: Expected condition failed: waiting for invisibility of [[ChromeDriver: chrome on XP (ea862cb4e1d29b12d1b775456dd7315b)] -&gt; xpath: //div[@class=&apos;pageProgressLoader&apos;]] (tried for 60 second(s) with 500 milliseconds interval)
Build info: version: &apos;3.11.0&apos;, revision: &apos;e59cfb3&apos;, time: &apos;2018-03-11T20:26:55.152Z&apos;
System info: host: &apos;LAPTOP-Q18VUQ5U&apos;, ip: &apos;5.5.20.98&apos;, os.name: &apos;Windows 10&apos;, os.arch: &apos;amd64&apos;, os.version: &apos;10.0&apos;, java.version: &apos;1.8.0_201&apos;
Driver info: org.openqa.selenium.chrome.ChromeDriver
Capabilities {acceptInsecureCerts: false, acceptSslCerts: false, applicationCacheEnabled: false, browserConnectionEnabled: false, browserName: chrome, chrome: {chromedriverVersion: 2.36.540470 (e522d04694c7eb..., userDataDir: C:\Users\PREETI~1\AppData\L...}, cssSelectorsEnabled: true, databaseEnabled: false, handlesAlerts: true, hasTouchScreen: false, javascriptEnabled: true, locationContextEnabled: true, mobileEmulationEnabled: false, nativeEvents: true, networkConnectionEnabled: false, pageLoadStrategy: normal, platform: XP, platformName: XP, rotatable: false, setWindowRect: true, takesHeapSnapshot: true, takesScreenshot: true, unexpectedAlertBehaviour: , unhandledPromptBehavior: , version: 80.0.3987.149, webStorageEnabled: true}
Session ID: ea862cb4e1d29b12d1b775456dd7315b
	at org.openqa.selenium.support.ui.WebDriverWait.timeoutException(WebDriverWait.java:81)
	at org.openqa.selenium.support.ui.FluentWait.until(FluentWait.java:271)
	at pom.TrackingNumberBuilderPage.createHangupRoute(TrackingNumberBuilderPage.java:1081)
	at tests.TrackingNumberTest.hangupTrakingNumberCreation(TrackingNumberTest.java:315)
	at java.util.concurrent.FutureTask.run(Unknown Source)
	at java.util.concurrent.ThreadPoolExecutor.runWorker(Unknown Source)
	at java.util.concurrent.ThreadPoolExecutor$Worker.run(Unknown Source)
	at java.lang.Thread.run(Unknown Source)
... Removed 16 stack frames</pre></div><a href='#' onClick='toggleBox("stack-trace1253977200", this, "Click to show all stack frames", "Click to hide stack frames")'>Click to show all stack frames</a>
<div class='stack-trace' id='stack-trace1253977200'><pre>org.openqa.selenium.TimeoutException: Expected condition failed: waiting for invisibility of [[ChromeDriver: chrome on XP (ea862cb4e1d29b12d1b775456dd7315b)] -&gt; xpath: //div[@class=&apos;pageProgressLoader&apos;]] (tried for 60 second(s) with 500 milliseconds interval)
Build info: version: &apos;3.11.0&apos;, revision: &apos;e59cfb3&apos;, time: &apos;2018-03-11T20:26:55.152Z&apos;
System info: host: &apos;LAPTOP-Q18VUQ5U&apos;, ip: &apos;5.5.20.98&apos;, os.name: &apos;Windows 10&apos;, os.arch: &apos;amd64&apos;, os.version: &apos;10.0&apos;, java.version: &apos;1.8.0_201&apos;
Driver info: org.openqa.selenium.chrome.ChromeDriver
Capabilities {acceptInsecureCerts: false, acceptSslCerts: false, applicationCacheEnabled: false, browserConnectionEnabled: false, browserName: chrome, chrome: {chromedriverVersion: 2.36.540470 (e522d04694c7eb..., userDataDir: C:\Users\PREETI~1\AppData\L...}, cssSelectorsEnabled: true, databaseEnabled: false, handlesAlerts: true, hasTouchScreen: false, javascriptEnabled: true, locationContextEnabled: true, mobileEmulationEnabled: false, nativeEvents: true, networkConnectionEnabled: false, pageLoadStrategy: normal, platform: XP, platformName: XP, rotatable: false, setWindowRect: true, takesHeapSnapshot: true, takesScreenshot: true, unexpectedAlertBehaviour: , unhandledPromptBehavior: , version: 80.0.3987.149, webStorageEnabled: true}
Session ID: ea862cb4e1d29b12d1b775456dd7315b
	at org.openqa.selenium.support.ui.WebDriverWait.timeoutException(WebDriverWait.java:81)
	at org.openqa.selenium.support.ui.FluentWait.until(FluentWait.java:271)
	at pom.TrackingNumberBuilderPage.createHangupRoute(TrackingNumberBuilderPage.java:1081)
	at tests.TrackingNumberTest.hangupTrakingNumberCreation(TrackingNumberTest.java:315)
	at sun.reflect.NativeMethodAccessorImpl.invoke0(Native Method)
	at sun.reflect.NativeMethodAccessorImpl.invoke(Unknown Source)
	at sun.reflect.DelegatingMethodAccessorImpl.invoke(Unknown Source)
	at java.lang.reflect.Method.invoke(Unknown Source)
	at org.testng.internal.MethodInvocationHelper.invokeMethod(MethodInvocationHelper.java:86)
	at org.testng.internal.Invoker.invokeMethod(Invoker.java:643)
	at org.testng.internal.Invoker.invokeTestMethod(Invoker.java:820)
	at org.testng.internal.Invoker.invokeTestMethods(Invoker.java:1128)
	at org.testng.internal.TestMethodWorker.invokeTestMethods(TestMethodWorker.java:129)
	at org.testng.internal.TestMethodWorker.run(TestMethodWorker.java:112)
	at org.testng.TestRunner.privateRun(TestRunner.java:782)
	at org.testng.TestRunner.run(TestRunner.java:632)
	at org.testng.SuiteRunner.runTest(SuiteRunner.java:366)
	at org.testng.SuiteRunner.access$000(SuiteRunner.java:39)
	at org.testng.SuiteRunner$SuiteWorker.run(SuiteRunner.java:400)
	at org.testng.internal.thread.ThreadUtil$2.call(ThreadUtil.java:64)
	at java.util.concurrent.FutureTask.run(Unknown Source)
	at java.util.concurrent.ThreadPoolExecutor.runWorker(Unknown Source)
	at java.util.concurrent.ThreadPoolExecutor$Worker.run(Unknown Source)
	at java.lang.Thread.run(Unknown Source)
</pre></div></td>
<td>60</td>
<td>tests.TrackingNumberTest@27c6e487</td></tr>
<tr>
<td title='tests.TrackingNumberTest.hangupTrakingNumberDeletion()'><b>hangupTrakingNumberDeletion</b><br>Test class: tests.TrackingNumberTest</td>
<td><div><pre>org.openqa.selenium.NoSuchElementException: no such element: Unable to locate element: {&quot;method&quot;:&quot;xpath&quot;,&quot;selector&quot;:&quot;//span[contains(text(),&apos;SJ TN-1676642851&apos;)]//ancestor::tr//div//button[contains(text(),&apos;Delete&apos;)]&quot;}
  (Session info: chrome=80.0.3987.149)
  (Driver info: chromedriver=2.36.540470 (e522d04694c7ebea4ba8821272dbef4f9b818c91),platform=Windows NT 10.0.18362 x86_64) (WARNING: The server did not provide any stacktrace information)
Command duration or timeout: 0 milliseconds
For documentation on this error, please visit: http://seleniumhq.org/exceptions/no_such_element.html
Build info: version: &apos;3.11.0&apos;, revision: &apos;e59cfb3&apos;, time: &apos;2018-03-11T20:26:55.152Z&apos;
System info: host: &apos;LAPTOP-Q18VUQ5U&apos;, ip: &apos;5.5.20.98&apos;, os.name: &apos;Windows 10&apos;, os.arch: &apos;amd64&apos;, os.version: &apos;10.0&apos;, java.version: &apos;1.8.0_201&apos;
Driver info: org.openqa.selenium.chrome.ChromeDriver
Capabilities {acceptInsecureCerts: false, acceptSslCerts: false, applicationCacheEnabled: false, browserConnectionEnabled: false, browserName: chrome, chrome: {chromedriverVersion: 2.36.540470 (e522d04694c7eb..., userDataDir: C:\Users\PREETI~1\AppData\L...}, cssSelectorsEnabled: true, databaseEnabled: false, handlesAlerts: true, hasTouchScreen: false, javascriptEnabled: true, locationContextEnabled: true, mobileEmulationEnabled: false, nativeEvents: true, networkConnectionEnabled: false, pageLoadStrategy: normal, platform: XP, platformName: XP, rotatable: false, setWindowRect: true, takesHeapSnapshot: true, takesScreenshot: true, unexpectedAlertBehaviour: , unhandledPromptBehavior: , version: 80.0.3987.149, webStorageEnabled: true}
Session ID: ea862cb4e1d29b12d1b775456dd7315b
*** Element info: {Using=xpath, value=//span[contains(text(),&apos;SJ TN-1676642851&apos;)]//ancestor::tr//div//button[contains(text(),&apos;Delete&apos;)]}
	at org.openqa.selenium.remote.ErrorHandler.createThrowable(ErrorHandler.java:214)
	at org.openqa.selenium.remote.ErrorHandler.throwIfResponseFailed(ErrorHandler.java:166)
	at org.openqa.selenium.remote.http.JsonHttpResponseCodec.reconstructValue(JsonHttpResponseCodec.java:40)
	at org.openqa.selenium.remote.http.AbstractHttpResponseCodec.decode(AbstractHttpResponseCodec.java:80)
	at org.openqa.selenium.remote.http.AbstractHttpResponseCodec.decode(AbstractHttpResponseCodec.java:44)
	at org.openqa.selenium.remote.HttpCommandExecutor.execute(HttpCommandExecutor.java:158)
	at org.openqa.selenium.remote.service.DriverCommandExecutor.execute(DriverCommandExecutor.java:83)
	at org.openqa.selenium.remote.RemoteWebDriver.execute(RemoteWebDriver.java:545)
	at org.openqa.selenium.remote.RemoteWebDriver.findElement(RemoteWebDriver.java:319)
	at org.openqa.selenium.remote.RemoteWebDriver.findElementByXPath(RemoteWebDriver.java:421)
	at org.openqa.selenium.By$ByXPath.findElement(By.java:361)
	at org.openqa.selenium.remote.RemoteWebDriver.findElement(RemoteWebDriver.java:311)
	at pom.TrackingNumberBuilderPage.clickAction(TrackingNumberBuilderPage.java:491)
	at tests.TrackingNumberTest.hangupTrakingNumberDeletion(TrackingNumberTest.java:328)
	at java.util.concurrent.FutureTask.run(Unknown Source)
	at java.util.concurrent.ThreadPoolExecutor.runWorker(Unknown Source)
	at java.util.concurrent.ThreadPoolExecutor$Worker.run(Unknown Source)
	at java.lang.Thread.run(Unknown Source)
... Removed 20 stack frames</pre></div><a href='#' onClick='toggleBox("stack-trace318051294", this, "Click to show all stack frames", "Click to hide stack frames")'>Click to show all stack frames</a>
<div class='stack-trace' id='stack-trace318051294'><pre>org.openqa.selenium.NoSuchElementException: no such element: Unable to locate element: {&quot;method&quot;:&quot;xpath&quot;,&quot;selector&quot;:&quot;//span[contains(text(),&apos;SJ TN-1676642851&apos;)]//ancestor::tr//div//button[contains(text(),&apos;Delete&apos;)]&quot;}
  (Session info: chrome=80.0.3987.149)
  (Driver info: chromedriver=2.36.540470 (e522d04694c7ebea4ba8821272dbef4f9b818c91),platform=Windows NT 10.0.18362 x86_64) (WARNING: The server did not provide any stacktrace information)
Command duration or timeout: 0 milliseconds
For documentation on this error, please visit: http://seleniumhq.org/exceptions/no_such_element.html
Build info: version: &apos;3.11.0&apos;, revision: &apos;e59cfb3&apos;, time: &apos;2018-03-11T20:26:55.152Z&apos;
System info: host: &apos;LAPTOP-Q18VUQ5U&apos;, ip: &apos;5.5.20.98&apos;, os.name: &apos;Windows 10&apos;, os.arch: &apos;amd64&apos;, os.version: &apos;10.0&apos;, java.version: &apos;1.8.0_201&apos;
Driver info: org.openqa.selenium.chrome.ChromeDriver
Capabilities {acceptInsecureCerts: false, acceptSslCerts: false, applicationCacheEnabled: false, browserConnectionEnabled: false, browserName: chrome, chrome: {chromedriverVersion: 2.36.540470 (e522d04694c7eb..., userDataDir: C:\Users\PREETI~1\AppData\L...}, cssSelectorsEnabled: true, databaseEnabled: false, handlesAlerts: true, hasTouchScreen: false, javascriptEnabled: true, locationContextEnabled: true, mobileEmulationEnabled: false, nativeEvents: true, networkConnectionEnabled: false, pageLoadStrategy: normal, platform: XP, platformName: XP, rotatable: false, setWindowRect: true, takesHeapSnapshot: true, takesScreenshot: true, unexpectedAlertBehaviour: , unhandledPromptBehavior: , version: 80.0.3987.149, webStorageEnabled: true}
Session ID: ea862cb4e1d29b12d1b775456dd7315b
*** Element info: {Using=xpath, value=//span[contains(text(),&apos;SJ TN-1676642851&apos;)]//ancestor::tr//div//button[contains(text(),&apos;Delete&apos;)]}
	at sun.reflect.NativeConstructorAccessorImpl.newInstance0(Native Method)
	at sun.reflect.NativeConstructorAccessorImpl.newInstance(Unknown Source)
	at sun.reflect.DelegatingConstructorAccessorImpl.newInstance(Unknown Source)
	at java.lang.reflect.Constructor.newInstance(Unknown Source)
	at org.openqa.selenium.remote.ErrorHandler.createThrowable(ErrorHandler.java:214)
	at org.openqa.selenium.remote.ErrorHandler.throwIfResponseFailed(ErrorHandler.java:166)
	at org.openqa.selenium.remote.http.JsonHttpResponseCodec.reconstructValue(JsonHttpResponseCodec.java:40)
	at org.openqa.selenium.remote.http.AbstractHttpResponseCodec.decode(AbstractHttpResponseCodec.java:80)
	at org.openqa.selenium.remote.http.AbstractHttpResponseCodec.decode(AbstractHttpResponseCodec.java:44)
	at org.openqa.selenium.remote.HttpCommandExecutor.execute(HttpCommandExecutor.java:158)
	at org.openqa.selenium.remote.service.DriverCommandExecutor.execute(DriverCommandExecutor.java:83)
	at org.openqa.selenium.remote.RemoteWebDriver.execute(RemoteWebDriver.java:545)
	at org.openqa.selenium.remote.RemoteWebDriver.findElement(RemoteWebDriver.java:319)
	at org.openqa.selenium.remote.RemoteWebDriver.findElementByXPath(RemoteWebDriver.java:421)
	at org.openqa.selenium.By$ByXPath.findElement(By.java:361)
	at org.openqa.selenium.remote.RemoteWebDriver.findElement(RemoteWebDriver.java:311)
	at pom.TrackingNumberBuilderPage.clickAction(TrackingNumberBuilderPage.java:491)
	at tests.TrackingNumberTest.hangupTrakingNumberDeletion(TrackingNumberTest.java:328)
	at sun.reflect.NativeMethodAccessorImpl.invoke0(Native Method)
	at sun.reflect.NativeMethodAccessorImpl.invoke(Unknown Source)
	at sun.reflect.DelegatingMethodAccessorImpl.invoke(Unknown Source)
	at java.lang.reflect.Method.invoke(Unknown Source)
	at org.testng.internal.MethodInvocationHelper.invokeMethod(MethodInvocationHelper.java:86)
	at org.testng.internal.Invoker.invokeMethod(Invoker.java:643)
	at org.testng.internal.Invoker.invokeTestMethod(Invoker.java:820)
	at org.testng.internal.Invoker.invokeTestMethods(Invoker.java:1128)
	at org.testng.internal.TestMethodWorker.invokeTestMethods(TestMethodWorker.java:129)
	at org.testng.internal.TestMethodWorker.run(TestMethodWorker.java:112)
	at org.testng.TestRunner.privateRun(TestRunner.java:782)
	at org.testng.TestRunner.run(TestRunner.java:632)
	at org.testng.SuiteRunner.runTest(SuiteRunner.java:366)
	at org.testng.SuiteRunner.access$000(SuiteRunner.java:39)
	at org.testng.SuiteRunner$SuiteWorker.run(SuiteRunner.java:400)
	at org.testng.internal.thread.ThreadUtil$2.call(ThreadUtil.java:64)
	at java.util.concurrent.FutureTask.run(Unknown Source)
	at java.util.concurrent.ThreadPoolExecutor.runWorker(Unknown Source)
	at java.util.concurrent.ThreadPoolExecutor$Worker.run(Unknown Source)
	at java.lang.Thread.run(Unknown Source)
</pre></div></td>
<td>60</td>
<td>tests.TrackingNumberTest@27c6e487</td></tr>
<tr>
<td title='tests.TrackingNumberTest.scheduleTrakingNumberDeletion()'><b>scheduleTrakingNumberDeletion</b><br>Test class: tests.TrackingNumberTest</td>
<td><div><pre>org.openqa.selenium.NoSuchElementException: no such element: Unable to locate element: {&quot;method&quot;:&quot;xpath&quot;,&quot;selector&quot;:&quot;//span[contains(text(),&apos;SJ TN--1149447777&apos;)]//ancestor::tr//div//button[contains(text(),&apos;Delete&apos;)]&quot;}
  (Session info: chrome=80.0.3987.149)
  (Driver info: chromedriver=2.36.540470 (e522d04694c7ebea4ba8821272dbef4f9b818c91),platform=Windows NT 10.0.18362 x86_64) (WARNING: The server did not provide any stacktrace information)
Command duration or timeout: 0 milliseconds
For documentation on this error, please visit: http://seleniumhq.org/exceptions/no_such_element.html
Build info: version: &apos;3.11.0&apos;, revision: &apos;e59cfb3&apos;, time: &apos;2018-03-11T20:26:55.152Z&apos;
System info: host: &apos;LAPTOP-Q18VUQ5U&apos;, ip: &apos;5.5.20.98&apos;, os.name: &apos;Windows 10&apos;, os.arch: &apos;amd64&apos;, os.version: &apos;10.0&apos;, java.version: &apos;1.8.0_201&apos;
Driver info: org.openqa.selenium.chrome.ChromeDriver
Capabilities {acceptInsecureCerts: false, acceptSslCerts: false, applicationCacheEnabled: false, browserConnectionEnabled: false, browserName: chrome, chrome: {chromedriverVersion: 2.36.540470 (e522d04694c7eb..., userDataDir: C:\Users\PREETI~1\AppData\L...}, cssSelectorsEnabled: true, databaseEnabled: false, handlesAlerts: true, hasTouchScreen: false, javascriptEnabled: true, locationContextEnabled: true, mobileEmulationEnabled: false, nativeEvents: true, networkConnectionEnabled: false, pageLoadStrategy: normal, platform: XP, platformName: XP, rotatable: false, setWindowRect: true, takesHeapSnapshot: true, takesScreenshot: true, unexpectedAlertBehaviour: , unhandledPromptBehavior: , version: 80.0.3987.149, webStorageEnabled: true}
Session ID: ea862cb4e1d29b12d1b775456dd7315b
*** Element info: {Using=xpath, value=//span[contains(text(),&apos;SJ TN--1149447777&apos;)]//ancestor::tr//div//button[contains(text(),&apos;Delete&apos;)]}
	at org.openqa.selenium.remote.ErrorHandler.createThrowable(ErrorHandler.java:214)
	at org.openqa.selenium.remote.ErrorHandler.throwIfResponseFailed(ErrorHandler.java:166)
	at org.openqa.selenium.remote.http.JsonHttpResponseCodec.reconstructValue(JsonHttpResponseCodec.java:40)
	at org.openqa.selenium.remote.http.AbstractHttpResponseCodec.decode(AbstractHttpResponseCodec.java:80)
	at org.openqa.selenium.remote.http.AbstractHttpResponseCodec.decode(AbstractHttpResponseCodec.java:44)
	at org.openqa.selenium.remote.HttpCommandExecutor.execute(HttpCommandExecutor.java:158)
	at org.openqa.selenium.remote.service.DriverCommandExecutor.execute(DriverCommandExecutor.java:83)
	at org.openqa.selenium.remote.RemoteWebDriver.execute(RemoteWebDriver.java:545)
	at org.openqa.selenium.remote.RemoteWebDriver.findElement(RemoteWebDriver.java:319)
	at org.openqa.selenium.remote.RemoteWebDriver.findElementByXPath(RemoteWebDriver.java:421)
	at org.openqa.selenium.By$ByXPath.findElement(By.java:361)
	at org.openqa.selenium.remote.RemoteWebDriver.findElement(RemoteWebDriver.java:311)
	at pom.TrackingNumberBuilderPage.clickAction(TrackingNumberBuilderPage.java:491)
	at tests.TrackingNumberTest.scheduleTrakingNumberDeletion(TrackingNumberTest.java:388)
	at java.util.concurrent.FutureTask.run(Unknown Source)
	at java.util.concurrent.ThreadPoolExecutor.runWorker(Unknown Source)
	at java.util.concurrent.ThreadPoolExecutor$Worker.run(Unknown Source)
	at java.lang.Thread.run(Unknown Source)
... Removed 20 stack frames</pre></div><a href='#' onClick='toggleBox("stack-trace347347278", this, "Click to show all stack frames", "Click to hide stack frames")'>Click to show all stack frames</a>
<div class='stack-trace' id='stack-trace347347278'><pre>org.openqa.selenium.NoSuchElementException: no such element: Unable to locate element: {&quot;method&quot;:&quot;xpath&quot;,&quot;selector&quot;:&quot;//span[contains(text(),&apos;SJ TN--1149447777&apos;)]//ancestor::tr//div//button[contains(text(),&apos;Delete&apos;)]&quot;}
  (Session info: chrome=80.0.3987.149)
  (Driver info: chromedriver=2.36.540470 (e522d04694c7ebea4ba8821272dbef4f9b818c91),platform=Windows NT 10.0.18362 x86_64) (WARNING: The server did not provide any stacktrace information)
Command duration or timeout: 0 milliseconds
For documentation on this error, please visit: http://seleniumhq.org/exceptions/no_such_element.html
Build info: version: &apos;3.11.0&apos;, revision: &apos;e59cfb3&apos;, time: &apos;2018-03-11T20:26:55.152Z&apos;
System info: host: &apos;LAPTOP-Q18VUQ5U&apos;, ip: &apos;5.5.20.98&apos;, os.name: &apos;Windows 10&apos;, os.arch: &apos;amd64&apos;, os.version: &apos;10.0&apos;, java.version: &apos;1.8.0_201&apos;
Driver info: org.openqa.selenium.chrome.ChromeDriver
Capabilities {acceptInsecureCerts: false, acceptSslCerts: false, applicationCacheEnabled: false, browserConnectionEnabled: false, browserName: chrome, chrome: {chromedriverVersion: 2.36.540470 (e522d04694c7eb..., userDataDir: C:\Users\PREETI~1\AppData\L...}, cssSelectorsEnabled: true, databaseEnabled: false, handlesAlerts: true, hasTouchScreen: false, javascriptEnabled: true, locationContextEnabled: true, mobileEmulationEnabled: false, nativeEvents: true, networkConnectionEnabled: false, pageLoadStrategy: normal, platform: XP, platformName: XP, rotatable: false, setWindowRect: true, takesHeapSnapshot: true, takesScreenshot: true, unexpectedAlertBehaviour: , unhandledPromptBehavior: , version: 80.0.3987.149, webStorageEnabled: true}
Session ID: ea862cb4e1d29b12d1b775456dd7315b
*** Element info: {Using=xpath, value=//span[contains(text(),&apos;SJ TN--1149447777&apos;)]//ancestor::tr//div//button[contains(text(),&apos;Delete&apos;)]}
	at sun.reflect.NativeConstructorAccessorImpl.newInstance0(Native Method)
	at sun.reflect.NativeConstructorAccessorImpl.newInstance(Unknown Source)
	at sun.reflect.DelegatingConstructorAccessorImpl.newInstance(Unknown Source)
	at java.lang.reflect.Constructor.newInstance(Unknown Source)
	at org.openqa.selenium.remote.ErrorHandler.createThrowable(ErrorHandler.java:214)
	at org.openqa.selenium.remote.ErrorHandler.throwIfResponseFailed(ErrorHandler.java:166)
	at org.openqa.selenium.remote.http.JsonHttpResponseCodec.reconstructValue(JsonHttpResponseCodec.java:40)
	at org.openqa.selenium.remote.http.AbstractHttpResponseCodec.decode(AbstractHttpResponseCodec.java:80)
	at org.openqa.selenium.remote.http.AbstractHttpResponseCodec.decode(AbstractHttpResponseCodec.java:44)
	at org.openqa.selenium.remote.HttpCommandExecutor.execute(HttpCommandExecutor.java:158)
	at org.openqa.selenium.remote.service.DriverCommandExecutor.execute(DriverCommandExecutor.java:83)
	at org.openqa.selenium.remote.RemoteWebDriver.execute(RemoteWebDriver.java:545)
	at org.openqa.selenium.remote.RemoteWebDriver.findElement(RemoteWebDriver.java:319)
	at org.openqa.selenium.remote.RemoteWebDriver.findElementByXPath(RemoteWebDriver.java:421)
	at org.openqa.selenium.By$ByXPath.findElement(By.java:361)
	at org.openqa.selenium.remote.RemoteWebDriver.findElement(RemoteWebDriver.java:311)
	at pom.TrackingNumberBuilderPage.clickAction(TrackingNumberBuilderPage.java:491)
	at tests.TrackingNumberTest.scheduleTrakingNumberDeletion(TrackingNumberTest.java:388)
	at sun.reflect.NativeMethodAccessorImpl.invoke0(Native Method)
	at sun.reflect.NativeMethodAccessorImpl.invoke(Unknown Source)
	at sun.reflect.DelegatingMethodAccessorImpl.invoke(Unknown Source)
	at java.lang.reflect.Method.invoke(Unknown Source)
	at org.testng.internal.MethodInvocationHelper.invokeMethod(MethodInvocationHelper.java:86)
	at org.testng.internal.Invoker.invokeMethod(Invoker.java:643)
	at org.testng.internal.Invoker.invokeTestMethod(Invoker.java:820)
	at org.testng.internal.Invoker.invokeTestMethods(Invoker.java:1128)
	at org.testng.internal.TestMethodWorker.invokeTestMethods(TestMethodWorker.java:129)
	at org.testng.internal.TestMethodWorker.run(TestMethodWorker.java:112)
	at org.testng.TestRunner.privateRun(TestRunner.java:782)
	at org.testng.TestRunner.run(TestRunner.java:632)
	at org.testng.SuiteRunner.runTest(SuiteRunner.java:366)
	at org.testng.SuiteRunner.access$000(SuiteRunner.java:39)
	at org.testng.SuiteRunner$SuiteWorker.run(SuiteRunner.java:400)
	at org.testng.internal.thread.ThreadUtil$2.call(ThreadUtil.java:64)
	at java.util.concurrent.FutureTask.run(Unknown Source)
	at java.util.concurrent.ThreadPoolExecutor.runWorker(Unknown Source)
	at java.util.concurrent.ThreadPoolExecutor$Worker.run(Unknown Source)
	at java.lang.Thread.run(Unknown Source)
</pre></div></td>
<td>60</td>
<td>tests.TrackingNumberTest@27c6e487</td></tr>
<tr>
<td title='tests.HomeTest.tiles_count_verification_UI()'><b>tiles_count_verification_UI</b><br>Test class: tests.HomeTest</td>
<td><div><pre>java.lang.AssertionError: The following asserts failed:
	total_call_count_from_ui is not matching with db expected [true] but found [false],
	answered_calls_count_from_ui is not matching with db expected [true] but found [false],
	AVG CALL DURATION from ui is not matching with db expected [true] but found [false],
	total_leads__from_ui is not matching with db expected [true] but found [false]
	at pom.HomePage.tilesCount(HomePage.java:478)
	at tests.HomeTest.tiles_count_verification_UI(HomeTest.java:55)
	at java.util.concurrent.FutureTask.run(Unknown Source)
	at java.util.concurrent.ThreadPoolExecutor.runWorker(Unknown Source)
	at java.util.concurrent.ThreadPoolExecutor$Worker.run(Unknown Source)
	at java.lang.Thread.run(Unknown Source)
... Removed 17 stack frames</pre></div><a href='#' onClick='toggleBox("stack-trace1711917513", this, "Click to show all stack frames", "Click to hide stack frames")'>Click to show all stack frames</a>
<div class='stack-trace' id='stack-trace1711917513'><pre>java.lang.AssertionError: The following asserts failed:
	total_call_count_from_ui is not matching with db expected [true] but found [false],
	answered_calls_count_from_ui is not matching with db expected [true] but found [false],
	AVG CALL DURATION from ui is not matching with db expected [true] but found [false],
	total_leads__from_ui is not matching with db expected [true] but found [false]
	at org.testng.asserts.SoftAssert.assertAll(SoftAssert.java:43)
	at pom.HomePage.tilesCount(HomePage.java:478)
	at tests.HomeTest.tiles_count_verification_UI(HomeTest.java:55)
	at sun.reflect.NativeMethodAccessorImpl.invoke0(Native Method)
	at sun.reflect.NativeMethodAccessorImpl.invoke(Unknown Source)
	at sun.reflect.DelegatingMethodAccessorImpl.invoke(Unknown Source)
	at java.lang.reflect.Method.invoke(Unknown Source)
	at org.testng.internal.MethodInvocationHelper.invokeMethod(MethodInvocationHelper.java:86)
	at org.testng.internal.Invoker.invokeMethod(Invoker.java:643)
	at org.testng.internal.Invoker.invokeTestMethod(Invoker.java:820)
	at org.testng.internal.Invoker.invokeTestMethods(Invoker.java:1128)
	at org.testng.internal.TestMethodWorker.invokeTestMethods(TestMethodWorker.java:129)
	at org.testng.internal.TestMethodWorker.run(TestMethodWorker.java:112)
	at org.testng.TestRunner.privateRun(TestRunner.java:782)
	at org.testng.TestRunner.run(TestRunner.java:632)
	at org.testng.SuiteRunner.runTest(SuiteRunner.java:366)
	at org.testng.SuiteRunner.access$000(SuiteRunner.java:39)
	at org.testng.SuiteRunner$SuiteWorker.run(SuiteRunner.java:400)
	at org.testng.internal.thread.ThreadUtil$2.call(ThreadUtil.java:64)
	at java.util.concurrent.FutureTask.run(Unknown Source)
	at java.util.concurrent.ThreadPoolExecutor.runWorker(Unknown Source)
	at java.util.concurrent.ThreadPoolExecutor$Worker.run(Unknown Source)
	at java.lang.Thread.run(Unknown Source)
</pre></div></td>
<td>9</td>
<td>tests.HomeTest@641147d0</td></tr>
<tr>
<td title='tests.CallDetailReportTest.uiVerification()'><b>uiVerification</b><br>Test class: tests.CallDetailReportTest</td>
<td><div><pre>org.openqa.selenium.NoSuchElementException: no such element: Unable to locate element: {&quot;method&quot;:&quot;xpath&quot;,&quot;selector&quot;:&quot;//div[@class=&apos;col-md-3 col-lg-2 mb10 noDataSelector ng-binding&apos;][contains(text(),&apos;Showing&apos;)]&quot;}
  (Session info: chrome=80.0.3987.149)
  (Driver info: chromedriver=2.36.540470 (e522d04694c7ebea4ba8821272dbef4f9b818c91),platform=Windows NT 10.0.18362 x86_64) (WARNING: The server did not provide any stacktrace information)
Command duration or timeout: 0 milliseconds
For documentation on this error, please visit: http://seleniumhq.org/exceptions/no_such_element.html
Build info: version: &apos;3.11.0&apos;, revision: &apos;e59cfb3&apos;, time: &apos;2018-03-11T20:26:55.152Z&apos;
System info: host: &apos;LAPTOP-Q18VUQ5U&apos;, ip: &apos;5.5.20.98&apos;, os.name: &apos;Windows 10&apos;, os.arch: &apos;amd64&apos;, os.version: &apos;10.0&apos;, java.version: &apos;1.8.0_201&apos;
Driver info: org.openqa.selenium.chrome.ChromeDriver
Capabilities {acceptInsecureCerts: false, acceptSslCerts: false, applicationCacheEnabled: false, browserConnectionEnabled: false, browserName: chrome, chrome: {chromedriverVersion: 2.36.540470 (e522d04694c7eb..., userDataDir: C:\Users\PREETI~1\AppData\L...}, cssSelectorsEnabled: true, databaseEnabled: false, handlesAlerts: true, hasTouchScreen: false, javascriptEnabled: true, locationContextEnabled: true, mobileEmulationEnabled: false, nativeEvents: true, networkConnectionEnabled: false, pageLoadStrategy: normal, platform: XP, platformName: XP, rotatable: false, setWindowRect: true, takesHeapSnapshot: true, takesScreenshot: true, unexpectedAlertBehaviour: , unhandledPromptBehavior: , version: 80.0.3987.149, webStorageEnabled: true}
Session ID: ea862cb4e1d29b12d1b775456dd7315b
*** Element info: {Using=xpath, value=//div[@class=&apos;col-md-3 col-lg-2 mb10 noDataSelector ng-binding&apos;][contains(text(),&apos;Showing&apos;)]}
	at org.openqa.selenium.remote.ErrorHandler.createThrowable(ErrorHandler.java:214)
	at org.openqa.selenium.remote.ErrorHandler.throwIfResponseFailed(ErrorHandler.java:166)
	at org.openqa.selenium.remote.http.JsonHttpResponseCodec.reconstructValue(JsonHttpResponseCodec.java:40)
	at org.openqa.selenium.remote.http.AbstractHttpResponseCodec.decode(AbstractHttpResponseCodec.java:80)
	at org.openqa.selenium.remote.http.AbstractHttpResponseCodec.decode(AbstractHttpResponseCodec.java:44)
	at org.openqa.selenium.remote.HttpCommandExecutor.execute(HttpCommandExecutor.java:158)
	at org.openqa.selenium.remote.service.DriverCommandExecutor.execute(DriverCommandExecutor.java:83)
	at org.openqa.selenium.remote.RemoteWebDriver.execute(RemoteWebDriver.java:545)
	at org.openqa.selenium.remote.RemoteWebDriver.findElement(RemoteWebDriver.java:319)
	at org.openqa.selenium.remote.RemoteWebDriver.findElementByXPath(RemoteWebDriver.java:421)
	at org.openqa.selenium.By$ByXPath.findElement(By.java:361)
	at org.openqa.selenium.remote.RemoteWebDriver.findElement(RemoteWebDriver.java:311)
	at org.openqa.selenium.support.pagefactory.DefaultElementLocator.findElement(DefaultElementLocator.java:69)
	at org.openqa.selenium.support.pagefactory.internal.LocatingElementHandler.invoke(LocatingElementHandler.java:38)
	at com.sun.proxy.$Proxy15.isDisplayed(Unknown Source)
	at pom.CallDetailsReport_Page.UIVerification(CallDetailsReport_Page.java:285)
	at tests.CallDetailReportTest.uiVerification(CallDetailReportTest.java:52)
	at java.util.concurrent.FutureTask.run(Unknown Source)
	at java.util.concurrent.ThreadPoolExecutor.runWorker(Unknown Source)
	at java.util.concurrent.ThreadPoolExecutor$Worker.run(Unknown Source)
	at java.lang.Thread.run(Unknown Source)
... Removed 20 stack frames</pre></div><a href='#' onClick='toggleBox("stack-trace923523652", this, "Click to show all stack frames", "Click to hide stack frames")'>Click to show all stack frames</a>
<div class='stack-trace' id='stack-trace923523652'><pre>org.openqa.selenium.NoSuchElementException: no such element: Unable to locate element: {&quot;method&quot;:&quot;xpath&quot;,&quot;selector&quot;:&quot;//div[@class=&apos;col-md-3 col-lg-2 mb10 noDataSelector ng-binding&apos;][contains(text(),&apos;Showing&apos;)]&quot;}
  (Session info: chrome=80.0.3987.149)
  (Driver info: chromedriver=2.36.540470 (e522d04694c7ebea4ba8821272dbef4f9b818c91),platform=Windows NT 10.0.18362 x86_64) (WARNING: The server did not provide any stacktrace information)
Command duration or timeout: 0 milliseconds
For documentation on this error, please visit: http://seleniumhq.org/exceptions/no_such_element.html
Build info: version: &apos;3.11.0&apos;, revision: &apos;e59cfb3&apos;, time: &apos;2018-03-11T20:26:55.152Z&apos;
System info: host: &apos;LAPTOP-Q18VUQ5U&apos;, ip: &apos;5.5.20.98&apos;, os.name: &apos;Windows 10&apos;, os.arch: &apos;amd64&apos;, os.version: &apos;10.0&apos;, java.version: &apos;1.8.0_201&apos;
Driver info: org.openqa.selenium.chrome.ChromeDriver
Capabilities {acceptInsecureCerts: false, acceptSslCerts: false, applicationCacheEnabled: false, browserConnectionEnabled: false, browserName: chrome, chrome: {chromedriverVersion: 2.36.540470 (e522d04694c7eb..., userDataDir: C:\Users\PREETI~1\AppData\L...}, cssSelectorsEnabled: true, databaseEnabled: false, handlesAlerts: true, hasTouchScreen: false, javascriptEnabled: true, locationContextEnabled: true, mobileEmulationEnabled: false, nativeEvents: true, networkConnectionEnabled: false, pageLoadStrategy: normal, platform: XP, platformName: XP, rotatable: false, setWindowRect: true, takesHeapSnapshot: true, takesScreenshot: true, unexpectedAlertBehaviour: , unhandledPromptBehavior: , version: 80.0.3987.149, webStorageEnabled: true}
Session ID: ea862cb4e1d29b12d1b775456dd7315b
*** Element info: {Using=xpath, value=//div[@class=&apos;col-md-3 col-lg-2 mb10 noDataSelector ng-binding&apos;][contains(text(),&apos;Showing&apos;)]}
	at sun.reflect.NativeConstructorAccessorImpl.newInstance0(Native Method)
	at sun.reflect.NativeConstructorAccessorImpl.newInstance(Unknown Source)
	at sun.reflect.DelegatingConstructorAccessorImpl.newInstance(Unknown Source)
	at java.lang.reflect.Constructor.newInstance(Unknown Source)
	at org.openqa.selenium.remote.ErrorHandler.createThrowable(ErrorHandler.java:214)
	at org.openqa.selenium.remote.ErrorHandler.throwIfResponseFailed(ErrorHandler.java:166)
	at org.openqa.selenium.remote.http.JsonHttpResponseCodec.reconstructValue(JsonHttpResponseCodec.java:40)
	at org.openqa.selenium.remote.http.AbstractHttpResponseCodec.decode(AbstractHttpResponseCodec.java:80)
	at org.openqa.selenium.remote.http.AbstractHttpResponseCodec.decode(AbstractHttpResponseCodec.java:44)
	at org.openqa.selenium.remote.HttpCommandExecutor.execute(HttpCommandExecutor.java:158)
	at org.openqa.selenium.remote.service.DriverCommandExecutor.execute(DriverCommandExecutor.java:83)
	at org.openqa.selenium.remote.RemoteWebDriver.execute(RemoteWebDriver.java:545)
	at org.openqa.selenium.remote.RemoteWebDriver.findElement(RemoteWebDriver.java:319)
	at org.openqa.selenium.remote.RemoteWebDriver.findElementByXPath(RemoteWebDriver.java:421)
	at org.openqa.selenium.By$ByXPath.findElement(By.java:361)
	at org.openqa.selenium.remote.RemoteWebDriver.findElement(RemoteWebDriver.java:311)
	at org.openqa.selenium.support.pagefactory.DefaultElementLocator.findElement(DefaultElementLocator.java:69)
	at org.openqa.selenium.support.pagefactory.internal.LocatingElementHandler.invoke(LocatingElementHandler.java:38)
	at com.sun.proxy.$Proxy15.isDisplayed(Unknown Source)
	at pom.CallDetailsReport_Page.UIVerification(CallDetailsReport_Page.java:285)
	at tests.CallDetailReportTest.uiVerification(CallDetailReportTest.java:52)
	at sun.reflect.NativeMethodAccessorImpl.invoke0(Native Method)
	at sun.reflect.NativeMethodAccessorImpl.invoke(Unknown Source)
	at sun.reflect.DelegatingMethodAccessorImpl.invoke(Unknown Source)
	at java.lang.reflect.Method.invoke(Unknown Source)
	at org.testng.internal.MethodInvocationHelper.invokeMethod(MethodInvocationHelper.java:86)
	at org.testng.internal.Invoker.invokeMethod(Invoker.java:643)
	at org.testng.internal.Invoker.invokeTestMethod(Invoker.java:820)
	at org.testng.internal.Invoker.invokeTestMethods(Invoker.java:1128)
	at org.testng.internal.TestMethodWorker.invokeTestMethods(TestMethodWorker.java:129)
	at org.testng.internal.TestMethodWorker.run(TestMethodWorker.java:112)
	at org.testng.TestRunner.privateRun(TestRunner.java:782)
	at org.testng.TestRunner.run(TestRunner.java:632)
	at org.testng.SuiteRunner.runTest(SuiteRunner.java:366)
	at org.testng.SuiteRunner.access$000(SuiteRunner.java:39)
	at org.testng.SuiteRunner$SuiteWorker.run(SuiteRunner.java:400)
	at org.testng.internal.thread.ThreadUtil$2.call(ThreadUtil.java:64)
	at java.util.concurrent.FutureTask.run(Unknown Source)
	at java.util.concurrent.ThreadPoolExecutor.runWorker(Unknown Source)
	at java.util.concurrent.ThreadPoolExecutor$Worker.run(Unknown Source)
	at java.lang.Thread.run(Unknown Source)
</pre></div></td>
<td>65</td>
<td>tests.CallDetailReportTest@49070868</td></tr>
<tr>
<td title='tests.TrackingNumberTest.voicemailTrakingNumberDeletion()'><b>voicemailTrakingNumberDeletion</b><br>Test class: tests.TrackingNumberTest</td>
<td><div><pre>org.openqa.selenium.TimeoutException: Expected condition failed: waiting for visibility of [[ChromeDriver: chrome on XP (ea862cb4e1d29b12d1b775456dd7315b)] -&gt; xpath: //button[contains(text(),&apos;OK&apos;)]] (tried for 60 second(s) with 500 milliseconds interval)
Build info: version: &apos;3.11.0&apos;, revision: &apos;e59cfb3&apos;, time: &apos;2018-03-11T20:26:55.152Z&apos;
System info: host: &apos;LAPTOP-Q18VUQ5U&apos;, ip: &apos;5.5.20.98&apos;, os.name: &apos;Windows 10&apos;, os.arch: &apos;amd64&apos;, os.version: &apos;10.0&apos;, java.version: &apos;1.8.0_201&apos;
Driver info: org.openqa.selenium.chrome.ChromeDriver
Capabilities {acceptInsecureCerts: false, acceptSslCerts: false, applicationCacheEnabled: false, browserConnectionEnabled: false, browserName: chrome, chrome: {chromedriverVersion: 2.36.540470 (e522d04694c7eb..., userDataDir: C:\Users\PREETI~1\AppData\L...}, cssSelectorsEnabled: true, databaseEnabled: false, handlesAlerts: true, hasTouchScreen: false, javascriptEnabled: true, locationContextEnabled: true, mobileEmulationEnabled: false, nativeEvents: true, networkConnectionEnabled: false, pageLoadStrategy: normal, platform: XP, platformName: XP, rotatable: false, setWindowRect: true, takesHeapSnapshot: true, takesScreenshot: true, unexpectedAlertBehaviour: , unhandledPromptBehavior: , version: 80.0.3987.149, webStorageEnabled: true}
Session ID: ea862cb4e1d29b12d1b775456dd7315b
	at org.openqa.selenium.support.ui.WebDriverWait.timeoutException(WebDriverWait.java:81)
	at org.openqa.selenium.support.ui.FluentWait.until(FluentWait.java:271)
	at pom.TrackingNumberBuilderPage.clickAction(TrackingNumberBuilderPage.java:499)
	at tests.TrackingNumberTest.voicemailTrakingNumberDeletion(TrackingNumberTest.java:356)
	at java.util.concurrent.FutureTask.run(Unknown Source)
	at java.util.concurrent.ThreadPoolExecutor.runWorker(Unknown Source)
	at java.util.concurrent.ThreadPoolExecutor$Worker.run(Unknown Source)
	at java.lang.Thread.run(Unknown Source)
... Removed 16 stack frames</pre></div><a href='#' onClick='toggleBox("stack-trace320549178", this, "Click to show all stack frames", "Click to hide stack frames")'>Click to show all stack frames</a>
<div class='stack-trace' id='stack-trace320549178'><pre>org.openqa.selenium.TimeoutException: Expected condition failed: waiting for visibility of [[ChromeDriver: chrome on XP (ea862cb4e1d29b12d1b775456dd7315b)] -&gt; xpath: //button[contains(text(),&apos;OK&apos;)]] (tried for 60 second(s) with 500 milliseconds interval)
Build info: version: &apos;3.11.0&apos;, revision: &apos;e59cfb3&apos;, time: &apos;2018-03-11T20:26:55.152Z&apos;
System info: host: &apos;LAPTOP-Q18VUQ5U&apos;, ip: &apos;5.5.20.98&apos;, os.name: &apos;Windows 10&apos;, os.arch: &apos;amd64&apos;, os.version: &apos;10.0&apos;, java.version: &apos;1.8.0_201&apos;
Driver info: org.openqa.selenium.chrome.ChromeDriver
Capabilities {acceptInsecureCerts: false, acceptSslCerts: false, applicationCacheEnabled: false, browserConnectionEnabled: false, browserName: chrome, chrome: {chromedriverVersion: 2.36.540470 (e522d04694c7eb..., userDataDir: C:\Users\PREETI~1\AppData\L...}, cssSelectorsEnabled: true, databaseEnabled: false, handlesAlerts: true, hasTouchScreen: false, javascriptEnabled: true, locationContextEnabled: true, mobileEmulationEnabled: false, nativeEvents: true, networkConnectionEnabled: false, pageLoadStrategy: normal, platform: XP, platformName: XP, rotatable: false, setWindowRect: true, takesHeapSnapshot: true, takesScreenshot: true, unexpectedAlertBehaviour: , unhandledPromptBehavior: , version: 80.0.3987.149, webStorageEnabled: true}
Session ID: ea862cb4e1d29b12d1b775456dd7315b
	at org.openqa.selenium.support.ui.WebDriverWait.timeoutException(WebDriverWait.java:81)
	at org.openqa.selenium.support.ui.FluentWait.until(FluentWait.java:271)
	at pom.TrackingNumberBuilderPage.clickAction(TrackingNumberBuilderPage.java:499)
	at tests.TrackingNumberTest.voicemailTrakingNumberDeletion(TrackingNumberTest.java:356)
	at sun.reflect.NativeMethodAccessorImpl.invoke0(Native Method)
	at sun.reflect.NativeMethodAccessorImpl.invoke(Unknown Source)
	at sun.reflect.DelegatingMethodAccessorImpl.invoke(Unknown Source)
	at java.lang.reflect.Method.invoke(Unknown Source)
	at org.testng.internal.MethodInvocationHelper.invokeMethod(MethodInvocationHelper.java:86)
	at org.testng.internal.Invoker.invokeMethod(Invoker.java:643)
	at org.testng.internal.Invoker.invokeTestMethod(Invoker.java:820)
	at org.testng.internal.Invoker.invokeTestMethods(Invoker.java:1128)
	at org.testng.internal.TestMethodWorker.invokeTestMethods(TestMethodWorker.java:129)
	at org.testng.internal.TestMethodWorker.run(TestMethodWorker.java:112)
	at org.testng.TestRunner.privateRun(TestRunner.java:782)
	at org.testng.TestRunner.run(TestRunner.java:632)
	at org.testng.SuiteRunner.runTest(SuiteRunner.java:366)
	at org.testng.SuiteRunner.access$000(SuiteRunner.java:39)
	at org.testng.SuiteRunner$SuiteWorker.run(SuiteRunner.java:400)
	at org.testng.internal.thread.ThreadUtil$2.call(ThreadUtil.java:64)
	at java.util.concurrent.FutureTask.run(Unknown Source)
	at java.util.concurrent.ThreadPoolExecutor.runWorker(Unknown Source)
	at java.util.concurrent.ThreadPoolExecutor$Worker.run(Unknown Source)
	at java.lang.Thread.run(Unknown Source)
</pre></div></td>
<td>60</td>
<td>tests.TrackingNumberTest@27c6e487</td></tr>
</table><p>
<table width='100%' border='1' class='invocation-passed'>
<tr><td colspan='4' align='center'><b>PASSED TESTS</b></td></tr>
<tr><td><b>Test method</b></td>
<td width="30%"><b>Exception</b></td>
<td width="10%"><b>Time (seconds)</b></td>
<td><b>Instance</b></td>
</tr>
<tr>
<td title='tests.CamapignUIVerificationTest.CampaignAndTrackingNumberPage_UI_Verification()'><b>CampaignAndTrackingNumberPage_UI_Verification</b><br>Test class: tests.CamapignUIVerificationTest</td>
<td></td>
<td>11</td>
<td>tests.CamapignUIVerificationTest@6e38921c</td></tr>
<tr>
<td title='tests.TrackingNumberTest.GeoRouteTrakingNumberCreation()'><b>GeoRouteTrakingNumberCreation</b><br>Test class: tests.TrackingNumberTest</td>
<td></td>
<td>90</td>
<td>tests.TrackingNumberTest@27c6e487</td></tr>
<tr>
<td title='tests.TrackingNumberTest.GeoRouteTrakingNumberDeletion()'><b>GeoRouteTrakingNumberDeletion</b><br>Test class: tests.TrackingNumberTest</td>
<td></td>
<td>6</td>
<td>tests.TrackingNumberTest@27c6e487</td></tr>
<tr>
<td title='tests.TrackingNumberTest.IVRCreation()'><b>IVRCreation</b><br>Test class: tests.TrackingNumberTest</td>
<td></td>
<td>418</td>
<td>tests.TrackingNumberTest@27c6e487</td></tr>
<tr>
<td title='tests.TrackingNumberTest.IVRDeletion()'><b>IVRDeletion</b><br>Test class: tests.TrackingNumberTest</td>
<td></td>
<td>7</td>
<td>tests.TrackingNumberTest@27c6e487</td></tr>
<tr>
<td title='tests.LoginTest.UIVerification_forgot_passowrd_page()'><b>UIVerification_forgot_passowrd_page</b><br>Test class: tests.LoginTest</td>
<td></td>
<td>2</td>
<td>tests.LoginTest@3d3fcdb0</td></tr>
<tr>
<td title='tests.CallDetailReportTest.advancedFilterForCallerID()'><b>advancedFilterForCallerID</b><br>Test class: tests.CallDetailReportTest</td>
<td></td>
<td>4</td>
<td>tests.CallDetailReportTest@49070868</td></tr>
<tr>
<td title='tests.CallDetailReportTest.advancedFilterForDuration()'><b>advancedFilterForDuration</b><br>Test class: tests.CallDetailReportTest</td>
<td></td>
<td>3</td>
<td>tests.CallDetailReportTest@49070868</td></tr>
<tr>
<td title='tests.CallDetailReportTest.advancedFilterForGroupName()'><b>advancedFilterForGroupName</b><br>Test class: tests.CallDetailReportTest</td>
<td></td>
<td>8</td>
<td>tests.CallDetailReportTest@49070868</td></tr>
<tr>
<td title='tests.CallDetailReportTest.advancedFilterForLineType()'><b>advancedFilterForLineType</b><br>Test class: tests.CallDetailReportTest</td>
<td></td>
<td>8</td>
<td>tests.CallDetailReportTest@49070868</td></tr>
<tr>
<td title='tests.CallDetailReportTest.advancedFilterUI()'><b>advancedFilterUI</b><br>Test class: tests.CallDetailReportTest</td>
<td></td>
<td>32</td>
<td>tests.CallDetailReportTest@49070868</td></tr>
<tr>
<td title='tests.CallDetailReportTest.allColumnPickerCheckboxesClickable()'><b>allColumnPickerCheckboxesClickable</b><br>Test class: tests.CallDetailReportTest</td>
<td></td>
<td>2</td>
<td>tests.CallDetailReportTest@49070868</td></tr>
<tr>
<td title='tests.CamapignUIVerificationTest.allColumnsDisplayed()'><b>allColumnsDisplayed</b><br>Test class: tests.CamapignUIVerificationTest</td>
<td></td>
<td>98</td>
<td>tests.CamapignUIVerificationTest@6e38921c</td></tr>
<tr>
<td title='tests.CallDetailReportTest.audioPlayerOpen()'><b>audioPlayerOpen</b><br>Test class: tests.CallDetailReportTest</td>
<td></td>
<td>0</td>
<td>tests.CallDetailReportTest@49070868</td></tr>
<tr>
<td title='tests.CallDetailReportTest.basicFilterForAdSource()'><b>basicFilterForAdSource</b><br>Test class: tests.CallDetailReportTest</td>
<td></td>
<td>6</td>
<td>tests.CallDetailReportTest@49070868</td></tr>
<tr>
<td title='tests.CallDetailReportTest.basicFilterForCaller_ID()'><b>basicFilterForCaller_ID</b><br>Test class: tests.CallDetailReportTest</td>
<td></td>
<td>3</td>
<td>tests.CallDetailReportTest@49070868</td></tr>
<tr>
<td title='tests.CallDetailReportTest.basicFilterForDisposition()'><b>basicFilterForDisposition</b><br>Test class: tests.CallDetailReportTest</td>
<td></td>
<td>7</td>
<td>tests.CallDetailReportTest@49070868</td></tr>
<tr>
<td title='tests.CallDetailReportTest.basicFilterForDuration()'><b>basicFilterForDuration</b><br>Test class: tests.CallDetailReportTest</td>
<td></td>
<td>3</td>
<td>tests.CallDetailReportTest@49070868</td></tr>
<tr>
<td title='tests.CallDetailReportTest.basicFilterForGroupName()'><b>basicFilterForGroupName</b><br>Test class: tests.CallDetailReportTest</td>
<td></td>
<td>8</td>
<td>tests.CallDetailReportTest@49070868</td></tr>
<tr>
<td title='tests.CallDetailReportTest.basicFilterForTrackingNumber()'><b>basicFilterForTrackingNumber</b><br>Test class: tests.CallDetailReportTest</td>
<td></td>
<td>3</td>
<td>tests.CallDetailReportTest@49070868</td></tr>
<tr>
<td title='tests.CampaignTests.campaignBuilderPage_UI_Verification()'><b>campaignBuilderPage_UI_Verification</b><br>Test class: tests.CampaignTests</td>
<td></td>
<td>9</td>
<td>tests.CampaignTests@64d7f7e0</td></tr>
<tr>
<td title='tests.CampaignTests.campaign_Creation_With_externalID()'><b>campaign_Creation_With_externalID</b><br>Test class: tests.CampaignTests</td>
<td></td>
<td>19</td>
<td>tests.CampaignTests@64d7f7e0</td></tr>
<tr>
<td title='tests.CampaignTests.campaign_Creation_Without_externalID()'><b>campaign_Creation_Without_externalID</b><br>Test class: tests.CampaignTests</td>
<td></td>
<td>17</td>
<td>tests.CampaignTests@64d7f7e0</td></tr>
<tr>
<td title='tests.CampaignTests.campaign_deletion_With_externalID()'><b>campaign_deletion_With_externalID</b><br>Test class: tests.CampaignTests</td>
<td></td>
<td>13</td>
<td>tests.CampaignTests@64d7f7e0</td></tr>
<tr>
<td title='tests.CampaignTests.campaign_deletion_With_futureStartDate()'><b>campaign_deletion_With_futureStartDate</b><br>Test class: tests.CampaignTests</td>
<td></td>
<td>13</td>
<td>tests.CampaignTests@64d7f7e0</td></tr>
<tr>
<td title='tests.CampaignTests.campaign_deletion_With_futureStartDateAndFutureEndDate()'><b>campaign_deletion_With_futureStartDateAndFutureEndDate</b><br>Test class: tests.CampaignTests</td>
<td></td>
<td>13</td>
<td>tests.CampaignTests@64d7f7e0</td></tr>
<tr>
<td title='tests.CampaignTests.campaign_deletion_Without_externalID()'><b>campaign_deletion_Without_externalID</b><br>Test class: tests.CampaignTests</td>
<td></td>
<td>13</td>
<td>tests.CampaignTests@64d7f7e0</td></tr>
<tr>
<td title='tests.CampaignTests.campaign_updation_With_externalID()'><b>campaign_updation_With_externalID</b><br>Test class: tests.CampaignTests</td>
<td></td>
<td>44</td>
<td>tests.CampaignTests@64d7f7e0</td></tr>
<tr>
<td title='tests.CampaignTests.campaign_updation_Without_externalID()'><b>campaign_updation_Without_externalID</b><br>Test class: tests.CampaignTests</td>
<td></td>
<td>52</td>
<td>tests.CampaignTests@64d7f7e0</td></tr>
<tr>
<td title='tests.CallDetailReportTest.columnPickerFeature()'><b>columnPickerFeature</b><br>Test class: tests.CallDetailReportTest</td>
<td></td>
<td>34</td>
<td>tests.CallDetailReportTest@49070868</td></tr>
<tr>
<td title='tests.CallDetailReportTest.commentSectionUIVerification()'><b>commentSectionUIVerification</b><br>Test class: tests.CallDetailReportTest</td>
<td></td>
<td>0</td>
<td>tests.CallDetailReportTest@49070868</td></tr>
<tr>
<td title='tests.CampaignTests.createCampaignWithFutureStartDateAndFutureEndDate()'><b>createCampaignWithFutureStartDateAndFutureEndDate</b><br>Test class: tests.CampaignTests</td>
<td></td>
<td>22</td>
<td>tests.CampaignTests@64d7f7e0</td></tr>
<tr>
<td title='tests.CampaignTests.createCampaignWithFutureStartDateAndNeverEndDate()'><b>createCampaignWithFutureStartDateAndNeverEndDate</b><br>Test class: tests.CampaignTests</td>
<td></td>
<td>19</td>
<td>tests.CampaignTests@64d7f7e0</td></tr>
<tr>
<td title='tests.CampaignTests.createCampaignWithPastTime()'><b>createCampaignWithPastTime</b><br>Test class: tests.CampaignTests</td>
<td></td>
<td>9</td>
<td>tests.CampaignTests@64d7f7e0</td></tr>
<tr>
<td title='tests.CallDetailReportTest.dateRangeFilterForLast30days()'><b>dateRangeFilterForLast30days</b><br>Test class: tests.CallDetailReportTest</td>
<td></td>
<td>10</td>
<td>tests.CallDetailReportTest@49070868</td></tr>
<tr>
<td title='tests.CallDetailReportTest.dateRangeFilterForLast7days()'><b>dateRangeFilterForLast7days</b><br>Test class: tests.CallDetailReportTest</td>
<td></td>
<td>3</td>
<td>tests.CallDetailReportTest@49070868</td></tr>
<tr>
<td title='tests.CallDetailReportTest.dateRangeFilterForToday()'><b>dateRangeFilterForToday</b><br>Test class: tests.CallDetailReportTest</td>
<td></td>
<td>62</td>
<td>tests.CallDetailReportTest@49070868</td></tr>
<tr>
<td title='tests.CallDetailReportTest.dateRangeFilterForYesterday()'><b>dateRangeFilterForYesterday</b><br>Test class: tests.CallDetailReportTest</td>
<td></td>
<td>126</td>
<td>tests.CallDetailReportTest@49070868</td></tr>
<tr>
<td title='tests.CampaignTests.defaultCampaignOwnerValidation()'><b>defaultCampaignOwnerValidation</b><br>Test class: tests.CampaignTests</td>
<td></td>
<td>9</td>
<td>tests.CampaignTests@64d7f7e0</td></tr>
<tr>
<td title='tests.CallDetailReportTest.defaultColumnPickerOptions()'><b>defaultColumnPickerOptions</b><br>Test class: tests.CallDetailReportTest</td>
<td></td>
<td>16</td>
<td>tests.CallDetailReportTest@49070868</td></tr>
<tr>
<td title='tests.CamapignUIVerificationTest.defaultColumnsDisplayed()'><b>defaultColumnsDisplayed</b><br>Test class: tests.CamapignUIVerificationTest</td>
<td></td>
<td>12</td>
<td>tests.CamapignUIVerificationTest@6e38921c</td></tr>
<tr>
<td title='tests.CallDetailReportTest.defaultColumnsDisplayed()'><b>defaultColumnsDisplayed</b><br>Test class: tests.CallDetailReportTest</td>
<td></td>
<td>6</td>
<td>tests.CallDetailReportTest@49070868</td></tr>
<tr>
<td title='tests.CallDetailReportTest.emailCallFeature()'><b>emailCallFeature</b><br>Test class: tests.CallDetailReportTest</td>
<td></td>
<td>7</td>
<td>tests.CallDetailReportTest@49070868</td></tr>
<tr>
<td title='tests.CallDetailReportTest.emailCallSectionUIVerification()'><b>emailCallSectionUIVerification</b><br>Test class: tests.CallDetailReportTest</td>
<td></td>
<td>1</td>
<td>tests.CallDetailReportTest@49070868</td></tr>
<tr>
<td title='tests.CallDetailReportTest.infoSectionUIVerification()'><b>infoSectionUIVerification</b><br>Test class: tests.CallDetailReportTest</td>
<td></td>
<td>1</td>
<td>tests.CallDetailReportTest@49070868</td></tr>
<tr>
<td title='tests.CallDetailReportTest.informationTagOpen()'><b>informationTagOpen</b><br>Test class: tests.CallDetailReportTest</td>
<td></td>
<td>0</td>
<td>tests.CallDetailReportTest@49070868</td></tr>
<tr>
<td title='tests.LoginTest.login_page_UI_Verification()'><b>login_page_UI_Verification</b><br>Test class: tests.LoginTest</td>
<td></td>
<td>0</td>
<td>tests.LoginTest@3d3fcdb0</td></tr>
<tr>
<td title='tests.LoginTest.login_with_blank_password()'><b>login_with_blank_password</b><br>Test class: tests.LoginTest</td>
<td></td>
<td>0</td>
<td>tests.LoginTest@3d3fcdb0</td></tr>
<tr>
<td title='tests.LoginTest.login_with_blank_username()'><b>login_with_blank_username</b><br>Test class: tests.LoginTest</td>
<td></td>
<td>0</td>
<td>tests.LoginTest@3d3fcdb0</td></tr>
<tr>
<td title='tests.LoginTest.login_with_blank_username_and_password()'><b>login_with_blank_username_and_password</b><br>Test class: tests.LoginTest</td>
<td></td>
<td>0</td>
<td>tests.LoginTest@3d3fcdb0</td></tr>
<tr>
<td title='tests.LoginTest.login_with_deleted_user()'><b>login_with_deleted_user</b><br>Test class: tests.LoginTest</td>
<td></td>
<td>0</td>
<td>tests.LoginTest@3d3fcdb0</td></tr>
<tr>
<td title='tests.LoginTest.login_with_inactive_user()'><b>login_with_inactive_user</b><br>Test class: tests.LoginTest</td>
<td></td>
<td>0</td>
<td>tests.LoginTest@3d3fcdb0</td></tr>
<tr>
<td title='tests.LoginTest.login_with_invalidate_cred()'><b>login_with_invalidate_cred</b><br>Test class: tests.LoginTest</td>
<td></td>
<td>2</td>
<td>tests.LoginTest@3d3fcdb0</td></tr>
<tr>
<td title='tests.LoginTest.next_button_with_no_email_ID()'><b>next_button_with_no_email_ID</b><br>Test class: tests.LoginTest</td>
<td></td>
<td>0</td>
<td>tests.LoginTest@3d3fcdb0</td></tr>
<tr>
<td title='tests.TrackingNumberTest.numberPoolCreation()'><b>numberPoolCreation</b><br>Test class: tests.TrackingNumberTest</td>
<td></td>
<td>96</td>
<td>tests.TrackingNumberTest@27c6e487</td></tr>
<tr>
<td title='tests.TrackingNumberTest.numberPoolDeletion()'><b>numberPoolDeletion</b><br>Test class: tests.TrackingNumberTest</td>
<td></td>
<td>7</td>
<td>tests.TrackingNumberTest@27c6e487</td></tr>
<tr>
<td title='tests.TrackingNumberTest.numberPoolUpdation()'><b>numberPoolUpdation</b><br>Test class: tests.TrackingNumberTest</td>
<td></td>
<td>6</td>
<td>tests.TrackingNumberTest@27c6e487</td></tr>
<tr>
<td title='tests.TrackingNumberTest.outboundTrakingNumberCreation()'><b>outboundTrakingNumberCreation</b><br>Test class: tests.TrackingNumberTest</td>
<td></td>
<td>78</td>
<td>tests.TrackingNumberTest@27c6e487</td></tr>
<tr>
<td title='tests.TrackingNumberTest.outboundTrakingNumberDeletion()'><b>outboundTrakingNumberDeletion</b><br>Test class: tests.TrackingNumberTest</td>
<td></td>
<td>6</td>
<td>tests.TrackingNumberTest@27c6e487</td></tr>
<tr>
<td title='tests.CallDetailReportTest.paginationCount()'><b>paginationCount</b><br>Test class: tests.CallDetailReportTest</td>
<td></td>
<td>1</td>
<td>tests.CallDetailReportTest@49070868</td></tr>
<tr>
<td title='tests.CallDetailReportTest.paginationUI()'><b>paginationUI</b><br>Test class: tests.CallDetailReportTest</td>
<td></td>
<td>0</td>
<td>tests.CallDetailReportTest@49070868</td></tr>
<tr>
<td title='tests.TrackingNumberTest.percentTrakingNumberCreation()'><b>percentTrakingNumberCreation</b><br>Test class: tests.TrackingNumberTest</td>
<td></td>
<td>88</td>
<td>tests.TrackingNumberTest@27c6e487</td></tr>
<tr>
<td title='tests.TrackingNumberTest.percentTrakingNumberDeletion()'><b>percentTrakingNumberDeletion</b><br>Test class: tests.TrackingNumberTest</td>
<td></td>
<td>7</td>
<td>tests.TrackingNumberTest@27c6e487</td></tr>
<tr>
<td title='tests.LoginTest.rememeber_me_functinonality()'><b>rememeber_me_functinonality</b><br>Test class: tests.LoginTest</td>
<td></td>
<td>6</td>
<td>tests.LoginTest@3d3fcdb0</td></tr>
<tr>
<td title='tests.TrackingNumberTest.reserveNumberCreation()'><b>reserveNumberCreation</b><br>Test class: tests.TrackingNumberTest</td>
<td></td>
<td>21</td>
<td>tests.TrackingNumberTest@27c6e487</td></tr>
<tr>
<td title='tests.TrackingNumberTest.reserveNumberDeletion()'><b>reserveNumberDeletion</b><br>Test class: tests.TrackingNumberTest</td>
<td></td>
<td>7</td>
<td>tests.TrackingNumberTest@27c6e487</td></tr>
<tr>
<td title='tests.TrackingNumberTest.reserveNumberUpdation()'><b>reserveNumberUpdation</b><br>Test class: tests.TrackingNumberTest</td>
<td></td>
<td>7</td>
<td>tests.TrackingNumberTest@27c6e487</td></tr>
<tr>
<td title='tests.LoginTest.reset_password()'><b>reset_password</b><br>Test class: tests.LoginTest</td>
<td></td>
<td>1</td>
<td>tests.LoginTest@3d3fcdb0</td></tr>
<tr>
<td title='tests.TrackingNumberTest.scheduleTrakingNumberCreation()'><b>scheduleTrakingNumberCreation</b><br>Test class: tests.TrackingNumberTest</td>
<td></td>
<td>92</td>
<td>tests.TrackingNumberTest@27c6e487</td></tr>
<tr>
<td title='tests.TrackingNumberTest.simpleTrakingNumberCreation()'><b>simpleTrakingNumberCreation</b><br>Test class: tests.TrackingNumberTest</td>
<td></td>
<td>92</td>
<td>tests.TrackingNumberTest@27c6e487</td></tr>
<tr>
<td title='tests.TrackingNumberTest.simpleTrakingNumberDeletion()'><b>simpleTrakingNumberDeletion</b><br>Test class: tests.TrackingNumberTest</td>
<td></td>
<td>7</td>
<td>tests.TrackingNumberTest@27c6e487</td></tr>
<tr>
<td title='tests.TrackingNumberTest.simpleTrakingNumberUpdation()'><b>simpleTrakingNumberUpdation</b><br>Test class: tests.TrackingNumberTest</td>
<td></td>
<td>7</td>
<td>tests.TrackingNumberTest@27c6e487</td></tr>
<tr>
<td title='tests.CallDetailReportTest.tableCount()'><b>tableCount</b><br>Test class: tests.CallDetailReportTest</td>
<td></td>
<td>1</td>
<td>tests.CallDetailReportTest@49070868</td></tr>
<tr>
<td title='tests.CallDetailReportTest.tagSectionUIVerification()'><b>tagSectionUIVerification</b><br>Test class: tests.CallDetailReportTest</td>
<td></td>
<td>0</td>
<td>tests.CallDetailReportTest@49070868</td></tr>
<tr>
<td title='tests.TrackingNumberTest.trakingNumberPageUIVerification()'><b>trakingNumberPageUIVerification</b><br>Test class: tests.TrackingNumberTest</td>
<td></td>
<td>211</td>
<td>tests.TrackingNumberTest@27c6e487</td></tr>
<tr>
<td title='tests.HomeTest.ui_verification()'><b>ui_verification</b><br>Test class: tests.HomeTest</td>
<td></td>
<td>10</td>
<td>tests.HomeTest@641147d0</td></tr>
<tr>
<td title='tests.CampaignTests.updateCampaignWithFutureStartDateAndFutureEndDate()'><b>updateCampaignWithFutureStartDateAndFutureEndDate</b><br>Test class: tests.CampaignTests</td>
<td></td>
<td>50</td>
<td>tests.CampaignTests@64d7f7e0</td></tr>
<tr>
<td title='tests.CampaignTests.updateCampaignWithFutureStartDateAndNeverEndDate()'><b>updateCampaignWithFutureStartDateAndNeverEndDate</b><br>Test class: tests.CampaignTests</td>
<td></td>
<td>46</td>
<td>tests.CampaignTests@64d7f7e0</td></tr>
<tr>
<td title='tests.LoginTest.validLogin()'><b>validLogin</b><br>Test class: tests.LoginTest</td>
<td></td>
<td>1</td>
<td>tests.LoginTest@3d3fcdb0</td></tr>
<tr>
<td title='tests.TrackingNumberTest.voicemailTrakingNumberCreation()'><b>voicemailTrakingNumberCreation</b><br>Test class: tests.TrackingNumberTest</td>
<td></td>
<td>73</td>
<td>tests.TrackingNumberTest@27c6e487</td></tr>
</table><p>
</body>
</html>