<?xml version="1.0" encoding="UTF-8"?>
<!-- Generated by org.testng.reporters.JUnitXMLReporter -->
<testsuite hostname="LAPTOP-Q18VUQ5U" name="chrome test-1" tests="21" failures="0" timestamp="6 May 2020 11:11:12 GMT" time="587.084" errors="0">
  <testcase name="@AfterClass loggingOut" time="0.0" classname="tests.CallLogsTest">
    <failure type="org.openqa.selenium.TimeoutException" message="Expected condition failed: waiting for visibility of Proxy element for: DefaultElementLocator &amp;apos;By.xpath: //a[@class=&amp;apos;dropdown-toggle username bootstro&amp;apos;]//span[@class=&amp;apos;hidden-xs ng-binding&amp;apos;]&amp;apos; (tried for 60 second(s) with 500 milliseconds interval)">
      <![CDATA[org.openqa.selenium.TimeoutException: Expected condition failed: waiting for visibility of Proxy element for: DefaultElementLocator 'By.xpath: //a[@class='dropdown-toggle username bootstro']//span[@class='hidden-xs ng-binding']' (tried for 60 second(s) with 500 milliseconds interval)
	at org.openqa.selenium.support.ui.WebDriverWait.timeoutException(WebDriverWait.java:81)
	at org.openqa.selenium.support.ui.FluentWait.until(FluentWait.java:271)
	at pom.LoginPage.logOut(LoginPage.java:390)
	at tests.CallLogsTest.loggingOut(CallLogsTest.java:219)
	at java.util.concurrent.FutureTask.run(FutureTask.java:266)
	at java.util.concurrent.ThreadPoolExecutor.runWorker(ThreadPoolExecutor.java:1149)
	at java.util.concurrent.ThreadPoolExecutor$Worker.run(ThreadPoolExecutor.java:624)
	at java.lang.Thread.run(Thread.java:748)
Caused by: org.openqa.selenium.NoSuchElementException: no such element: Unable to locate element: {"method":"xpath","selector":"//a[@class='dropdown-toggle username bootstro']//span[@class='hidden-xs ng-binding']"}
  (Session info: chrome=81.0.4044.129)
  (Driver info: chromedriver=2.36.540470 (e522d04694c7ebea4ba8821272dbef4f9b818c91),platform=Windows NT 10.0.18362 x86_64) (WARNING: The server did not provide any stacktrace information)
Command duration or timeout: 0 milliseconds
For documentation on this error, please visit: http://seleniumhq.org/exceptions/no_such_element.html
Build info: version: '3.11.0', revision: 'e59cfb3', time: '2018-03-11T20:26:55.152Z'
System info: host: 'LAPTOP-Q18VUQ5U', ip: '5.5.17.172', os.name: 'Windows 10', os.arch: 'amd64', os.version: '10.0', java.version: '1.8.0_152'
Driver info: org.openqa.selenium.chrome.ChromeDriver
Capabilities {acceptInsecureCerts: false, acceptSslCerts: false, applicationCacheEnabled: false, browserConnectionEnabled: false, browserName: chrome, chrome: {chromedriverVersion: 2.36.540470 (e522d04694c7eb..., userDataDir: C:\Users\PREETI~1\AppData\L...}, cssSelectorsEnabled: true, databaseEnabled: false, handlesAlerts: true, hasTouchScreen: false, javascriptEnabled: true, locationContextEnabled: true, mobileEmulationEnabled: false, nativeEvents: true, networkConnectionEnabled: false, pageLoadStrategy: normal, platform: XP, platformName: XP, rotatable: false, setWindowRect: true, takesHeapSnapshot: true, takesScreenshot: true, unexpectedAlertBehaviour: , unhandledPromptBehavior: , version: 81.0.4044.129, webStorageEnabled: true}
Session ID: ca34c70cbb7d2b40e4b237bc4fc3cca2
*** Element info: {Using=xpath, value=//a[@class='dropdown-toggle username bootstro']//span[@class='hidden-xs ng-binding']}
	at org.openqa.selenium.remote.ErrorHandler.createThrowable(ErrorHandler.java:214)
	at org.openqa.selenium.remote.ErrorHandler.throwIfResponseFailed(ErrorHandler.java:166)
	at org.openqa.selenium.remote.http.JsonHttpResponseCodec.reconstructValue(JsonHttpResponseCodec.java:40)
	at org.openqa.selenium.remote.http.AbstractHttpResponseCodec.decode(AbstractHttpResponseCodec.java:80)
	at org.openqa.selenium.remote.http.AbstractHttpResponseCodec.decode(AbstractHttpResponseCodec.java:44)
	at org.openqa.selenium.remote.HttpCommandExecutor.execute(HttpCommandExecutor.java:158)
	at org.openqa.selenium.remote.service.DriverCommandExecutor.execute(DriverCommandExecutor.java:83)
	at org.openqa.selenium.remote.RemoteWebDriver.execute(RemoteWebDriver.java:545)
	at org.openqa.selenium.remote.RemoteWebDriver.findElement(RemoteWebDriver.java:319)
	at org.openqa.selenium.remote.RemoteWebDriver.findElementByXPath(RemoteWebDriver.java:421)
	at org.openqa.selenium.By$ByXPath.findElement(By.java:361)
	at org.openqa.selenium.remote.RemoteWebDriver.findElement(RemoteWebDriver.java:311)
	at org.openqa.selenium.support.pagefactory.DefaultElementLocator.findElement(DefaultElementLocator.java:69)
	at org.openqa.selenium.support.pagefactory.internal.LocatingElementHandler.invoke(LocatingElementHandler.java:38)
	at com.sun.proxy.$Proxy16.isDisplayed(Unknown Source)
	at org.openqa.selenium.support.ui.ExpectedConditions.elementIfVisible(ExpectedConditions.java:315)
	at org.openqa.selenium.support.ui.ExpectedConditions.access$100(ExpectedConditions.java:44)
	at org.openqa.selenium.support.ui.ExpectedConditions$10.apply(ExpectedConditions.java:301)
	at org.openqa.selenium.support.ui.ExpectedConditions$10.apply(ExpectedConditions.java:298)
	at org.openqa.selenium.support.ui.FluentWait.until(FluentWait.java:248)
	... 22 more
... Removed 20 stack frames]]>
    </failure>
  </testcase> <!-- @AfterClass loggingOut -->
  <testcase name="@AfterTest tearDown" time="0.0" classname="tests.CallLogsTest">
    <skipped/>
  </testcase> <!-- @AfterTest tearDown -->
  <testcase name="headerLabelVerification" time="16.276" classname="tests.CallLogsTest"/>
  <testcase name="presenceOfTimeZoneVerification" time="0.499" classname="tests.CallLogsTest"/>
  <testcase name="presenceOfGearIconVerification" time="0.1" classname="tests.CallLogsTest"/>
  <testcase name="gearIconOptionsVerification" time="6.273" classname="tests.CallLogsTest"/>
  <testcase name="tilesVerification" time="16.45" classname="tests.CallLogsTest"/>
  <testcase name="totalCallsTileValueVerification" time="9.839" classname="tests.CallLogsTest"/>
  <testcase name="uniqueCallsTileValueVerification" time="9.894" classname="tests.CallLogsTest"/>
  <testcase name="answeredCallsTileValueVerification" time="6.565" classname="tests.CallLogsTest"/>
  <testcase name="averageCallsDurationTileValueVerification" time="8.034" classname="tests.CallLogsTest"/>
  <testcase name="totalLeadsTileValueVerification" time="8.029" classname="tests.CallLogsTest"/>
  <testcase name="totalConversionTileValueVerification" time="8.765" classname="tests.CallLogsTest"/>
  <testcase name="presenceOfTotalCallsGraph" time="0.139" classname="tests.CallLogsTest"/>
  <testcase name="presenceOfUniqueCallsGraph" time="0.076" classname="tests.CallLogsTest"/>
  <testcase name="tableColumnsTest" time="25.372" classname="tests.CallLogsTest"/>
  <testcase name="filterButtonTest" time="0.133" classname="tests.CallLogsTest"/>
  <testcase name="filterButtonElementsTest" time="28.834" classname="tests.CallLogsTest"/>
  <testcase name="filterFeatureForGroupTest" time="73.203" classname="tests.CallLogsTest"/>
  <testcase name="filterFeatureForCampaignTest" time="70.387" classname="tests.CallLogsTest"/>
  <testcase name="footerNoteTest" time="0.377" classname="tests.CallLogsTest"/>
  <testcase name="presenceOfDetailedViewTileTest" time="2.096" classname="tests.CallLogsTest"/>
  <testcase name="detailedViewUIVerificationTest" time="9.829" classname="tests.CallLogsTest"/>
</testsuite> <!-- chrome test-1 -->
