<?xml version="1.0" encoding="UTF-8"?>
<!-- Generated by org.testng.reporters.JUnitXMLReporter -->
<testsuite hostname="LAPTOP-Q18VUQ5U" name="chrome test" tests="86" failures="6" timestamp="26 Mar 2020 13:39:12 GMT" time="2762.268" errors="0">
  <testcase name="login_page_UI_Verification" time="0.718" classname="tests.LoginTest"/>
  <testcase name="login_with_invalidate_cred" time="2.368" classname="tests.LoginTest"/>
  <testcase name="login_with_blank_username" time="0.324" classname="tests.LoginTest"/>
  <testcase name="login_with_blank_password" time="0.467" classname="tests.LoginTest"/>
  <testcase name="login_with_inactive_user" time="0.611" classname="tests.LoginTest"/>
  <testcase name="login_with_deleted_user" time="0.697" classname="tests.LoginTest"/>
  <testcase name="login_with_blank_username_and_password" time="0.217" classname="tests.LoginTest"/>
  <testcase name="UIVerification_forgot_passowrd_page" time="2.88" classname="tests.LoginTest"/>
  <testcase name="next_button_with_no_email_ID" time="0.381" classname="tests.LoginTest"/>
  <testcase name="reset_password" time="1.114" classname="tests.LoginTest"/>
  <testcase name="rememeber_me_functinonality" time="6.724" classname="tests.LoginTest"/>
  <testcase name="validLogin" time="1.883" classname="tests.LoginTest"/>
  <testcase name="ui_verification" time="10.446" classname="tests.HomeTest"/>
  <testcase name="tiles_count_verification_UI" time="9.391" classname="tests.HomeTest">
    <failure type="java.lang.AssertionError" message="The following asserts failed:
	total_call_count_from_ui is not matching with db expected [true] but found [false],
	answered_calls_count_from_ui is not matching with db expected [true] but found [false],
	AVG CALL DURATION from ui is not matching with db expected [true] but found [false],
	total_leads__from_ui is not matching with db expected [true] but found [false]">
      <![CDATA[java.lang.AssertionError: The following asserts failed:
	total_call_count_from_ui is not matching with db expected [true] but found [false],
	answered_calls_count_from_ui is not matching with db expected [true] but found [false],
	AVG CALL DURATION from ui is not matching with db expected [true] but found [false],
	total_leads__from_ui is not matching with db expected [true] but found [false]
	at pom.HomePage.tilesCount(HomePage.java:478)
	at tests.HomeTest.tiles_count_verification_UI(HomeTest.java:55)
	at java.util.concurrent.FutureTask.run(Unknown Source)
	at java.util.concurrent.ThreadPoolExecutor.runWorker(Unknown Source)
	at java.util.concurrent.ThreadPoolExecutor$Worker.run(Unknown Source)
	at java.lang.Thread.run(Unknown Source)
... Removed 17 stack frames]]>
    </failure>
  </testcase> <!-- tiles_count_verification_UI -->
  <testcase name="CampaignAndTrackingNumberPage_UI_Verification" time="11.012" classname="tests.CamapignUIVerificationTest"/>
  <testcase name="defaultColumnsDisplayed" time="12.039" classname="tests.CamapignUIVerificationTest"/>
  <testcase name="allColumnsDisplayed" time="98.591" classname="tests.CamapignUIVerificationTest"/>
  <testcase name="campaignBuilderPage_UI_Verification" time="9.172" classname="tests.CampaignTests"/>
  <testcase name="defaultCampaignOwnerValidation" time="9.084" classname="tests.CampaignTests"/>
  <testcase name="campaign_Creation_Without_externalID" time="17.762" classname="tests.CampaignTests"/>
  <testcase name="campaign_updation_Without_externalID" time="52.926" classname="tests.CampaignTests"/>
  <testcase name="campaign_deletion_Without_externalID" time="13.139" classname="tests.CampaignTests"/>
  <testcase name="campaign_Creation_With_externalID" time="19.066" classname="tests.CampaignTests"/>
  <testcase name="campaign_updation_With_externalID" time="44.733" classname="tests.CampaignTests"/>
  <testcase name="campaign_deletion_With_externalID" time="13.254" classname="tests.CampaignTests"/>
  <testcase name="createCampaignWithFutureStartDateAndNeverEndDate" time="19.619" classname="tests.CampaignTests"/>
  <testcase name="updateCampaignWithFutureStartDateAndNeverEndDate" time="46.278" classname="tests.CampaignTests"/>
  <testcase name="campaign_deletion_With_futureStartDate" time="13.64" classname="tests.CampaignTests"/>
  <testcase name="createCampaignWithFutureStartDateAndFutureEndDate" time="22.173" classname="tests.CampaignTests"/>
  <testcase name="updateCampaignWithFutureStartDateAndFutureEndDate" time="50.675" classname="tests.CampaignTests"/>
  <testcase name="campaign_deletion_With_futureStartDateAndFutureEndDate" time="13.839" classname="tests.CampaignTests"/>
  <testcase name="createCampaignWithPastTime" time="9.44" classname="tests.CampaignTests"/>
  <testcase name="trakingNumberPageUIVerification" time="211.485" classname="tests.TrackingNumberTest"/>
  <testcase name="simpleTrakingNumberCreation" time="92.026" classname="tests.TrackingNumberTest"/>
  <testcase name="simpleTrakingNumberUpdation" time="7.384" classname="tests.TrackingNumberTest"/>
  <testcase name="simpleTrakingNumberDeletion" time="7.039" classname="tests.TrackingNumberTest"/>
  <testcase name="numberPoolCreation" time="96.279" classname="tests.TrackingNumberTest"/>
  <testcase name="numberPoolUpdation" time="6.966" classname="tests.TrackingNumberTest"/>
  <testcase name="numberPoolDeletion" time="7.022" classname="tests.TrackingNumberTest"/>
  <testcase name="reserveNumberCreation" time="21.361" classname="tests.TrackingNumberTest"/>
  <testcase name="reserveNumberUpdation" time="7.148" classname="tests.TrackingNumberTest"/>
  <testcase name="reserveNumberDeletion" time="7.052" classname="tests.TrackingNumberTest"/>
  <testcase name="GeoRouteTrakingNumberCreation" time="90.941" classname="tests.TrackingNumberTest"/>
  <testcase name="GeoRouteTrakingNumberDeletion" time="6.789" classname="tests.TrackingNumberTest"/>
  <testcase name="percentTrakingNumberCreation" time="88.575" classname="tests.TrackingNumberTest"/>
  <testcase name="percentTrakingNumberDeletion" time="7.373" classname="tests.TrackingNumberTest"/>
  <testcase name="outboundTrakingNumberCreation" time="78.969" classname="tests.TrackingNumberTest"/>
  <testcase name="outboundTrakingNumberDeletion" time="6.686" classname="tests.TrackingNumberTest"/>
  <testcase name="hangupTrakingNumberCreation" time="60.233" classname="tests.TrackingNumberTest">
    <failure type="org.openqa.selenium.TimeoutException" message="Expected condition failed: waiting for invisibility of [[ChromeDriver: chrome on XP (ea862cb4e1d29b12d1b775456dd7315b)] -&amp;gt; xpath: //div[@class=&amp;apos;pageProgressLoader&amp;apos;]] (tried for 60 second(s) with 500 milliseconds interval)
Build info: version: &amp;apos;3.11.0&amp;apos;, revision: &amp;apos;e59cfb3&amp;apos;, time: &amp;apos;2018-03-11T20:26:55.152Z&amp;apos;
System info: host: &amp;apos;LAPTOP-Q18VUQ5U&amp;apos;, ip: &amp;apos;5.5.20.98&amp;apos;, os.name: &amp;apos;Windows 10&amp;apos;, os.arch: &amp;apos;amd64&amp;apos;, os.version: &amp;apos;10.0&amp;apos;, java.version: &amp;apos;1.8.0_201&amp;apos;
Driver info: org.openqa.selenium.chrome.ChromeDriver
Capabilities {acceptInsecureCerts: false, acceptSslCerts: false, applicationCacheEnabled: false, browserConnectionEnabled: false, browserName: chrome, chrome: {chromedriverVersion: 2.36.540470 (e522d04694c7eb..., userDataDir: C:\Users\PREETI~1\AppData\L...}, cssSelectorsEnabled: true, databaseEnabled: false, handlesAlerts: true, hasTouchScreen: false, javascriptEnabled: true, locationContextEnabled: true, mobileEmulationEnabled: false, nativeEvents: true, networkConnectionEnabled: false, pageLoadStrategy: normal, platform: XP, platformName: XP, rotatable: false, setWindowRect: true, takesHeapSnapshot: true, takesScreenshot: true, unexpectedAlertBehaviour: , unhandledPromptBehavior: , version: 80.0.3987.149, webStorageEnabled: true}
Session ID: ea862cb4e1d29b12d1b775456dd7315b">
      <![CDATA[org.openqa.selenium.TimeoutException: Expected condition failed: waiting for invisibility of [[ChromeDriver: chrome on XP (ea862cb4e1d29b12d1b775456dd7315b)] -> xpath: //div[@class='pageProgressLoader']] (tried for 60 second(s) with 500 milliseconds interval)
Build info: version: '3.11.0', revision: 'e59cfb3', time: '2018-03-11T20:26:55.152Z'
System info: host: 'LAPTOP-Q18VUQ5U', ip: '5.5.20.98', os.name: 'Windows 10', os.arch: 'amd64', os.version: '10.0', java.version: '1.8.0_201'
Driver info: org.openqa.selenium.chrome.ChromeDriver
Capabilities {acceptInsecureCerts: false, acceptSslCerts: false, applicationCacheEnabled: false, browserConnectionEnabled: false, browserName: chrome, chrome: {chromedriverVersion: 2.36.540470 (e522d04694c7eb..., userDataDir: C:\Users\PREETI~1\AppData\L...}, cssSelectorsEnabled: true, databaseEnabled: false, handlesAlerts: true, hasTouchScreen: false, javascriptEnabled: true, locationContextEnabled: true, mobileEmulationEnabled: false, nativeEvents: true, networkConnectionEnabled: false, pageLoadStrategy: normal, platform: XP, platformName: XP, rotatable: false, setWindowRect: true, takesHeapSnapshot: true, takesScreenshot: true, unexpectedAlertBehaviour: , unhandledPromptBehavior: , version: 80.0.3987.149, webStorageEnabled: true}
Session ID: ea862cb4e1d29b12d1b775456dd7315b
	at org.openqa.selenium.support.ui.WebDriverWait.timeoutException(WebDriverWait.java:81)
	at org.openqa.selenium.support.ui.FluentWait.until(FluentWait.java:271)
	at pom.TrackingNumberBuilderPage.createHangupRoute(TrackingNumberBuilderPage.java:1081)
	at tests.TrackingNumberTest.hangupTrakingNumberCreation(TrackingNumberTest.java:315)
	at java.util.concurrent.FutureTask.run(Unknown Source)
	at java.util.concurrent.ThreadPoolExecutor.runWorker(Unknown Source)
	at java.util.concurrent.ThreadPoolExecutor$Worker.run(Unknown Source)
	at java.lang.Thread.run(Unknown Source)
... Removed 16 stack frames]]>
    </failure>
  </testcase> <!-- hangupTrakingNumberCreation -->
  <testcase name="hangupTrakingNumberDeletion" time="60.03" classname="tests.TrackingNumberTest">
    <failure type="org.openqa.selenium.NoSuchElementException" message="no such element: Unable to locate element: {&amp;quot;method&amp;quot;:&amp;quot;xpath&amp;quot;,&amp;quot;selector&amp;quot;:&amp;quot;//span[contains(text(),&amp;apos;SJ TN-1676642851&amp;apos;)]//ancestor::tr//div//button[contains(text(),&amp;apos;Delete&amp;apos;)]&amp;quot;}
  (Session info: chrome=80.0.3987.149)
  (Driver info: chromedriver=2.36.540470 (e522d04694c7ebea4ba8821272dbef4f9b818c91),platform=Windows NT 10.0.18362 x86_64) (WARNING: The server did not provide any stacktrace information)
Command duration or timeout: 0 milliseconds
For documentation on this error, please visit: http://seleniumhq.org/exceptions/no_such_element.html
Build info: version: &amp;apos;3.11.0&amp;apos;, revision: &amp;apos;e59cfb3&amp;apos;, time: &amp;apos;2018-03-11T20:26:55.152Z&amp;apos;
System info: host: &amp;apos;LAPTOP-Q18VUQ5U&amp;apos;, ip: &amp;apos;5.5.20.98&amp;apos;, os.name: &amp;apos;Windows 10&amp;apos;, os.arch: &amp;apos;amd64&amp;apos;, os.version: &amp;apos;10.0&amp;apos;, java.version: &amp;apos;1.8.0_201&amp;apos;
Driver info: org.openqa.selenium.chrome.ChromeDriver
Capabilities {acceptInsecureCerts: false, acceptSslCerts: false, applicationCacheEnabled: false, browserConnectionEnabled: false, browserName: chrome, chrome: {chromedriverVersion: 2.36.540470 (e522d04694c7eb..., userDataDir: C:\Users\PREETI~1\AppData\L...}, cssSelectorsEnabled: true, databaseEnabled: false, handlesAlerts: true, hasTouchScreen: false, javascriptEnabled: true, locationContextEnabled: true, mobileEmulationEnabled: false, nativeEvents: true, networkConnectionEnabled: false, pageLoadStrategy: normal, platform: XP, platformName: XP, rotatable: false, setWindowRect: true, takesHeapSnapshot: true, takesScreenshot: true, unexpectedAlertBehaviour: , unhandledPromptBehavior: , version: 80.0.3987.149, webStorageEnabled: true}
Session ID: ea862cb4e1d29b12d1b775456dd7315b
*** Element info: {Using=xpath, value=//span[contains(text(),&amp;apos;SJ TN-1676642851&amp;apos;)]//ancestor::tr//div//button[contains(text(),&amp;apos;Delete&amp;apos;)]}">
      <![CDATA[org.openqa.selenium.NoSuchElementException: no such element: Unable to locate element: {"method":"xpath","selector":"//span[contains(text(),'SJ TN-1676642851')]//ancestor::tr//div//button[contains(text(),'Delete')]"}
  (Session info: chrome=80.0.3987.149)
  (Driver info: chromedriver=2.36.540470 (e522d04694c7ebea4ba8821272dbef4f9b818c91),platform=Windows NT 10.0.18362 x86_64) (WARNING: The server did not provide any stacktrace information)
Command duration or timeout: 0 milliseconds
For documentation on this error, please visit: http://seleniumhq.org/exceptions/no_such_element.html
Build info: version: '3.11.0', revision: 'e59cfb3', time: '2018-03-11T20:26:55.152Z'
System info: host: 'LAPTOP-Q18VUQ5U', ip: '5.5.20.98', os.name: 'Windows 10', os.arch: 'amd64', os.version: '10.0', java.version: '1.8.0_201'
Driver info: org.openqa.selenium.chrome.ChromeDriver
Capabilities {acceptInsecureCerts: false, acceptSslCerts: false, applicationCacheEnabled: false, browserConnectionEnabled: false, browserName: chrome, chrome: {chromedriverVersion: 2.36.540470 (e522d04694c7eb..., userDataDir: C:\Users\PREETI~1\AppData\L...}, cssSelectorsEnabled: true, databaseEnabled: false, handlesAlerts: true, hasTouchScreen: false, javascriptEnabled: true, locationContextEnabled: true, mobileEmulationEnabled: false, nativeEvents: true, networkConnectionEnabled: false, pageLoadStrategy: normal, platform: XP, platformName: XP, rotatable: false, setWindowRect: true, takesHeapSnapshot: true, takesScreenshot: true, unexpectedAlertBehaviour: , unhandledPromptBehavior: , version: 80.0.3987.149, webStorageEnabled: true}
Session ID: ea862cb4e1d29b12d1b775456dd7315b
*** Element info: {Using=xpath, value=//span[contains(text(),'SJ TN-1676642851')]//ancestor::tr//div//button[contains(text(),'Delete')]}
	at org.openqa.selenium.remote.ErrorHandler.createThrowable(ErrorHandler.java:214)
	at org.openqa.selenium.remote.ErrorHandler.throwIfResponseFailed(ErrorHandler.java:166)
	at org.openqa.selenium.remote.http.JsonHttpResponseCodec.reconstructValue(JsonHttpResponseCodec.java:40)
	at org.openqa.selenium.remote.http.AbstractHttpResponseCodec.decode(AbstractHttpResponseCodec.java:80)
	at org.openqa.selenium.remote.http.AbstractHttpResponseCodec.decode(AbstractHttpResponseCodec.java:44)
	at org.openqa.selenium.remote.HttpCommandExecutor.execute(HttpCommandExecutor.java:158)
	at org.openqa.selenium.remote.service.DriverCommandExecutor.execute(DriverCommandExecutor.java:83)
	at org.openqa.selenium.remote.RemoteWebDriver.execute(RemoteWebDriver.java:545)
	at org.openqa.selenium.remote.RemoteWebDriver.findElement(RemoteWebDriver.java:319)
	at org.openqa.selenium.remote.RemoteWebDriver.findElementByXPath(RemoteWebDriver.java:421)
	at org.openqa.selenium.By$ByXPath.findElement(By.java:361)
	at org.openqa.selenium.remote.RemoteWebDriver.findElement(RemoteWebDriver.java:311)
	at pom.TrackingNumberBuilderPage.clickAction(TrackingNumberBuilderPage.java:491)
	at tests.TrackingNumberTest.hangupTrakingNumberDeletion(TrackingNumberTest.java:328)
	at java.util.concurrent.FutureTask.run(Unknown Source)
	at java.util.concurrent.ThreadPoolExecutor.runWorker(Unknown Source)
	at java.util.concurrent.ThreadPoolExecutor$Worker.run(Unknown Source)
	at java.lang.Thread.run(Unknown Source)
... Removed 20 stack frames]]>
    </failure>
  </testcase> <!-- hangupTrakingNumberDeletion -->
  <testcase name="voicemailTrakingNumberCreation" time="73.877" classname="tests.TrackingNumberTest"/>
  <testcase name="voicemailTrakingNumberDeletion" time="60.521" classname="tests.TrackingNumberTest">
    <failure type="org.openqa.selenium.TimeoutException" message="Expected condition failed: waiting for visibility of [[ChromeDriver: chrome on XP (ea862cb4e1d29b12d1b775456dd7315b)] -&amp;gt; xpath: //button[contains(text(),&amp;apos;OK&amp;apos;)]] (tried for 60 second(s) with 500 milliseconds interval)
Build info: version: &amp;apos;3.11.0&amp;apos;, revision: &amp;apos;e59cfb3&amp;apos;, time: &amp;apos;2018-03-11T20:26:55.152Z&amp;apos;
System info: host: &amp;apos;LAPTOP-Q18VUQ5U&amp;apos;, ip: &amp;apos;5.5.20.98&amp;apos;, os.name: &amp;apos;Windows 10&amp;apos;, os.arch: &amp;apos;amd64&amp;apos;, os.version: &amp;apos;10.0&amp;apos;, java.version: &amp;apos;1.8.0_201&amp;apos;
Driver info: org.openqa.selenium.chrome.ChromeDriver
Capabilities {acceptInsecureCerts: false, acceptSslCerts: false, applicationCacheEnabled: false, browserConnectionEnabled: false, browserName: chrome, chrome: {chromedriverVersion: 2.36.540470 (e522d04694c7eb..., userDataDir: C:\Users\PREETI~1\AppData\L...}, cssSelectorsEnabled: true, databaseEnabled: false, handlesAlerts: true, hasTouchScreen: false, javascriptEnabled: true, locationContextEnabled: true, mobileEmulationEnabled: false, nativeEvents: true, networkConnectionEnabled: false, pageLoadStrategy: normal, platform: XP, platformName: XP, rotatable: false, setWindowRect: true, takesHeapSnapshot: true, takesScreenshot: true, unexpectedAlertBehaviour: , unhandledPromptBehavior: , version: 80.0.3987.149, webStorageEnabled: true}
Session ID: ea862cb4e1d29b12d1b775456dd7315b">
      <![CDATA[org.openqa.selenium.TimeoutException: Expected condition failed: waiting for visibility of [[ChromeDriver: chrome on XP (ea862cb4e1d29b12d1b775456dd7315b)] -> xpath: //button[contains(text(),'OK')]] (tried for 60 second(s) with 500 milliseconds interval)
Build info: version: '3.11.0', revision: 'e59cfb3', time: '2018-03-11T20:26:55.152Z'
System info: host: 'LAPTOP-Q18VUQ5U', ip: '5.5.20.98', os.name: 'Windows 10', os.arch: 'amd64', os.version: '10.0', java.version: '1.8.0_201'
Driver info: org.openqa.selenium.chrome.ChromeDriver
Capabilities {acceptInsecureCerts: false, acceptSslCerts: false, applicationCacheEnabled: false, browserConnectionEnabled: false, browserName: chrome, chrome: {chromedriverVersion: 2.36.540470 (e522d04694c7eb..., userDataDir: C:\Users\PREETI~1\AppData\L...}, cssSelectorsEnabled: true, databaseEnabled: false, handlesAlerts: true, hasTouchScreen: false, javascriptEnabled: true, locationContextEnabled: true, mobileEmulationEnabled: false, nativeEvents: true, networkConnectionEnabled: false, pageLoadStrategy: normal, platform: XP, platformName: XP, rotatable: false, setWindowRect: true, takesHeapSnapshot: true, takesScreenshot: true, unexpectedAlertBehaviour: , unhandledPromptBehavior: , version: 80.0.3987.149, webStorageEnabled: true}
Session ID: ea862cb4e1d29b12d1b775456dd7315b
	at org.openqa.selenium.support.ui.WebDriverWait.timeoutException(WebDriverWait.java:81)
	at org.openqa.selenium.support.ui.FluentWait.until(FluentWait.java:271)
	at pom.TrackingNumberBuilderPage.clickAction(TrackingNumberBuilderPage.java:499)
	at tests.TrackingNumberTest.voicemailTrakingNumberDeletion(TrackingNumberTest.java:356)
	at java.util.concurrent.FutureTask.run(Unknown Source)
	at java.util.concurrent.ThreadPoolExecutor.runWorker(Unknown Source)
	at java.util.concurrent.ThreadPoolExecutor$Worker.run(Unknown Source)
	at java.lang.Thread.run(Unknown Source)
... Removed 16 stack frames]]>
    </failure>
  </testcase> <!-- voicemailTrakingNumberDeletion -->
  <testcase name="scheduleTrakingNumberCreation" time="92.634" classname="tests.TrackingNumberTest"/>
  <testcase name="scheduleTrakingNumberDeletion" time="60.059" classname="tests.TrackingNumberTest">
    <failure type="org.openqa.selenium.NoSuchElementException" message="no such element: Unable to locate element: {&amp;quot;method&amp;quot;:&amp;quot;xpath&amp;quot;,&amp;quot;selector&amp;quot;:&amp;quot;//span[contains(text(),&amp;apos;SJ TN--1149447777&amp;apos;)]//ancestor::tr//div//button[contains(text(),&amp;apos;Delete&amp;apos;)]&amp;quot;}
  (Session info: chrome=80.0.3987.149)
  (Driver info: chromedriver=2.36.540470 (e522d04694c7ebea4ba8821272dbef4f9b818c91),platform=Windows NT 10.0.18362 x86_64) (WARNING: The server did not provide any stacktrace information)
Command duration or timeout: 0 milliseconds
For documentation on this error, please visit: http://seleniumhq.org/exceptions/no_such_element.html
Build info: version: &amp;apos;3.11.0&amp;apos;, revision: &amp;apos;e59cfb3&amp;apos;, time: &amp;apos;2018-03-11T20:26:55.152Z&amp;apos;
System info: host: &amp;apos;LAPTOP-Q18VUQ5U&amp;apos;, ip: &amp;apos;5.5.20.98&amp;apos;, os.name: &amp;apos;Windows 10&amp;apos;, os.arch: &amp;apos;amd64&amp;apos;, os.version: &amp;apos;10.0&amp;apos;, java.version: &amp;apos;1.8.0_201&amp;apos;
Driver info: org.openqa.selenium.chrome.ChromeDriver
Capabilities {acceptInsecureCerts: false, acceptSslCerts: false, applicationCacheEnabled: false, browserConnectionEnabled: false, browserName: chrome, chrome: {chromedriverVersion: 2.36.540470 (e522d04694c7eb..., userDataDir: C:\Users\PREETI~1\AppData\L...}, cssSelectorsEnabled: true, databaseEnabled: false, handlesAlerts: true, hasTouchScreen: false, javascriptEnabled: true, locationContextEnabled: true, mobileEmulationEnabled: false, nativeEvents: true, networkConnectionEnabled: false, pageLoadStrategy: normal, platform: XP, platformName: XP, rotatable: false, setWindowRect: true, takesHeapSnapshot: true, takesScreenshot: true, unexpectedAlertBehaviour: , unhandledPromptBehavior: , version: 80.0.3987.149, webStorageEnabled: true}
Session ID: ea862cb4e1d29b12d1b775456dd7315b
*** Element info: {Using=xpath, value=//span[contains(text(),&amp;apos;SJ TN--1149447777&amp;apos;)]//ancestor::tr//div//button[contains(text(),&amp;apos;Delete&amp;apos;)]}">
      <![CDATA[org.openqa.selenium.NoSuchElementException: no such element: Unable to locate element: {"method":"xpath","selector":"//span[contains(text(),'SJ TN--1149447777')]//ancestor::tr//div//button[contains(text(),'Delete')]"}
  (Session info: chrome=80.0.3987.149)
  (Driver info: chromedriver=2.36.540470 (e522d04694c7ebea4ba8821272dbef4f9b818c91),platform=Windows NT 10.0.18362 x86_64) (WARNING: The server did not provide any stacktrace information)
Command duration or timeout: 0 milliseconds
For documentation on this error, please visit: http://seleniumhq.org/exceptions/no_such_element.html
Build info: version: '3.11.0', revision: 'e59cfb3', time: '2018-03-11T20:26:55.152Z'
System info: host: 'LAPTOP-Q18VUQ5U', ip: '5.5.20.98', os.name: 'Windows 10', os.arch: 'amd64', os.version: '10.0', java.version: '1.8.0_201'
Driver info: org.openqa.selenium.chrome.ChromeDriver
Capabilities {acceptInsecureCerts: false, acceptSslCerts: false, applicationCacheEnabled: false, browserConnectionEnabled: false, browserName: chrome, chrome: {chromedriverVersion: 2.36.540470 (e522d04694c7eb..., userDataDir: C:\Users\PREETI~1\AppData\L...}, cssSelectorsEnabled: true, databaseEnabled: false, handlesAlerts: true, hasTouchScreen: false, javascriptEnabled: true, locationContextEnabled: true, mobileEmulationEnabled: false, nativeEvents: true, networkConnectionEnabled: false, pageLoadStrategy: normal, platform: XP, platformName: XP, rotatable: false, setWindowRect: true, takesHeapSnapshot: true, takesScreenshot: true, unexpectedAlertBehaviour: , unhandledPromptBehavior: , version: 80.0.3987.149, webStorageEnabled: true}
Session ID: ea862cb4e1d29b12d1b775456dd7315b
*** Element info: {Using=xpath, value=//span[contains(text(),'SJ TN--1149447777')]//ancestor::tr//div//button[contains(text(),'Delete')]}
	at org.openqa.selenium.remote.ErrorHandler.createThrowable(ErrorHandler.java:214)
	at org.openqa.selenium.remote.ErrorHandler.throwIfResponseFailed(ErrorHandler.java:166)
	at org.openqa.selenium.remote.http.JsonHttpResponseCodec.reconstructValue(JsonHttpResponseCodec.java:40)
	at org.openqa.selenium.remote.http.AbstractHttpResponseCodec.decode(AbstractHttpResponseCodec.java:80)
	at org.openqa.selenium.remote.http.AbstractHttpResponseCodec.decode(AbstractHttpResponseCodec.java:44)
	at org.openqa.selenium.remote.HttpCommandExecutor.execute(HttpCommandExecutor.java:158)
	at org.openqa.selenium.remote.service.DriverCommandExecutor.execute(DriverCommandExecutor.java:83)
	at org.openqa.selenium.remote.RemoteWebDriver.execute(RemoteWebDriver.java:545)
	at org.openqa.selenium.remote.RemoteWebDriver.findElement(RemoteWebDriver.java:319)
	at org.openqa.selenium.remote.RemoteWebDriver.findElementByXPath(RemoteWebDriver.java:421)
	at org.openqa.selenium.By$ByXPath.findElement(By.java:361)
	at org.openqa.selenium.remote.RemoteWebDriver.findElement(RemoteWebDriver.java:311)
	at pom.TrackingNumberBuilderPage.clickAction(TrackingNumberBuilderPage.java:491)
	at tests.TrackingNumberTest.scheduleTrakingNumberDeletion(TrackingNumberTest.java:388)
	at java.util.concurrent.FutureTask.run(Unknown Source)
	at java.util.concurrent.ThreadPoolExecutor.runWorker(Unknown Source)
	at java.util.concurrent.ThreadPoolExecutor$Worker.run(Unknown Source)
	at java.lang.Thread.run(Unknown Source)
... Removed 20 stack frames]]>
    </failure>
  </testcase> <!-- scheduleTrakingNumberDeletion -->
  <testcase name="IVRCreation" time="418.869" classname="tests.TrackingNumberTest"/>
  <testcase name="IVRDeletion" time="7.091" classname="tests.TrackingNumberTest"/>
  <testcase name="uiVerification" time="65.917" classname="tests.CallDetailReportTest">
    <failure type="org.openqa.selenium.NoSuchElementException" message="no such element: Unable to locate element: {&amp;quot;method&amp;quot;:&amp;quot;xpath&amp;quot;,&amp;quot;selector&amp;quot;:&amp;quot;//div[@class=&amp;apos;col-md-3 col-lg-2 mb10 noDataSelector ng-binding&amp;apos;][contains(text(),&amp;apos;Showing&amp;apos;)]&amp;quot;}
  (Session info: chrome=80.0.3987.149)
  (Driver info: chromedriver=2.36.540470 (e522d04694c7ebea4ba8821272dbef4f9b818c91),platform=Windows NT 10.0.18362 x86_64) (WARNING: The server did not provide any stacktrace information)
Command duration or timeout: 0 milliseconds
For documentation on this error, please visit: http://seleniumhq.org/exceptions/no_such_element.html
Build info: version: &amp;apos;3.11.0&amp;apos;, revision: &amp;apos;e59cfb3&amp;apos;, time: &amp;apos;2018-03-11T20:26:55.152Z&amp;apos;
System info: host: &amp;apos;LAPTOP-Q18VUQ5U&amp;apos;, ip: &amp;apos;5.5.20.98&amp;apos;, os.name: &amp;apos;Windows 10&amp;apos;, os.arch: &amp;apos;amd64&amp;apos;, os.version: &amp;apos;10.0&amp;apos;, java.version: &amp;apos;1.8.0_201&amp;apos;
Driver info: org.openqa.selenium.chrome.ChromeDriver
Capabilities {acceptInsecureCerts: false, acceptSslCerts: false, applicationCacheEnabled: false, browserConnectionEnabled: false, browserName: chrome, chrome: {chromedriverVersion: 2.36.540470 (e522d04694c7eb..., userDataDir: C:\Users\PREETI~1\AppData\L...}, cssSelectorsEnabled: true, databaseEnabled: false, handlesAlerts: true, hasTouchScreen: false, javascriptEnabled: true, locationContextEnabled: true, mobileEmulationEnabled: false, nativeEvents: true, networkConnectionEnabled: false, pageLoadStrategy: normal, platform: XP, platformName: XP, rotatable: false, setWindowRect: true, takesHeapSnapshot: true, takesScreenshot: true, unexpectedAlertBehaviour: , unhandledPromptBehavior: , version: 80.0.3987.149, webStorageEnabled: true}
Session ID: ea862cb4e1d29b12d1b775456dd7315b
*** Element info: {Using=xpath, value=//div[@class=&amp;apos;col-md-3 col-lg-2 mb10 noDataSelector ng-binding&amp;apos;][contains(text(),&amp;apos;Showing&amp;apos;)]}">
      <![CDATA[org.openqa.selenium.NoSuchElementException: no such element: Unable to locate element: {"method":"xpath","selector":"//div[@class='col-md-3 col-lg-2 mb10 noDataSelector ng-binding'][contains(text(),'Showing')]"}
  (Session info: chrome=80.0.3987.149)
  (Driver info: chromedriver=2.36.540470 (e522d04694c7ebea4ba8821272dbef4f9b818c91),platform=Windows NT 10.0.18362 x86_64) (WARNING: The server did not provide any stacktrace information)
Command duration or timeout: 0 milliseconds
For documentation on this error, please visit: http://seleniumhq.org/exceptions/no_such_element.html
Build info: version: '3.11.0', revision: 'e59cfb3', time: '2018-03-11T20:26:55.152Z'
System info: host: 'LAPTOP-Q18VUQ5U', ip: '5.5.20.98', os.name: 'Windows 10', os.arch: 'amd64', os.version: '10.0', java.version: '1.8.0_201'
Driver info: org.openqa.selenium.chrome.ChromeDriver
Capabilities {acceptInsecureCerts: false, acceptSslCerts: false, applicationCacheEnabled: false, browserConnectionEnabled: false, browserName: chrome, chrome: {chromedriverVersion: 2.36.540470 (e522d04694c7eb..., userDataDir: C:\Users\PREETI~1\AppData\L...}, cssSelectorsEnabled: true, databaseEnabled: false, handlesAlerts: true, hasTouchScreen: false, javascriptEnabled: true, locationContextEnabled: true, mobileEmulationEnabled: false, nativeEvents: true, networkConnectionEnabled: false, pageLoadStrategy: normal, platform: XP, platformName: XP, rotatable: false, setWindowRect: true, takesHeapSnapshot: true, takesScreenshot: true, unexpectedAlertBehaviour: , unhandledPromptBehavior: , version: 80.0.3987.149, webStorageEnabled: true}
Session ID: ea862cb4e1d29b12d1b775456dd7315b
*** Element info: {Using=xpath, value=//div[@class='col-md-3 col-lg-2 mb10 noDataSelector ng-binding'][contains(text(),'Showing')]}
	at org.openqa.selenium.remote.ErrorHandler.createThrowable(ErrorHandler.java:214)
	at org.openqa.selenium.remote.ErrorHandler.throwIfResponseFailed(ErrorHandler.java:166)
	at org.openqa.selenium.remote.http.JsonHttpResponseCodec.reconstructValue(JsonHttpResponseCodec.java:40)
	at org.openqa.selenium.remote.http.AbstractHttpResponseCodec.decode(AbstractHttpResponseCodec.java:80)
	at org.openqa.selenium.remote.http.AbstractHttpResponseCodec.decode(AbstractHttpResponseCodec.java:44)
	at org.openqa.selenium.remote.HttpCommandExecutor.execute(HttpCommandExecutor.java:158)
	at org.openqa.selenium.remote.service.DriverCommandExecutor.execute(DriverCommandExecutor.java:83)
	at org.openqa.selenium.remote.RemoteWebDriver.execute(RemoteWebDriver.java:545)
	at org.openqa.selenium.remote.RemoteWebDriver.findElement(RemoteWebDriver.java:319)
	at org.openqa.selenium.remote.RemoteWebDriver.findElementByXPath(RemoteWebDriver.java:421)
	at org.openqa.selenium.By$ByXPath.findElement(By.java:361)
	at org.openqa.selenium.remote.RemoteWebDriver.findElement(RemoteWebDriver.java:311)
	at org.openqa.selenium.support.pagefactory.DefaultElementLocator.findElement(DefaultElementLocator.java:69)
	at org.openqa.selenium.support.pagefactory.internal.LocatingElementHandler.invoke(LocatingElementHandler.java:38)
	at com.sun.proxy.$Proxy15.isDisplayed(Unknown Source)
	at pom.CallDetailsReport_Page.UIVerification(CallDetailsReport_Page.java:285)
	at tests.CallDetailReportTest.uiVerification(CallDetailReportTest.java:52)
	at java.util.concurrent.FutureTask.run(Unknown Source)
	at java.util.concurrent.ThreadPoolExecutor.runWorker(Unknown Source)
	at java.util.concurrent.ThreadPoolExecutor$Worker.run(Unknown Source)
	at java.lang.Thread.run(Unknown Source)
... Removed 20 stack frames]]>
    </failure>
  </testcase> <!-- uiVerification -->
  <testcase name="paginationUI" time="0.176" classname="tests.CallDetailReportTest"/>
  <testcase name="paginationCount" time="1.669" classname="tests.CallDetailReportTest"/>
  <testcase name="tableCount" time="1.193" classname="tests.CallDetailReportTest"/>
  <testcase name="defaultColumnPickerOptions" time="16.926" classname="tests.CallDetailReportTest"/>
  <testcase name="defaultColumnsDisplayed" time="6.849" classname="tests.CallDetailReportTest"/>
  <testcase name="allColumnPickerCheckboxesClickable" time="2.689" classname="tests.CallDetailReportTest"/>
  <testcase name="columnPickerFeature" time="34.496" classname="tests.CallDetailReportTest"/>
  <testcase name="advancedFilterUI" time="32.418" classname="tests.CallDetailReportTest"/>
  <testcase name="basicFilterForAdSource" time="6.098" classname="tests.CallDetailReportTest"/>
  <testcase name="basicFilterForCaller_ID" time="3.196" classname="tests.CallDetailReportTest"/>
  <testcase name="basicFilterForTrackingNumber" time="3.804" classname="tests.CallDetailReportTest"/>
  <testcase name="basicFilterForDuration" time="3.151" classname="tests.CallDetailReportTest"/>
  <testcase name="basicFilterForGroupName" time="8.168" classname="tests.CallDetailReportTest"/>
  <testcase name="basicFilterForDisposition" time="7.302" classname="tests.CallDetailReportTest"/>
  <testcase name="advancedFilterForCallerID" time="4.015" classname="tests.CallDetailReportTest"/>
  <testcase name="advancedFilterForDuration" time="3.304" classname="tests.CallDetailReportTest"/>
  <testcase name="advancedFilterForGroupName" time="8.284" classname="tests.CallDetailReportTest"/>
  <testcase name="advancedFilterForLineType" time="8.12" classname="tests.CallDetailReportTest"/>
  <testcase name="dateRangeFilterForToday" time="62.693" classname="tests.CallDetailReportTest"/>
  <testcase name="dateRangeFilterForYesterday" time="126.084" classname="tests.CallDetailReportTest"/>
  <testcase name="dateRangeFilterForLast7days" time="3.563" classname="tests.CallDetailReportTest"/>
  <testcase name="dateRangeFilterForLast30days" time="10.362" classname="tests.CallDetailReportTest"/>
  <testcase name="audioPlayerOpen" time="0.82" classname="tests.CallDetailReportTest"/>
  <testcase name="informationTagOpen" time="0.941" classname="tests.CallDetailReportTest"/>
  <testcase name="infoSectionUIVerification" time="1.138" classname="tests.CallDetailReportTest"/>
  <testcase name="commentSectionUIVerification" time="0.613" classname="tests.CallDetailReportTest"/>
  <testcase name="tagSectionUIVerification" time="0.633" classname="tests.CallDetailReportTest"/>
  <testcase name="emailCallSectionUIVerification" time="1.757" classname="tests.CallDetailReportTest"/>
  <testcase name="emailCallFeature" time="7.1" classname="tests.CallDetailReportTest"/>
</testsuite> <!-- chrome test -->
