<?xml version="1.0" encoding="UTF-8"?>
<<<<<<< HEAD
<testng-results skipped="0" failed="1" total="54" passed="53">
  <reporter-output>
  </reporter-output>
  <suite name="Automation Suite-1" duration-ms="1309112" started-at="2020-03-11T10:06:37Z" finished-at="2020-03-11T10:28:26Z">
    <groups>
    </groups>
    <test name="chrome test" duration-ms="1309112" started-at="2020-03-11T10:06:37Z" finished-at="2020-03-11T10:28:26Z">
      <class name="tests.LoginTest">
        <test-method status="PASS" signature="setUp(java.lang.String, java.lang.String)[pri:0, instance:tests.LoginTest@6b0c2d26]" name="setUp" is-config="true" duration-ms="41367" started-at="2020-03-11T15:36:37Z" finished-at="2020-03-11T15:37:18Z">
=======
<testng-results skipped="0" failed="1" total="22" passed="21">
  <reporter-output>
  </reporter-output>
  <suite name="Automation Suite-1" duration-ms="1050366" started-at="2020-03-03T12:19:40Z" finished-at="2020-03-03T12:37:10Z">
    <groups>
    </groups>
    <test name="chrome test" duration-ms="1050366" started-at="2020-03-03T12:19:40Z" finished-at="2020-03-03T12:37:10Z">
      <class name="tests.TrackingNumberTest">
        <test-method status="PASS" signature="setUp(java.lang.String, java.lang.String)[pri:0, instance:tests.TrackingNumberTest@442675e1]" name="setUp" is-config="true" duration-ms="46867" started-at="2020-03-03T17:49:40Z" finished-at="2020-03-03T17:50:26Z">
>>>>>>> 23b5cb7c84ec35829a42815d6e86777026e6900e
          <params>
            <param index="0">
              <value>
                <![CDATA[chrome]]>
              </value>
            </param>
            <param index="1">
              <value>
                <![CDATA[https://stag-5-cmo-1.convirza.com]]>
              </value>
            </param>
          </params>
          <reporter-output>
          </reporter-output>
        </test-method> <!-- setUp -->
<<<<<<< HEAD
        <test-method status="PASS" signature="login_page_UI_Verification()[pri:1, instance:tests.LoginTest@6b0c2d26]" name="login_page_UI_Verification" duration-ms="1387" started-at="2020-03-11T15:37:18Z" finished-at="2020-03-11T15:37:20Z">
          <reporter-output>
          </reporter-output>
        </test-method> <!-- login_page_UI_Verification -->
        <test-method status="PASS" signature="tearDown(org.testng.ITestResult)[pri:0, instance:tests.LoginTest@6b0c2d26]" name="tearDown" is-config="true" duration-ms="541" started-at="2020-03-11T15:37:20Z" finished-at="2020-03-11T15:37:20Z">
          <params>
            <param index="0">
              <value>
                <![CDATA[[TestResult name=login_page_UI_Verification status=SUCCESS method=LoginTest.login_page_UI_Verification()[pri:1, instance:tests.LoginTest@6b0c2d26] output={null}]]]>
              </value>
            </param>
          </params>
          <reporter-output>
          </reporter-output>
        </test-method> <!-- tearDown -->
        <test-method status="PASS" signature="login_with_invalidate_cred()[pri:2, instance:tests.LoginTest@6b0c2d26]" name="login_with_invalidate_cred" duration-ms="2497" started-at="2020-03-11T15:37:20Z" finished-at="2020-03-11T15:37:23Z">
          <reporter-output>
          </reporter-output>
        </test-method> <!-- login_with_invalidate_cred -->
        <test-method status="PASS" signature="tearDown(org.testng.ITestResult)[pri:0, instance:tests.LoginTest@6b0c2d26]" name="tearDown" is-config="true" duration-ms="124" started-at="2020-03-11T15:37:23Z" finished-at="2020-03-11T15:37:23Z">
          <params>
            <param index="0">
              <value>
                <![CDATA[[TestResult name=login_with_invalidate_cred status=SUCCESS method=LoginTest.login_with_invalidate_cred()[pri:2, instance:tests.LoginTest@6b0c2d26] output={null}]]]>
=======
        <test-method status="PASS" signature="goToCampaignPage()[pri:0, instance:tests.TrackingNumberTest@442675e1]" name="goToCampaignPage" is-config="true" duration-ms="6670" started-at="2020-03-03T17:50:27Z" finished-at="2020-03-03T17:50:33Z">
          <reporter-output>
          </reporter-output>
        </test-method> <!-- goToCampaignPage -->
        <test-method status="PASS" signature="trakingNumberPageUIVerification()[pri:0, instance:tests.TrackingNumberTest@442675e1]" name="trakingNumberPageUIVerification" duration-ms="155993" started-at="2020-03-03T17:50:33Z" finished-at="2020-03-03T17:53:09Z">
          <reporter-output>
          </reporter-output>
        </test-method> <!-- trakingNumberPageUIVerification -->
        <test-method status="PASS" signature="tearDown(org.testng.ITestResult)[pri:0, instance:tests.TrackingNumberTest@442675e1]" name="tearDown" is-config="true" duration-ms="748" started-at="2020-03-03T17:53:09Z" finished-at="2020-03-03T17:53:10Z">
          <params>
            <param index="0">
              <value>
                <![CDATA[[TestResult name=trakingNumberPageUIVerification status=SUCCESS method=TrackingNumberTest.trakingNumberPageUIVerification()[pri:0, instance:tests.TrackingNumberTest@442675e1] output={null}]]]>
              </value>
            </param>
          </params>
          <reporter-output>
          </reporter-output>
        </test-method> <!-- tearDown -->
        <test-method status="PASS" signature="simpleTrakingNumberCreation()[pri:1, instance:tests.TrackingNumberTest@442675e1]" name="simpleTrakingNumberCreation" duration-ms="83666" started-at="2020-03-03T17:53:10Z" finished-at="2020-03-03T17:54:34Z">
          <reporter-output>
          </reporter-output>
        </test-method> <!-- simpleTrakingNumberCreation -->
        <test-method status="PASS" signature="tearDown(org.testng.ITestResult)[pri:0, instance:tests.TrackingNumberTest@442675e1]" name="tearDown" is-config="true" duration-ms="206" started-at="2020-03-03T17:54:34Z" finished-at="2020-03-03T17:54:34Z">
          <params>
            <param index="0">
              <value>
                <![CDATA[[TestResult name=simpleTrakingNumberCreation status=SUCCESS method=TrackingNumberTest.simpleTrakingNumberCreation()[pri:1, instance:tests.TrackingNumberTest@442675e1] output={null}]]]>
              </value>
            </param>
          </params>
          <reporter-output>
          </reporter-output>
        </test-method> <!-- tearDown -->
        <test-method status="PASS" signature="simpleTrakingNumberUpdation()[pri:2, instance:tests.TrackingNumberTest@442675e1]" name="simpleTrakingNumberUpdation" duration-ms="8192" started-at="2020-03-03T17:54:34Z" finished-at="2020-03-03T17:54:42Z">
          <reporter-output>
          </reporter-output>
        </test-method> <!-- simpleTrakingNumberUpdation -->
        <test-method status="PASS" signature="tearDown(org.testng.ITestResult)[pri:0, instance:tests.TrackingNumberTest@442675e1]" name="tearDown" is-config="true" duration-ms="147" started-at="2020-03-03T17:54:42Z" finished-at="2020-03-03T17:54:42Z">
          <params>
            <param index="0">
              <value>
                <![CDATA[[TestResult name=simpleTrakingNumberUpdation status=SUCCESS method=TrackingNumberTest.simpleTrakingNumberUpdation()[pri:2, instance:tests.TrackingNumberTest@442675e1] output={null}]]]>
              </value>
            </param>
          </params>
          <reporter-output>
          </reporter-output>
        </test-method> <!-- tearDown -->
        <test-method status="PASS" signature="simpleTrakingNumberDeletion()[pri:3, instance:tests.TrackingNumberTest@442675e1]" name="simpleTrakingNumberDeletion" duration-ms="7216" started-at="2020-03-03T17:54:42Z" finished-at="2020-03-03T17:54:49Z">
          <reporter-output>
          </reporter-output>
        </test-method> <!-- simpleTrakingNumberDeletion -->
        <test-method status="PASS" signature="tearDown(org.testng.ITestResult)[pri:0, instance:tests.TrackingNumberTest@442675e1]" name="tearDown" is-config="true" duration-ms="75" started-at="2020-03-03T17:54:49Z" finished-at="2020-03-03T17:54:50Z">
          <params>
            <param index="0">
              <value>
                <![CDATA[[TestResult name=simpleTrakingNumberDeletion status=SUCCESS method=TrackingNumberTest.simpleTrakingNumberDeletion()[pri:3, instance:tests.TrackingNumberTest@442675e1] output={null}]]]>
              </value>
            </param>
          </params>
          <reporter-output>
          </reporter-output>
        </test-method> <!-- tearDown -->
        <test-method status="PASS" signature="numberPoolCreation()[pri:4, instance:tests.TrackingNumberTest@442675e1]" name="numberPoolCreation" duration-ms="93431" started-at="2020-03-03T17:54:50Z" finished-at="2020-03-03T17:56:23Z">
          <reporter-output>
          </reporter-output>
        </test-method> <!-- numberPoolCreation -->
        <test-method status="PASS" signature="tearDown(org.testng.ITestResult)[pri:0, instance:tests.TrackingNumberTest@442675e1]" name="tearDown" is-config="true" duration-ms="68" started-at="2020-03-03T17:56:23Z" finished-at="2020-03-03T17:56:23Z">
          <params>
            <param index="0">
              <value>
                <![CDATA[[TestResult name=numberPoolCreation status=SUCCESS method=TrackingNumberTest.numberPoolCreation()[pri:4, instance:tests.TrackingNumberTest@442675e1] output={null}]]]>
              </value>
            </param>
          </params>
          <reporter-output>
          </reporter-output>
        </test-method> <!-- tearDown -->
        <test-method status="PASS" signature="numberPoolUpdation()[pri:5, instance:tests.TrackingNumberTest@442675e1]" name="numberPoolUpdation" duration-ms="7650" started-at="2020-03-03T17:56:23Z" finished-at="2020-03-03T17:56:31Z">
          <reporter-output>
          </reporter-output>
        </test-method> <!-- numberPoolUpdation -->
        <test-method status="PASS" signature="tearDown(org.testng.ITestResult)[pri:0, instance:tests.TrackingNumberTest@442675e1]" name="tearDown" is-config="true" duration-ms="64" started-at="2020-03-03T17:56:31Z" finished-at="2020-03-03T17:56:31Z">
          <params>
            <param index="0">
              <value>
                <![CDATA[[TestResult name=numberPoolUpdation status=SUCCESS method=TrackingNumberTest.numberPoolUpdation()[pri:5, instance:tests.TrackingNumberTest@442675e1] output={null}]]]>
              </value>
            </param>
          </params>
          <reporter-output>
          </reporter-output>
        </test-method> <!-- tearDown -->
        <test-method status="PASS" signature="numberPoolDeletion()[pri:6, instance:tests.TrackingNumberTest@442675e1]" name="numberPoolDeletion" duration-ms="6900" started-at="2020-03-03T17:56:31Z" finished-at="2020-03-03T17:56:38Z">
          <reporter-output>
          </reporter-output>
        </test-method> <!-- numberPoolDeletion -->
        <test-method status="PASS" signature="tearDown(org.testng.ITestResult)[pri:0, instance:tests.TrackingNumberTest@442675e1]" name="tearDown" is-config="true" duration-ms="87" started-at="2020-03-03T17:56:38Z" finished-at="2020-03-03T17:56:38Z">
          <params>
            <param index="0">
              <value>
                <![CDATA[[TestResult name=numberPoolDeletion status=SUCCESS method=TrackingNumberTest.numberPoolDeletion()[pri:6, instance:tests.TrackingNumberTest@442675e1] output={null}]]]>
              </value>
            </param>
          </params>
          <reporter-output>
          </reporter-output>
        </test-method> <!-- tearDown -->
        <test-method status="PASS" signature="reserveNumberCreation()[pri:7, instance:tests.TrackingNumberTest@442675e1]" name="reserveNumberCreation" duration-ms="23401" started-at="2020-03-03T17:56:38Z" finished-at="2020-03-03T17:57:01Z">
          <reporter-output>
          </reporter-output>
        </test-method> <!-- reserveNumberCreation -->
        <test-method status="PASS" signature="tearDown(org.testng.ITestResult)[pri:0, instance:tests.TrackingNumberTest@442675e1]" name="tearDown" is-config="true" duration-ms="85" started-at="2020-03-03T17:57:01Z" finished-at="2020-03-03T17:57:01Z">
          <params>
            <param index="0">
              <value>
                <![CDATA[[TestResult name=reserveNumberCreation status=SUCCESS method=TrackingNumberTest.reserveNumberCreation()[pri:7, instance:tests.TrackingNumberTest@442675e1] output={null}]]]>
              </value>
            </param>
          </params>
          <reporter-output>
          </reporter-output>
        </test-method> <!-- tearDown -->
        <test-method status="PASS" signature="reserveNumberUpdation()[pri:8, instance:tests.TrackingNumberTest@442675e1]" name="reserveNumberUpdation" duration-ms="7274" started-at="2020-03-03T17:57:01Z" finished-at="2020-03-03T17:57:08Z">
          <reporter-output>
          </reporter-output>
        </test-method> <!-- reserveNumberUpdation -->
        <test-method status="PASS" signature="tearDown(org.testng.ITestResult)[pri:0, instance:tests.TrackingNumberTest@442675e1]" name="tearDown" is-config="true" duration-ms="43" started-at="2020-03-03T17:57:08Z" finished-at="2020-03-03T17:57:09Z">
          <params>
            <param index="0">
              <value>
                <![CDATA[[TestResult name=reserveNumberUpdation status=SUCCESS method=TrackingNumberTest.reserveNumberUpdation()[pri:8, instance:tests.TrackingNumberTest@442675e1] output={null}]]]>
              </value>
            </param>
          </params>
          <reporter-output>
          </reporter-output>
        </test-method> <!-- tearDown -->
        <test-method status="PASS" signature="reserveNumberDeletion()[pri:9, instance:tests.TrackingNumberTest@442675e1]" name="reserveNumberDeletion" duration-ms="6890" started-at="2020-03-03T17:57:09Z" finished-at="2020-03-03T17:57:15Z">
          <reporter-output>
          </reporter-output>
        </test-method> <!-- reserveNumberDeletion -->
        <test-method status="PASS" signature="tearDown(org.testng.ITestResult)[pri:0, instance:tests.TrackingNumberTest@442675e1]" name="tearDown" is-config="true" duration-ms="74" started-at="2020-03-03T17:57:15Z" finished-at="2020-03-03T17:57:15Z">
          <params>
            <param index="0">
              <value>
                <![CDATA[[TestResult name=reserveNumberDeletion status=SUCCESS method=TrackingNumberTest.reserveNumberDeletion()[pri:9, instance:tests.TrackingNumberTest@442675e1] output={null}]]]>
              </value>
            </param>
          </params>
          <reporter-output>
          </reporter-output>
        </test-method> <!-- tearDown -->
        <test-method status="PASS" signature="GeoRouteTrakingNumberCreation()[pri:10, instance:tests.TrackingNumberTest@442675e1]" name="GeoRouteTrakingNumberCreation" duration-ms="84160" started-at="2020-03-03T17:57:15Z" finished-at="2020-03-03T17:58:40Z">
          <reporter-output>
          </reporter-output>
        </test-method> <!-- GeoRouteTrakingNumberCreation -->
        <test-method status="PASS" signature="tearDown(org.testng.ITestResult)[pri:0, instance:tests.TrackingNumberTest@442675e1]" name="tearDown" is-config="true" duration-ms="51" started-at="2020-03-03T17:58:40Z" finished-at="2020-03-03T17:58:40Z">
          <params>
            <param index="0">
              <value>
                <![CDATA[[TestResult name=GeoRouteTrakingNumberCreation status=SUCCESS method=TrackingNumberTest.GeoRouteTrakingNumberCreation()[pri:10, instance:tests.TrackingNumberTest@442675e1] output={null}]]]>
              </value>
            </param>
          </params>
          <reporter-output>
          </reporter-output>
        </test-method> <!-- tearDown -->
        <test-method status="PASS" signature="GeoRouteTrakingNumberDeletion()[pri:11, instance:tests.TrackingNumberTest@442675e1]" name="GeoRouteTrakingNumberDeletion" duration-ms="6406" started-at="2020-03-03T17:58:40Z" finished-at="2020-03-03T17:58:46Z">
          <reporter-output>
          </reporter-output>
        </test-method> <!-- GeoRouteTrakingNumberDeletion -->
        <test-method status="PASS" signature="tearDown(org.testng.ITestResult)[pri:0, instance:tests.TrackingNumberTest@442675e1]" name="tearDown" is-config="true" duration-ms="47" started-at="2020-03-03T17:58:46Z" finished-at="2020-03-03T17:58:46Z">
          <params>
            <param index="0">
              <value>
                <![CDATA[[TestResult name=GeoRouteTrakingNumberDeletion status=SUCCESS method=TrackingNumberTest.GeoRouteTrakingNumberDeletion()[pri:11, instance:tests.TrackingNumberTest@442675e1] output={null}]]]>
              </value>
            </param>
          </params>
          <reporter-output>
          </reporter-output>
        </test-method> <!-- tearDown -->
        <test-method status="PASS" signature="percentTrakingNumberCreation()[pri:12, instance:tests.TrackingNumberTest@442675e1]" name="percentTrakingNumberCreation" duration-ms="84416" started-at="2020-03-03T17:58:46Z" finished-at="2020-03-03T18:00:11Z">
          <reporter-output>
          </reporter-output>
        </test-method> <!-- percentTrakingNumberCreation -->
        <test-method status="PASS" signature="tearDown(org.testng.ITestResult)[pri:0, instance:tests.TrackingNumberTest@442675e1]" name="tearDown" is-config="true" duration-ms="83" started-at="2020-03-03T18:00:11Z" finished-at="2020-03-03T18:00:11Z">
          <params>
            <param index="0">
              <value>
                <![CDATA[[TestResult name=percentTrakingNumberCreation status=SUCCESS method=TrackingNumberTest.percentTrakingNumberCreation()[pri:12, instance:tests.TrackingNumberTest@442675e1] output={null}]]]>
>>>>>>> 23b5cb7c84ec35829a42815d6e86777026e6900e
              </value>
            </param>
          </params>
          <reporter-output>
          </reporter-output>
        </test-method> <!-- tearDown -->
<<<<<<< HEAD
        <test-method status="PASS" signature="login_with_blank_username()[pri:3, instance:tests.LoginTest@6b0c2d26]" name="login_with_blank_username" duration-ms="362" started-at="2020-03-11T15:37:23Z" finished-at="2020-03-11T15:37:23Z">
          <reporter-output>
          </reporter-output>
        </test-method> <!-- login_with_blank_username -->
        <test-method status="PASS" signature="tearDown(org.testng.ITestResult)[pri:0, instance:tests.LoginTest@6b0c2d26]" name="tearDown" is-config="true" duration-ms="102" started-at="2020-03-11T15:37:23Z" finished-at="2020-03-11T15:37:23Z">
          <params>
            <param index="0">
              <value>
                <![CDATA[[TestResult name=login_with_blank_username status=SUCCESS method=LoginTest.login_with_blank_username()[pri:3, instance:tests.LoginTest@6b0c2d26] output={null}]]]>
=======
        <test-method status="FAIL" signature="percentTrakingNumberDeletion()[pri:13, instance:tests.TrackingNumberTest@442675e1]" name="percentTrakingNumberDeletion" duration-ms="60097" started-at="2020-03-03T18:00:11Z" finished-at="2020-03-03T18:01:11Z">
          <exception class="org.openqa.selenium.NoSuchElementException">
            <message>
              <![CDATA[no such element: Unable to locate element: {"method":"xpath","selector":"//span[contains(text(),'SJ TN-920662879')]//ancestor::tr//div//button[contains(text(),'Delete')]"}
  (Session info: chrome=80.0.3987.116)
  (Driver info: chromedriver=2.36.540470 (e522d04694c7ebea4ba8821272dbef4f9b818c91),platform=Windows NT 10.0.18362 x86_64) (WARNING: The server did not provide any stacktrace information)
Command duration or timeout: 0 milliseconds
For documentation on this error, please visit: http://seleniumhq.org/exceptions/no_such_element.html
Build info: version: '3.11.0', revision: 'e59cfb3', time: '2018-03-11T20:26:55.152Z'
System info: host: 'LAPTOP-Q18VUQ5U', ip: '5.5.29.110', os.name: 'Windows 10', os.arch: 'amd64', os.version: '10.0', java.version: '1.8.0_201'
Driver info: org.openqa.selenium.chrome.ChromeDriver
Capabilities {acceptInsecureCerts: false, acceptSslCerts: false, applicationCacheEnabled: false, browserConnectionEnabled: false, browserName: chrome, chrome: {chromedriverVersion: 2.36.540470 (e522d04694c7eb..., userDataDir: C:\Users\PREETI~1\AppData\L...}, cssSelectorsEnabled: true, databaseEnabled: false, handlesAlerts: true, hasTouchScreen: false, javascriptEnabled: true, locationContextEnabled: true, mobileEmulationEnabled: false, nativeEvents: true, networkConnectionEnabled: false, pageLoadStrategy: normal, platform: XP, platformName: XP, rotatable: false, setWindowRect: true, takesHeapSnapshot: true, takesScreenshot: true, unexpectedAlertBehaviour: , unhandledPromptBehavior: , version: 80.0.3987.116, webStorageEnabled: true}
Session ID: 1bf13381e94f8808989f031f19c9556b
*** Element info: {Using=xpath, value=//span[contains(text(),'SJ TN-920662879')]//ancestor::tr//div//button[contains(text(),'Delete')]}]]>
            </message>
            <full-stacktrace>
              <![CDATA[org.openqa.selenium.NoSuchElementException: no such element: Unable to locate element: {"method":"xpath","selector":"//span[contains(text(),'SJ TN-920662879')]//ancestor::tr//div//button[contains(text(),'Delete')]"}
  (Session info: chrome=80.0.3987.116)
  (Driver info: chromedriver=2.36.540470 (e522d04694c7ebea4ba8821272dbef4f9b818c91),platform=Windows NT 10.0.18362 x86_64) (WARNING: The server did not provide any stacktrace information)
Command duration or timeout: 0 milliseconds
For documentation on this error, please visit: http://seleniumhq.org/exceptions/no_such_element.html
Build info: version: '3.11.0', revision: 'e59cfb3', time: '2018-03-11T20:26:55.152Z'
System info: host: 'LAPTOP-Q18VUQ5U', ip: '5.5.29.110', os.name: 'Windows 10', os.arch: 'amd64', os.version: '10.0', java.version: '1.8.0_201'
Driver info: org.openqa.selenium.chrome.ChromeDriver
Capabilities {acceptInsecureCerts: false, acceptSslCerts: false, applicationCacheEnabled: false, browserConnectionEnabled: false, browserName: chrome, chrome: {chromedriverVersion: 2.36.540470 (e522d04694c7eb..., userDataDir: C:\Users\PREETI~1\AppData\L...}, cssSelectorsEnabled: true, databaseEnabled: false, handlesAlerts: true, hasTouchScreen: false, javascriptEnabled: true, locationContextEnabled: true, mobileEmulationEnabled: false, nativeEvents: true, networkConnectionEnabled: false, pageLoadStrategy: normal, platform: XP, platformName: XP, rotatable: false, setWindowRect: true, takesHeapSnapshot: true, takesScreenshot: true, unexpectedAlertBehaviour: , unhandledPromptBehavior: , version: 80.0.3987.116, webStorageEnabled: true}
Session ID: 1bf13381e94f8808989f031f19c9556b
*** Element info: {Using=xpath, value=//span[contains(text(),'SJ TN-920662879')]//ancestor::tr//div//button[contains(text(),'Delete')]}
	at sun.reflect.NativeConstructorAccessorImpl.newInstance0(Native Method)
	at sun.reflect.NativeConstructorAccessorImpl.newInstance(Unknown Source)
	at sun.reflect.DelegatingConstructorAccessorImpl.newInstance(Unknown Source)
	at java.lang.reflect.Constructor.newInstance(Unknown Source)
	at org.openqa.selenium.remote.ErrorHandler.createThrowable(ErrorHandler.java:214)
	at org.openqa.selenium.remote.ErrorHandler.throwIfResponseFailed(ErrorHandler.java:166)
	at org.openqa.selenium.remote.http.JsonHttpResponseCodec.reconstructValue(JsonHttpResponseCodec.java:40)
	at org.openqa.selenium.remote.http.AbstractHttpResponseCodec.decode(AbstractHttpResponseCodec.java:80)
	at org.openqa.selenium.remote.http.AbstractHttpResponseCodec.decode(AbstractHttpResponseCodec.java:44)
	at org.openqa.selenium.remote.HttpCommandExecutor.execute(HttpCommandExecutor.java:158)
	at org.openqa.selenium.remote.service.DriverCommandExecutor.execute(DriverCommandExecutor.java:83)
	at org.openqa.selenium.remote.RemoteWebDriver.execute(RemoteWebDriver.java:545)
	at org.openqa.selenium.remote.RemoteWebDriver.findElement(RemoteWebDriver.java:319)
	at org.openqa.selenium.remote.RemoteWebDriver.findElementByXPath(RemoteWebDriver.java:421)
	at org.openqa.selenium.By$ByXPath.findElement(By.java:361)
	at org.openqa.selenium.remote.RemoteWebDriver.findElement(RemoteWebDriver.java:311)
	at pom.TrackingNumberBuilderPage.clickAction(TrackingNumberBuilderPage.java:425)
	at tests.TrackingNumberTest.percentTrakingNumberDeletion(TrackingNumberTest.java:278)
	at sun.reflect.NativeMethodAccessorImpl.invoke0(Native Method)
	at sun.reflect.NativeMethodAccessorImpl.invoke(Unknown Source)
	at sun.reflect.DelegatingMethodAccessorImpl.invoke(Unknown Source)
	at java.lang.reflect.Method.invoke(Unknown Source)
	at org.testng.internal.MethodInvocationHelper.invokeMethod(MethodInvocationHelper.java:86)
	at org.testng.internal.Invoker.invokeMethod(Invoker.java:643)
	at org.testng.internal.Invoker.invokeTestMethod(Invoker.java:820)
	at org.testng.internal.Invoker.invokeTestMethods(Invoker.java:1128)
	at org.testng.internal.TestMethodWorker.invokeTestMethods(TestMethodWorker.java:129)
	at org.testng.internal.TestMethodWorker.run(TestMethodWorker.java:112)
	at org.testng.TestRunner.privateRun(TestRunner.java:782)
	at org.testng.TestRunner.run(TestRunner.java:632)
	at org.testng.SuiteRunner.runTest(SuiteRunner.java:366)
	at org.testng.SuiteRunner.access$000(SuiteRunner.java:39)
	at org.testng.SuiteRunner$SuiteWorker.run(SuiteRunner.java:400)
	at org.testng.internal.thread.ThreadUtil$2.call(ThreadUtil.java:64)
	at java.util.concurrent.FutureTask.run(Unknown Source)
	at java.util.concurrent.ThreadPoolExecutor.runWorker(Unknown Source)
	at java.util.concurrent.ThreadPoolExecutor$Worker.run(Unknown Source)
	at java.lang.Thread.run(Unknown Source)
]]>
            </full-stacktrace>
          </exception> <!-- org.openqa.selenium.NoSuchElementException -->
          <reporter-output>
          </reporter-output>
        </test-method> <!-- percentTrakingNumberDeletion -->
        <test-method status="PASS" signature="tearDown(org.testng.ITestResult)[pri:0, instance:tests.TrackingNumberTest@442675e1]" name="tearDown" is-config="true" duration-ms="16163" started-at="2020-03-03T18:01:11Z" finished-at="2020-03-03T18:01:27Z">
          <params>
            <param index="0">
              <value>
                <![CDATA[[TestResult name=percentTrakingNumberDeletion status=FAILURE method=TrackingNumberTest.percentTrakingNumberDeletion()[pri:13, instance:tests.TrackingNumberTest@442675e1] output={null}]]]>
              </value>
            </param>
          </params>
          <reporter-output>
          </reporter-output>
        </test-method> <!-- tearDown -->
        <test-method status="PASS" signature="scheduleTrakingNumberCreation()[pri:14, instance:tests.TrackingNumberTest@442675e1]" name="scheduleTrakingNumberCreation" duration-ms="84637" started-at="2020-03-03T18:01:27Z" finished-at="2020-03-03T18:02:52Z">
          <reporter-output>
          </reporter-output>
        </test-method> <!-- scheduleTrakingNumberCreation -->
        <test-method status="PASS" signature="tearDown(org.testng.ITestResult)[pri:0, instance:tests.TrackingNumberTest@442675e1]" name="tearDown" is-config="true" duration-ms="95" started-at="2020-03-03T18:02:52Z" finished-at="2020-03-03T18:02:52Z">
          <params>
            <param index="0">
              <value>
                <![CDATA[[TestResult name=scheduleTrakingNumberCreation status=SUCCESS method=TrackingNumberTest.scheduleTrakingNumberCreation()[pri:14, instance:tests.TrackingNumberTest@442675e1] output={null}]]]>
              </value>
            </param>
          </params>
          <reporter-output>
          </reporter-output>
        </test-method> <!-- tearDown -->
        <test-method status="PASS" signature="scheduleTrakingNumberDeletion()[pri:15, instance:tests.TrackingNumberTest@442675e1]" name="scheduleTrakingNumberDeletion" duration-ms="6383" started-at="2020-03-03T18:02:52Z" finished-at="2020-03-03T18:02:58Z">
          <reporter-output>
          </reporter-output>
        </test-method> <!-- scheduleTrakingNumberDeletion -->
        <test-method status="PASS" signature="tearDown(org.testng.ITestResult)[pri:0, instance:tests.TrackingNumberTest@442675e1]" name="tearDown" is-config="true" duration-ms="85" started-at="2020-03-03T18:02:58Z" finished-at="2020-03-03T18:02:58Z">
          <params>
            <param index="0">
              <value>
                <![CDATA[[TestResult name=scheduleTrakingNumberDeletion status=SUCCESS method=TrackingNumberTest.scheduleTrakingNumberDeletion()[pri:15, instance:tests.TrackingNumberTest@442675e1] output={null}]]]>
              </value>
            </param>
          </params>
          <reporter-output>
          </reporter-output>
        </test-method> <!-- tearDown -->
        <test-method status="PASS" signature="outboundTrakingNumberCreation()[pri:16, instance:tests.TrackingNumberTest@442675e1]" name="outboundTrakingNumberCreation" duration-ms="76779" started-at="2020-03-03T18:02:58Z" finished-at="2020-03-03T18:04:15Z">
          <reporter-output>
          </reporter-output>
        </test-method> <!-- outboundTrakingNumberCreation -->
        <test-method status="PASS" signature="tearDown(org.testng.ITestResult)[pri:0, instance:tests.TrackingNumberTest@442675e1]" name="tearDown" is-config="true" duration-ms="57" started-at="2020-03-03T18:04:15Z" finished-at="2020-03-03T18:04:15Z">
          <params>
            <param index="0">
              <value>
                <![CDATA[[TestResult name=outboundTrakingNumberCreation status=SUCCESS method=TrackingNumberTest.outboundTrakingNumberCreation()[pri:16, instance:tests.TrackingNumberTest@442675e1] output={null}]]]>
              </value>
            </param>
          </params>
          <reporter-output>
          </reporter-output>
        </test-method> <!-- tearDown -->
        <test-method status="PASS" signature="outboundTrakingNumberDeletion()[pri:17, instance:tests.TrackingNumberTest@442675e1]" name="outboundTrakingNumberDeletion" duration-ms="6649" started-at="2020-03-03T18:04:15Z" finished-at="2020-03-03T18:04:22Z">
          <reporter-output>
          </reporter-output>
        </test-method> <!-- outboundTrakingNumberDeletion -->
        <test-method status="PASS" signature="tearDown(org.testng.ITestResult)[pri:0, instance:tests.TrackingNumberTest@442675e1]" name="tearDown" is-config="true" duration-ms="49" started-at="2020-03-03T18:04:22Z" finished-at="2020-03-03T18:04:22Z">
          <params>
            <param index="0">
              <value>
                <![CDATA[[TestResult name=outboundTrakingNumberDeletion status=SUCCESS method=TrackingNumberTest.outboundTrakingNumberDeletion()[pri:17, instance:tests.TrackingNumberTest@442675e1] output={null}]]]>
              </value>
            </param>
          </params>
          <reporter-output>
          </reporter-output>
        </test-method> <!-- tearDown -->
        <test-method status="PASS" signature="VoicemailTrakingNumberCreation()[pri:18, instance:tests.TrackingNumberTest@442675e1]" name="VoicemailTrakingNumberCreation" duration-ms="76232" started-at="2020-03-03T18:04:22Z" finished-at="2020-03-03T18:05:38Z">
          <reporter-output>
          </reporter-output>
        </test-method> <!-- VoicemailTrakingNumberCreation -->
        <test-method status="PASS" signature="tearDown(org.testng.ITestResult)[pri:0, instance:tests.TrackingNumberTest@442675e1]" name="tearDown" is-config="true" duration-ms="39" started-at="2020-03-03T18:05:38Z" finished-at="2020-03-03T18:05:38Z">
          <params>
            <param index="0">
              <value>
                <![CDATA[[TestResult name=VoicemailTrakingNumberCreation status=SUCCESS method=TrackingNumberTest.VoicemailTrakingNumberCreation()[pri:18, instance:tests.TrackingNumberTest@442675e1] output={null}]]]>
              </value>
            </param>
          </params>
          <reporter-output>
          </reporter-output>
        </test-method> <!-- tearDown -->
        <test-method status="PASS" signature="voicemailTrakingNumberDeletion()[pri:19, instance:tests.TrackingNumberTest@442675e1]" name="voicemailTrakingNumberDeletion" duration-ms="6528" started-at="2020-03-03T18:05:38Z" finished-at="2020-03-03T18:05:44Z">
          <reporter-output>
          </reporter-output>
        </test-method> <!-- voicemailTrakingNumberDeletion -->
        <test-method status="PASS" signature="tearDown(org.testng.ITestResult)[pri:0, instance:tests.TrackingNumberTest@442675e1]" name="tearDown" is-config="true" duration-ms="94" started-at="2020-03-03T18:05:44Z" finished-at="2020-03-03T18:05:45Z">
          <params>
            <param index="0">
              <value>
                <![CDATA[[TestResult name=voicemailTrakingNumberDeletion status=SUCCESS method=TrackingNumberTest.voicemailTrakingNumberDeletion()[pri:19, instance:tests.TrackingNumberTest@442675e1] output={null}]]]>
              </value>
            </param>
          </params>
          <reporter-output>
          </reporter-output>
        </test-method> <!-- tearDown -->
        <test-method status="PASS" signature="HangupTrakingNumberCreation()[pri:20, instance:tests.TrackingNumberTest@442675e1]" name="HangupTrakingNumberCreation" duration-ms="77617" started-at="2020-03-03T18:05:45Z" finished-at="2020-03-03T18:07:02Z">
          <reporter-output>
          </reporter-output>
        </test-method> <!-- HangupTrakingNumberCreation -->
        <test-method status="PASS" signature="tearDown(org.testng.ITestResult)[pri:0, instance:tests.TrackingNumberTest@442675e1]" name="tearDown" is-config="true" duration-ms="73" started-at="2020-03-03T18:07:02Z" finished-at="2020-03-03T18:07:02Z">
          <params>
            <param index="0">
              <value>
                <![CDATA[[TestResult name=HangupTrakingNumberCreation status=SUCCESS method=TrackingNumberTest.HangupTrakingNumberCreation()[pri:20, instance:tests.TrackingNumberTest@442675e1] output={null}]]]>
              </value>
            </param>
          </params>
          <reporter-output>
          </reporter-output>
        </test-method> <!-- tearDown -->
        <test-method status="PASS" signature="HangupTrakingNumberDeletion()[pri:21, instance:tests.TrackingNumberTest@442675e1]" name="HangupTrakingNumberDeletion" duration-ms="6774" started-at="2020-03-03T18:07:02Z" finished-at="2020-03-03T18:07:09Z">
          <reporter-output>
          </reporter-output>
        </test-method> <!-- HangupTrakingNumberDeletion -->
        <test-method status="PASS" signature="tearDown(org.testng.ITestResult)[pri:0, instance:tests.TrackingNumberTest@442675e1]" name="tearDown" is-config="true" duration-ms="72" started-at="2020-03-03T18:07:09Z" finished-at="2020-03-03T18:07:09Z">
          <params>
            <param index="0">
              <value>
                <![CDATA[[TestResult name=HangupTrakingNumberDeletion status=SUCCESS method=TrackingNumberTest.HangupTrakingNumberDeletion()[pri:21, instance:tests.TrackingNumberTest@442675e1] output={null}]]]>
>>>>>>> 23b5cb7c84ec35829a42815d6e86777026e6900e
              </value>
            </param>
          </params>
          <reporter-output>
          </reporter-output>
        </test-method> <!-- tearDown -->
<<<<<<< HEAD
        <test-method status="PASS" signature="login_with_blank_password()[pri:4, instance:tests.LoginTest@6b0c2d26]" name="login_with_blank_password" duration-ms="568" started-at="2020-03-11T15:37:23Z" finished-at="2020-03-11T15:37:24Z">
          <reporter-output>
          </reporter-output>
        </test-method> <!-- login_with_blank_password -->
        <test-method status="PASS" signature="tearDown(org.testng.ITestResult)[pri:0, instance:tests.LoginTest@6b0c2d26]" name="tearDown" is-config="true" duration-ms="92" started-at="2020-03-11T15:37:24Z" finished-at="2020-03-11T15:37:24Z">
          <params>
            <param index="0">
              <value>
                <![CDATA[[TestResult name=login_with_blank_password status=SUCCESS method=LoginTest.login_with_blank_password()[pri:4, instance:tests.LoginTest@6b0c2d26] output={null}]]]>
              </value>
            </param>
          </params>
          <reporter-output>
          </reporter-output>
        </test-method> <!-- tearDown -->
        <test-method status="PASS" signature="login_with_inactive_user()[pri:5, instance:tests.LoginTest@6b0c2d26]" name="login_with_inactive_user" duration-ms="623" started-at="2020-03-11T15:37:24Z" finished-at="2020-03-11T15:37:24Z">
          <reporter-output>
          </reporter-output>
        </test-method> <!-- login_with_inactive_user -->
        <test-method status="PASS" signature="tearDown(org.testng.ITestResult)[pri:0, instance:tests.LoginTest@6b0c2d26]" name="tearDown" is-config="true" duration-ms="78" started-at="2020-03-11T15:37:24Z" finished-at="2020-03-11T15:37:25Z">
          <params>
            <param index="0">
              <value>
                <![CDATA[[TestResult name=login_with_inactive_user status=SUCCESS method=LoginTest.login_with_inactive_user()[pri:5, instance:tests.LoginTest@6b0c2d26] output={null}]]]>
              </value>
            </param>
          </params>
          <reporter-output>
          </reporter-output>
        </test-method> <!-- tearDown -->
        <test-method status="PASS" signature="login_with_deleted_user()[pri:6, instance:tests.LoginTest@6b0c2d26]" name="login_with_deleted_user" duration-ms="653" started-at="2020-03-11T15:37:25Z" finished-at="2020-03-11T15:37:25Z">
          <reporter-output>
          </reporter-output>
        </test-method> <!-- login_with_deleted_user -->
        <test-method status="PASS" signature="tearDown(org.testng.ITestResult)[pri:0, instance:tests.LoginTest@6b0c2d26]" name="tearDown" is-config="true" duration-ms="90" started-at="2020-03-11T15:37:25Z" finished-at="2020-03-11T15:37:25Z">
          <params>
            <param index="0">
              <value>
                <![CDATA[[TestResult name=login_with_deleted_user status=SUCCESS method=LoginTest.login_with_deleted_user()[pri:6, instance:tests.LoginTest@6b0c2d26] output={null}]]]>
              </value>
            </param>
          </params>
          <reporter-output>
          </reporter-output>
        </test-method> <!-- tearDown -->
        <test-method status="PASS" signature="login_with_blank_username_and_password()[pri:7, instance:tests.LoginTest@6b0c2d26]" name="login_with_blank_username_and_password" duration-ms="239" started-at="2020-03-11T15:37:25Z" finished-at="2020-03-11T15:37:26Z">
          <reporter-output>
          </reporter-output>
        </test-method> <!-- login_with_blank_username_and_password -->
        <test-method status="PASS" signature="tearDown(org.testng.ITestResult)[pri:0, instance:tests.LoginTest@6b0c2d26]" name="tearDown" is-config="true" duration-ms="82" started-at="2020-03-11T15:37:26Z" finished-at="2020-03-11T15:37:26Z">
          <params>
            <param index="0">
              <value>
                <![CDATA[[TestResult name=login_with_blank_username_and_password status=SUCCESS method=LoginTest.login_with_blank_username_and_password()[pri:7, instance:tests.LoginTest@6b0c2d26] output={null}]]]>
              </value>
            </param>
          </params>
          <reporter-output>
          </reporter-output>
        </test-method> <!-- tearDown -->
        <test-method status="PASS" signature="UIVerification_forgot_passowrd_page()[pri:8, instance:tests.LoginTest@6b0c2d26]" name="UIVerification_forgot_passowrd_page" duration-ms="2690" started-at="2020-03-11T15:37:26Z" finished-at="2020-03-11T15:37:28Z">
          <reporter-output>
          </reporter-output>
        </test-method> <!-- UIVerification_forgot_passowrd_page -->
        <test-method status="PASS" signature="tearDown(org.testng.ITestResult)[pri:0, instance:tests.LoginTest@6b0c2d26]" name="tearDown" is-config="true" duration-ms="60" started-at="2020-03-11T15:37:28Z" finished-at="2020-03-11T15:37:28Z">
          <params>
            <param index="0">
              <value>
                <![CDATA[[TestResult name=UIVerification_forgot_passowrd_page status=SUCCESS method=LoginTest.UIVerification_forgot_passowrd_page()[pri:8, instance:tests.LoginTest@6b0c2d26] output={null}]]]>
              </value>
            </param>
          </params>
          <reporter-output>
          </reporter-output>
        </test-method> <!-- tearDown -->
        <test-method status="PASS" signature="next_button_with_no_email_ID()[pri:9, instance:tests.LoginTest@6b0c2d26]" name="next_button_with_no_email_ID" duration-ms="349" started-at="2020-03-11T15:37:28Z" finished-at="2020-03-11T15:37:29Z">
          <reporter-output>
          </reporter-output>
        </test-method> <!-- next_button_with_no_email_ID -->
        <test-method status="PASS" signature="tearDown(org.testng.ITestResult)[pri:0, instance:tests.LoginTest@6b0c2d26]" name="tearDown" is-config="true" duration-ms="77" started-at="2020-03-11T15:37:29Z" finished-at="2020-03-11T15:37:29Z">
          <params>
            <param index="0">
              <value>
                <![CDATA[[TestResult name=next_button_with_no_email_ID status=SUCCESS method=LoginTest.next_button_with_no_email_ID()[pri:9, instance:tests.LoginTest@6b0c2d26] output={null}]]]>
              </value>
            </param>
          </params>
          <reporter-output>
          </reporter-output>
        </test-method> <!-- tearDown -->
        <test-method status="PASS" signature="reset_password()[pri:10, instance:tests.LoginTest@6b0c2d26]" name="reset_password" duration-ms="1109" started-at="2020-03-11T15:37:29Z" finished-at="2020-03-11T15:37:30Z">
          <reporter-output>
          </reporter-output>
        </test-method> <!-- reset_password -->
        <test-method status="PASS" signature="tearDown(org.testng.ITestResult)[pri:0, instance:tests.LoginTest@6b0c2d26]" name="tearDown" is-config="true" duration-ms="67" started-at="2020-03-11T15:37:30Z" finished-at="2020-03-11T15:37:30Z">
          <params>
            <param index="0">
              <value>
                <![CDATA[[TestResult name=reset_password status=SUCCESS method=LoginTest.reset_password()[pri:10, instance:tests.LoginTest@6b0c2d26] output={null}]]]>
              </value>
            </param>
          </params>
          <reporter-output>
          </reporter-output>
        </test-method> <!-- tearDown -->
        <test-method status="PASS" signature="rememeber_me_functinonality()[pri:11, instance:tests.LoginTest@6b0c2d26]" name="rememeber_me_functinonality" duration-ms="5690" started-at="2020-03-11T15:37:30Z" finished-at="2020-03-11T15:37:36Z">
          <reporter-output>
          </reporter-output>
        </test-method> <!-- rememeber_me_functinonality -->
        <test-method status="PASS" signature="tearDown(org.testng.ITestResult)[pri:0, instance:tests.LoginTest@6b0c2d26]" name="tearDown" is-config="true" duration-ms="72" started-at="2020-03-11T15:37:36Z" finished-at="2020-03-11T15:37:36Z">
          <params>
            <param index="0">
              <value>
                <![CDATA[[TestResult name=rememeber_me_functinonality status=SUCCESS method=LoginTest.rememeber_me_functinonality()[pri:11, instance:tests.LoginTest@6b0c2d26] output={null}]]]>
              </value>
            </param>
          </params>
          <reporter-output>
          </reporter-output>
        </test-method> <!-- tearDown -->
        <test-method status="PASS" signature="validLogin()[pri:12, instance:tests.LoginTest@6b0c2d26]" name="validLogin" duration-ms="1720" started-at="2020-03-11T15:37:36Z" finished-at="2020-03-11T15:37:37Z">
          <reporter-output>
          </reporter-output>
        </test-method> <!-- validLogin -->
        <test-method status="PASS" signature="tearDown(org.testng.ITestResult)[pri:0, instance:tests.LoginTest@6b0c2d26]" name="tearDown" is-config="true" duration-ms="66" started-at="2020-03-11T15:37:37Z" finished-at="2020-03-11T15:37:38Z">
          <params>
            <param index="0">
              <value>
                <![CDATA[[TestResult name=validLogin status=SUCCESS method=LoginTest.validLogin()[pri:12, instance:tests.LoginTest@6b0c2d26] output={null}]]]>
              </value>
            </param>
          </params>
          <reporter-output>
          </reporter-output>
        </test-method> <!-- tearDown -->
        <test-method status="PASS" signature="tearDown()[pri:0, instance:tests.LoginTest@6b0c2d26]" name="tearDown" is-config="true" duration-ms="3626" started-at="2020-03-11T15:37:38Z" finished-at="2020-03-11T15:37:41Z">
          <reporter-output>
          </reporter-output>
        </test-method> <!-- tearDown -->
        <test-method status="PASS" signature="close_connection()[pri:0, instance:tests.LoginTest@6b0c2d26]" name="close_connection" is-config="true" duration-ms="8435" started-at="2020-03-11T15:58:26Z" finished-at="2020-03-11T15:58:34Z">
=======
        <test-method status="PASS" signature="cleanUp()[pri:0, instance:tests.TrackingNumberTest@442675e1]" name="cleanUp" is-config="true" duration-ms="1" started-at="2020-03-03T18:07:09Z" finished-at="2020-03-03T18:07:09Z">
          <reporter-output>
          </reporter-output>
        </test-method> <!-- cleanUp -->
        <test-method status="PASS" signature="tearDown()[pri:0, instance:tests.TrackingNumberTest@442675e1]" name="tearDown" is-config="true" duration-ms="856" started-at="2020-03-03T18:07:09Z" finished-at="2020-03-03T18:07:10Z">
          <reporter-output>
          </reporter-output>
        </test-method> <!-- tearDown -->
        <test-method status="PASS" signature="close_connection()[pri:0, instance:tests.TrackingNumberTest@442675e1]" name="close_connection" is-config="true" duration-ms="7714" started-at="2020-03-03T18:07:10Z" finished-at="2020-03-03T18:07:18Z">
>>>>>>> 23b5cb7c84ec35829a42815d6e86777026e6900e
          <reporter-output>
          </reporter-output>
        </test-method> <!-- close_connection -->
      </class> <!-- tests.LoginTest -->
      <class name="tests.CampaignTests">
        <test-method status="PASS" signature="goToCampaignPage()[pri:0, instance:tests.CampaignTests@6e38921c]" name="goToCampaignPage" is-config="true" duration-ms="3006" started-at="2020-03-11T15:39:56Z" finished-at="2020-03-11T15:39:59Z">
          <reporter-output>
          </reporter-output>
        </test-method> <!-- goToCampaignPage -->
        <test-method status="PASS" signature="campaignBuilderPage_UI_Verification()[pri:1, instance:tests.CampaignTests@6e38921c]" name="campaignBuilderPage_UI_Verification" duration-ms="7389" started-at="2020-03-11T15:39:59Z" finished-at="2020-03-11T15:40:07Z">
          <reporter-output>
          </reporter-output>
        </test-method> <!-- campaignBuilderPage_UI_Verification -->
        <test-method status="PASS" signature="tearDown(org.testng.ITestResult)[pri:0, instance:tests.CampaignTests@6e38921c]" name="tearDown" is-config="true" duration-ms="93" started-at="2020-03-11T15:40:07Z" finished-at="2020-03-11T15:40:07Z">
          <params>
            <param index="0">
              <value>
                <![CDATA[[TestResult name=campaignBuilderPage_UI_Verification status=SUCCESS method=CampaignTests.campaignBuilderPage_UI_Verification()[pri:1, instance:tests.CampaignTests@6e38921c] output={null}]]]>
              </value>
            </param>
          </params>
          <reporter-output>
          </reporter-output>
        </test-method> <!-- tearDown -->
        <test-method status="PASS" signature="defaultCampaignOwnerValidation()[pri:2, instance:tests.CampaignTests@6e38921c]" name="defaultCampaignOwnerValidation" duration-ms="6872" started-at="2020-03-11T15:40:07Z" finished-at="2020-03-11T15:40:14Z">
          <reporter-output>
          </reporter-output>
        </test-method> <!-- defaultCampaignOwnerValidation -->
        <test-method status="PASS" signature="tearDown(org.testng.ITestResult)[pri:0, instance:tests.CampaignTests@6e38921c]" name="tearDown" is-config="true" duration-ms="77" started-at="2020-03-11T15:40:14Z" finished-at="2020-03-11T15:40:14Z">
          <params>
            <param index="0">
              <value>
                <![CDATA[[TestResult name=defaultCampaignOwnerValidation status=SUCCESS method=CampaignTests.defaultCampaignOwnerValidation()[pri:2, instance:tests.CampaignTests@6e38921c] output={null}]]]>
              </value>
            </param>
          </params>
          <reporter-output>
          </reporter-output>
        </test-method> <!-- tearDown -->
        <test-method status="PASS" signature="campaign_Creation_Without_externalID()[pri:3, instance:tests.CampaignTests@6e38921c]" name="campaign_Creation_Without_externalID" duration-ms="13733" started-at="2020-03-11T15:40:14Z" finished-at="2020-03-11T15:40:28Z">
          <reporter-output>
          </reporter-output>
        </test-method> <!-- campaign_Creation_Without_externalID -->
        <test-method status="PASS" signature="tearDown(org.testng.ITestResult)[pri:0, instance:tests.CampaignTests@6e38921c]" name="tearDown" is-config="true" duration-ms="47" started-at="2020-03-11T15:40:28Z" finished-at="2020-03-11T15:40:28Z">
          <params>
            <param index="0">
              <value>
                <![CDATA[[TestResult name=campaign_Creation_Without_externalID status=SUCCESS method=CampaignTests.campaign_Creation_Without_externalID()[pri:3, instance:tests.CampaignTests@6e38921c] output={null}]]]>
              </value>
            </param>
          </params>
          <reporter-output>
          </reporter-output>
        </test-method> <!-- tearDown -->
        <test-method status="PASS" signature="campaign_updation_Without_externalID()[pri:4, instance:tests.CampaignTests@6e38921c]" name="campaign_updation_Without_externalID" duration-ms="16068" started-at="2020-03-11T15:40:28Z" finished-at="2020-03-11T15:40:44Z">
          <reporter-output>
          </reporter-output>
        </test-method> <!-- campaign_updation_Without_externalID -->
        <test-method status="PASS" signature="tearDown(org.testng.ITestResult)[pri:0, instance:tests.CampaignTests@6e38921c]" name="tearDown" is-config="true" duration-ms="65" started-at="2020-03-11T15:40:44Z" finished-at="2020-03-11T15:40:44Z">
          <params>
            <param index="0">
              <value>
                <![CDATA[[TestResult name=campaign_updation_Without_externalID status=SUCCESS method=CampaignTests.campaign_updation_Without_externalID()[pri:4, instance:tests.CampaignTests@6e38921c] output={null}]]]>
              </value>
            </param>
          </params>
          <reporter-output>
          </reporter-output>
        </test-method> <!-- tearDown -->
        <test-method status="PASS" signature="campaign_deletion_Without_externalID()[pri:5, instance:tests.CampaignTests@6e38921c]" name="campaign_deletion_Without_externalID" duration-ms="4974" started-at="2020-03-11T15:40:44Z" finished-at="2020-03-11T15:40:49Z">
          <reporter-output>
          </reporter-output>
        </test-method> <!-- campaign_deletion_Without_externalID -->
        <test-method status="PASS" signature="tearDown(org.testng.ITestResult)[pri:0, instance:tests.CampaignTests@6e38921c]" name="tearDown" is-config="true" duration-ms="41" started-at="2020-03-11T15:40:49Z" finished-at="2020-03-11T15:40:49Z">
          <params>
            <param index="0">
              <value>
                <![CDATA[[TestResult name=campaign_deletion_Without_externalID status=SUCCESS method=CampaignTests.campaign_deletion_Without_externalID()[pri:5, instance:tests.CampaignTests@6e38921c] output={null}]]]>
              </value>
            </param>
          </params>
          <reporter-output>
          </reporter-output>
        </test-method> <!-- tearDown -->
        <test-method status="PASS" signature="campaign_Creation_With_externalID()[pri:6, instance:tests.CampaignTests@6e38921c]" name="campaign_Creation_With_externalID" duration-ms="13670" started-at="2020-03-11T15:40:49Z" finished-at="2020-03-11T15:41:02Z">
          <reporter-output>
          </reporter-output>
        </test-method> <!-- campaign_Creation_With_externalID -->
        <test-method status="PASS" signature="tearDown(org.testng.ITestResult)[pri:0, instance:tests.CampaignTests@6e38921c]" name="tearDown" is-config="true" duration-ms="57" started-at="2020-03-11T15:41:02Z" finished-at="2020-03-11T15:41:02Z">
          <params>
            <param index="0">
              <value>
                <![CDATA[[TestResult name=campaign_Creation_With_externalID status=SUCCESS method=CampaignTests.campaign_Creation_With_externalID()[pri:6, instance:tests.CampaignTests@6e38921c] output={null}]]]>
              </value>
            </param>
          </params>
          <reporter-output>
          </reporter-output>
        </test-method> <!-- tearDown -->
        <test-method status="PASS" signature="campaign_updation_With_externalID()[pri:7, instance:tests.CampaignTests@6e38921c]" name="campaign_updation_With_externalID" duration-ms="12348" started-at="2020-03-11T15:41:02Z" finished-at="2020-03-11T15:41:15Z">
          <reporter-output>
          </reporter-output>
        </test-method> <!-- campaign_updation_With_externalID -->
        <test-method status="PASS" signature="tearDown(org.testng.ITestResult)[pri:0, instance:tests.CampaignTests@6e38921c]" name="tearDown" is-config="true" duration-ms="45" started-at="2020-03-11T15:41:15Z" finished-at="2020-03-11T15:41:15Z">
          <params>
            <param index="0">
              <value>
                <![CDATA[[TestResult name=campaign_updation_With_externalID status=SUCCESS method=CampaignTests.campaign_updation_With_externalID()[pri:7, instance:tests.CampaignTests@6e38921c] output={null}]]]>
              </value>
            </param>
          </params>
          <reporter-output>
          </reporter-output>
        </test-method> <!-- tearDown -->
        <test-method status="PASS" signature="campaign_deletion_With_externalID()[pri:8, instance:tests.CampaignTests@6e38921c]" name="campaign_deletion_With_externalID" duration-ms="4831" started-at="2020-03-11T15:41:15Z" finished-at="2020-03-11T15:41:20Z">
          <reporter-output>
          </reporter-output>
        </test-method> <!-- campaign_deletion_With_externalID -->
        <test-method status="PASS" signature="tearDown(org.testng.ITestResult)[pri:0, instance:tests.CampaignTests@6e38921c]" name="tearDown" is-config="true" duration-ms="54" started-at="2020-03-11T15:41:20Z" finished-at="2020-03-11T15:41:20Z">
          <params>
            <param index="0">
              <value>
                <![CDATA[[TestResult name=campaign_deletion_With_externalID status=SUCCESS method=CampaignTests.campaign_deletion_With_externalID()[pri:8, instance:tests.CampaignTests@6e38921c] output={null}]]]>
              </value>
            </param>
          </params>
          <reporter-output>
          </reporter-output>
        </test-method> <!-- tearDown -->
        <test-method status="PASS" signature="createCampaignWithFutureStartDateAndNeverEndDate()[pri:9, instance:tests.CampaignTests@6e38921c]" name="createCampaignWithFutureStartDateAndNeverEndDate" duration-ms="13890" started-at="2020-03-11T15:41:20Z" finished-at="2020-03-11T15:41:34Z">
          <reporter-output>
          </reporter-output>
        </test-method> <!-- createCampaignWithFutureStartDateAndNeverEndDate -->
        <test-method status="PASS" signature="tearDown(org.testng.ITestResult)[pri:0, instance:tests.CampaignTests@6e38921c]" name="tearDown" is-config="true" duration-ms="55" started-at="2020-03-11T15:41:34Z" finished-at="2020-03-11T15:41:34Z">
          <params>
            <param index="0">
              <value>
                <![CDATA[[TestResult name=createCampaignWithFutureStartDateAndNeverEndDate status=SUCCESS method=CampaignTests.createCampaignWithFutureStartDateAndNeverEndDate()[pri:9, instance:tests.CampaignTests@6e38921c] output={null}]]]>
              </value>
            </param>
          </params>
          <reporter-output>
          </reporter-output>
        </test-method> <!-- tearDown -->
        <test-method status="PASS" signature="updateCampaignWithFutureStartDateAndNeverEndDate()[pri:10, instance:tests.CampaignTests@6e38921c]" name="updateCampaignWithFutureStartDateAndNeverEndDate" duration-ms="13193" started-at="2020-03-11T15:41:34Z" finished-at="2020-03-11T15:41:47Z">
          <reporter-output>
          </reporter-output>
        </test-method> <!-- updateCampaignWithFutureStartDateAndNeverEndDate -->
        <test-method status="PASS" signature="tearDown(org.testng.ITestResult)[pri:0, instance:tests.CampaignTests@6e38921c]" name="tearDown" is-config="true" duration-ms="44" started-at="2020-03-11T15:41:47Z" finished-at="2020-03-11T15:41:47Z">
          <params>
            <param index="0">
              <value>
                <![CDATA[[TestResult name=updateCampaignWithFutureStartDateAndNeverEndDate status=SUCCESS method=CampaignTests.updateCampaignWithFutureStartDateAndNeverEndDate()[pri:10, instance:tests.CampaignTests@6e38921c] output={null}]]]>
              </value>
            </param>
          </params>
          <reporter-output>
          </reporter-output>
        </test-method> <!-- tearDown -->
        <test-method status="PASS" signature="campaign_deletion_With_futureStartDate()[pri:11, instance:tests.CampaignTests@6e38921c]" name="campaign_deletion_With_futureStartDate" duration-ms="4914" started-at="2020-03-11T15:41:47Z" finished-at="2020-03-11T15:41:52Z">
          <reporter-output>
          </reporter-output>
        </test-method> <!-- campaign_deletion_With_futureStartDate -->
        <test-method status="PASS" signature="tearDown(org.testng.ITestResult)[pri:0, instance:tests.CampaignTests@6e38921c]" name="tearDown" is-config="true" duration-ms="57" started-at="2020-03-11T15:41:52Z" finished-at="2020-03-11T15:41:52Z">
          <params>
            <param index="0">
              <value>
                <![CDATA[[TestResult name=campaign_deletion_With_futureStartDate status=SUCCESS method=CampaignTests.campaign_deletion_With_futureStartDate()[pri:11, instance:tests.CampaignTests@6e38921c] output={null}]]]>
              </value>
            </param>
          </params>
          <reporter-output>
          </reporter-output>
        </test-method> <!-- tearDown -->
        <test-method status="PASS" signature="createCampaignWithFutureStartDateAndFutureEndDate()[pri:12, instance:tests.CampaignTests@6e38921c]" name="createCampaignWithFutureStartDateAndFutureEndDate" duration-ms="14932" started-at="2020-03-11T15:41:52Z" finished-at="2020-03-11T15:42:07Z">
          <reporter-output>
          </reporter-output>
        </test-method> <!-- createCampaignWithFutureStartDateAndFutureEndDate -->
        <test-method status="PASS" signature="tearDown(org.testng.ITestResult)[pri:0, instance:tests.CampaignTests@6e38921c]" name="tearDown" is-config="true" duration-ms="41" started-at="2020-03-11T15:42:07Z" finished-at="2020-03-11T15:42:07Z">
          <params>
            <param index="0">
              <value>
                <![CDATA[[TestResult name=createCampaignWithFutureStartDateAndFutureEndDate status=SUCCESS method=CampaignTests.createCampaignWithFutureStartDateAndFutureEndDate()[pri:12, instance:tests.CampaignTests@6e38921c] output={null}]]]>
              </value>
            </param>
          </params>
          <reporter-output>
          </reporter-output>
        </test-method> <!-- tearDown -->
        <test-method status="PASS" signature="updateCampaignWithFutureStartDateAndFutureEndDate()[pri:13, instance:tests.CampaignTests@6e38921c]" name="updateCampaignWithFutureStartDateAndFutureEndDate" duration-ms="13682" started-at="2020-03-11T15:42:07Z" finished-at="2020-03-11T15:42:21Z">
          <reporter-output>
          </reporter-output>
        </test-method> <!-- updateCampaignWithFutureStartDateAndFutureEndDate -->
        <test-method status="PASS" signature="tearDown(org.testng.ITestResult)[pri:0, instance:tests.CampaignTests@6e38921c]" name="tearDown" is-config="true" duration-ms="44" started-at="2020-03-11T15:42:21Z" finished-at="2020-03-11T15:42:21Z">
          <params>
            <param index="0">
              <value>
                <![CDATA[[TestResult name=updateCampaignWithFutureStartDateAndFutureEndDate status=SUCCESS method=CampaignTests.updateCampaignWithFutureStartDateAndFutureEndDate()[pri:13, instance:tests.CampaignTests@6e38921c] output={null}]]]>
              </value>
            </param>
          </params>
          <reporter-output>
          </reporter-output>
        </test-method> <!-- tearDown -->
        <test-method status="PASS" signature="campaign_deletion_With_futureStartDateAndFutureEndDate()[pri:14, instance:tests.CampaignTests@6e38921c]" name="campaign_deletion_With_futureStartDateAndFutureEndDate" duration-ms="5187" started-at="2020-03-11T15:42:21Z" finished-at="2020-03-11T15:42:26Z">
          <reporter-output>
          </reporter-output>
        </test-method> <!-- campaign_deletion_With_futureStartDateAndFutureEndDate -->
        <test-method status="PASS" signature="tearDown(org.testng.ITestResult)[pri:0, instance:tests.CampaignTests@6e38921c]" name="tearDown" is-config="true" duration-ms="41" started-at="2020-03-11T15:42:26Z" finished-at="2020-03-11T15:42:26Z">
          <params>
            <param index="0">
              <value>
                <![CDATA[[TestResult name=campaign_deletion_With_futureStartDateAndFutureEndDate status=SUCCESS method=CampaignTests.campaign_deletion_With_futureStartDateAndFutureEndDate()[pri:14, instance:tests.CampaignTests@6e38921c] output={null}]]]>
              </value>
            </param>
          </params>
          <reporter-output>
          </reporter-output>
        </test-method> <!-- tearDown -->
        <test-method status="PASS" signature="createCampaignWithPastTime()[pri:15, instance:tests.CampaignTests@6e38921c]" name="createCampaignWithPastTime" duration-ms="8415" started-at="2020-03-11T15:42:26Z" finished-at="2020-03-11T15:42:34Z">
          <reporter-output>
          </reporter-output>
        </test-method> <!-- createCampaignWithPastTime -->
        <test-method status="PASS" signature="tearDown(org.testng.ITestResult)[pri:0, instance:tests.CampaignTests@6e38921c]" name="tearDown" is-config="true" duration-ms="49" started-at="2020-03-11T15:42:34Z" finished-at="2020-03-11T15:42:34Z">
          <params>
            <param index="0">
              <value>
                <![CDATA[[TestResult name=createCampaignWithPastTime status=SUCCESS method=CampaignTests.createCampaignWithPastTime()[pri:15, instance:tests.CampaignTests@6e38921c] output={null}]]]>
              </value>
            </param>
          </params>
          <reporter-output>
          </reporter-output>
        </test-method> <!-- tearDown -->
        <test-method status="PASS" signature="goToHomePage()[pri:0, instance:tests.CampaignTests@6e38921c]" name="goToHomePage" is-config="true" duration-ms="5800" started-at="2020-03-11T15:42:34Z" finished-at="2020-03-11T15:42:40Z">
          <reporter-output>
          </reporter-output>
        </test-method> <!-- goToHomePage -->
      </class> <!-- tests.CampaignTests -->
      <class name="tests.HomeTest">
        <test-method status="PASS" signature="validLogin()[pri:0, instance:tests.HomeTest@3d3fcdb0]" name="validLogin" is-config="true" duration-ms="1827" started-at="2020-03-11T15:37:41Z" finished-at="2020-03-11T15:37:43Z">
          <reporter-output>
          </reporter-output>
        </test-method> <!-- validLogin -->
        <test-method status="PASS" signature="ui_verification()[pri:1, instance:tests.HomeTest@3d3fcdb0]" name="ui_verification" duration-ms="12628" started-at="2020-03-11T15:37:43Z" finished-at="2020-03-11T15:37:56Z">
          <reporter-output>
          </reporter-output>
        </test-method> <!-- ui_verification -->
        <test-method status="PASS" signature="tearDown(org.testng.ITestResult)[pri:0, instance:tests.HomeTest@3d3fcdb0]" name="tearDown" is-config="true" duration-ms="66" started-at="2020-03-11T15:37:56Z" finished-at="2020-03-11T15:37:56Z">
          <params>
            <param index="0">
              <value>
                <![CDATA[[TestResult name=ui_verification status=SUCCESS method=HomeTest.ui_verification()[pri:1, instance:tests.HomeTest@3d3fcdb0] output={null}]]]>
              </value>
            </param>
          </params>
          <reporter-output>
          </reporter-output>
        </test-method> <!-- tearDown -->
        <test-method status="FAIL" signature="tiles_count_verification_UI()[pri:2, instance:tests.HomeTest@3d3fcdb0]" name="tiles_count_verification_UI" duration-ms="6720" started-at="2020-03-11T15:37:56Z" finished-at="2020-03-11T15:38:02Z">
          <exception class="java.lang.AssertionError">
            <message>
              <![CDATA[The following asserts failed:
	total_call_count_from_ui is not matching with db expected [true] but found [false],
	answered_calls_count_from_ui is not matching with db expected [true] but found [false],
	AVG CALL DURATION from ui is not matching with db expected [true] but found [false]]]>
            </message>
            <full-stacktrace>
              <![CDATA[java.lang.AssertionError: The following asserts failed:
	total_call_count_from_ui is not matching with db expected [true] but found [false],
	answered_calls_count_from_ui is not matching with db expected [true] but found [false],
	AVG CALL DURATION from ui is not matching with db expected [true] but found [false]
	at org.testng.asserts.SoftAssert.assertAll(SoftAssert.java:43)
	at pom.HomePage.tilesCount(HomePage.java:468)
	at tests.HomeTest.tiles_count_verification_UI(HomeTest.java:55)
	at sun.reflect.NativeMethodAccessorImpl.invoke0(Native Method)
	at sun.reflect.NativeMethodAccessorImpl.invoke(Unknown Source)
	at sun.reflect.DelegatingMethodAccessorImpl.invoke(Unknown Source)
	at java.lang.reflect.Method.invoke(Unknown Source)
	at org.testng.internal.MethodInvocationHelper.invokeMethod(MethodInvocationHelper.java:86)
	at org.testng.internal.Invoker.invokeMethod(Invoker.java:643)
	at org.testng.internal.Invoker.invokeTestMethod(Invoker.java:820)
	at org.testng.internal.Invoker.invokeTestMethods(Invoker.java:1128)
	at org.testng.internal.TestMethodWorker.invokeTestMethods(TestMethodWorker.java:129)
	at org.testng.internal.TestMethodWorker.run(TestMethodWorker.java:112)
	at org.testng.TestRunner.privateRun(TestRunner.java:782)
	at org.testng.TestRunner.run(TestRunner.java:632)
	at org.testng.SuiteRunner.runTest(SuiteRunner.java:366)
	at org.testng.SuiteRunner.access$000(SuiteRunner.java:39)
	at org.testng.SuiteRunner$SuiteWorker.run(SuiteRunner.java:400)
	at org.testng.internal.thread.ThreadUtil$2.call(ThreadUtil.java:64)
	at java.util.concurrent.FutureTask.run(Unknown Source)
	at java.util.concurrent.ThreadPoolExecutor.runWorker(Unknown Source)
	at java.util.concurrent.ThreadPoolExecutor$Worker.run(Unknown Source)
	at java.lang.Thread.run(Unknown Source)
]]>
            </full-stacktrace>
          </exception> <!-- java.lang.AssertionError -->
          <reporter-output>
          </reporter-output>
        </test-method> <!-- tiles_count_verification_UI -->
        <test-method status="PASS" signature="tearDown(org.testng.ITestResult)[pri:0, instance:tests.HomeTest@3d3fcdb0]" name="tearDown" is-config="true" duration-ms="11772" started-at="2020-03-11T15:38:02Z" finished-at="2020-03-11T15:38:14Z">
          <params>
            <param index="0">
              <value>
                <![CDATA[[TestResult name=tiles_count_verification_UI status=FAILURE method=HomeTest.tiles_count_verification_UI()[pri:2, instance:tests.HomeTest@3d3fcdb0] output={null}]]]>
              </value>
            </param>
          </params>
          <reporter-output>
          </reporter-output>
        </test-method> <!-- tearDown -->
        <test-method status="PASS" signature="tearDown()[pri:0, instance:tests.HomeTest@3d3fcdb0]" name="tearDown" is-config="true" duration-ms="4904" started-at="2020-03-11T15:38:14Z" finished-at="2020-03-11T15:38:19Z">
          <reporter-output>
          </reporter-output>
        </test-method> <!-- tearDown -->
      </class> <!-- tests.HomeTest -->
      <class name="tests.CamapignUIVerificationTest">
        <test-method status="PASS" signature="goToCampaignPage()[pri:0, instance:tests.CamapignUIVerificationTest@641147d0]" name="goToCampaignPage" is-config="true" duration-ms="3314" started-at="2020-03-11T15:38:19Z" finished-at="2020-03-11T15:38:22Z">
          <reporter-output>
          </reporter-output>
        </test-method> <!-- goToCampaignPage -->
        <test-method status="PASS" signature="CampaignAndTrackingNumberPage_UI_Verification()[pri:1, instance:tests.CamapignUIVerificationTest@641147d0]" name="CampaignAndTrackingNumberPage_UI_Verification" duration-ms="8311" started-at="2020-03-11T15:38:22Z" finished-at="2020-03-11T15:38:31Z">
          <reporter-output>
          </reporter-output>
        </test-method> <!-- CampaignAndTrackingNumberPage_UI_Verification -->
        <test-method status="PASS" signature="tearDown(org.testng.ITestResult)[pri:0, instance:tests.CamapignUIVerificationTest@641147d0]" name="tearDown" is-config="true" duration-ms="70" started-at="2020-03-11T15:38:31Z" finished-at="2020-03-11T15:38:31Z">
          <params>
            <param index="0">
              <value>
                <![CDATA[[TestResult name=CampaignAndTrackingNumberPage_UI_Verification status=SUCCESS method=CamapignUIVerificationTest.CampaignAndTrackingNumberPage_UI_Verification()[pri:1, instance:tests.CamapignUIVerificationTest@641147d0] output={null}]]]>
              </value>
            </param>
          </params>
          <reporter-output>
          </reporter-output>
        </test-method> <!-- tearDown -->
        <test-method status="PASS" signature="defaultColumnsDisplayed()[pri:2, instance:tests.CamapignUIVerificationTest@641147d0]" name="defaultColumnsDisplayed" duration-ms="8563" started-at="2020-03-11T15:38:31Z" finished-at="2020-03-11T15:38:39Z">
          <reporter-output>
          </reporter-output>
        </test-method> <!-- defaultColumnsDisplayed -->
        <test-method status="PASS" signature="tearDown(org.testng.ITestResult)[pri:0, instance:tests.CamapignUIVerificationTest@641147d0]" name="tearDown" is-config="true" duration-ms="98" started-at="2020-03-11T15:38:39Z" finished-at="2020-03-11T15:38:39Z">
          <params>
            <param index="0">
              <value>
                <![CDATA[[TestResult name=defaultColumnsDisplayed status=SUCCESS method=CamapignUIVerificationTest.defaultColumnsDisplayed()[pri:2, instance:tests.CamapignUIVerificationTest@641147d0] output={null}]]]>
              </value>
            </param>
          </params>
          <reporter-output>
          </reporter-output>
        </test-method> <!-- tearDown -->
        <test-method status="PASS" signature="allColumnsDisplayed()[pri:3, instance:tests.CamapignUIVerificationTest@641147d0]" name="allColumnsDisplayed" duration-ms="70720" started-at="2020-03-11T15:38:39Z" finished-at="2020-03-11T15:39:50Z">
          <reporter-output>
          </reporter-output>
        </test-method> <!-- allColumnsDisplayed -->
        <test-method status="PASS" signature="tearDown(org.testng.ITestResult)[pri:0, instance:tests.CamapignUIVerificationTest@641147d0]" name="tearDown" is-config="true" duration-ms="63" started-at="2020-03-11T15:39:50Z" finished-at="2020-03-11T15:39:50Z">
          <params>
            <param index="0">
              <value>
                <![CDATA[[TestResult name=allColumnsDisplayed status=SUCCESS method=CamapignUIVerificationTest.allColumnsDisplayed()[pri:3, instance:tests.CamapignUIVerificationTest@641147d0] output={null}]]]>
              </value>
            </param>
          </params>
          <reporter-output>
          </reporter-output>
        </test-method> <!-- tearDown -->
        <test-method status="PASS" signature="goToHomePage()[pri:0, instance:tests.CamapignUIVerificationTest@641147d0]" name="goToHomePage" is-config="true" duration-ms="6167" started-at="2020-03-11T15:39:50Z" finished-at="2020-03-11T15:39:56Z">
          <reporter-output>
          </reporter-output>
        </test-method> <!-- goToHomePage -->
        <test-method status="PASS" signature="tearDown()[pri:0, instance:tests.CamapignUIVerificationTest@641147d0]" name="tearDown" is-config="true" duration-ms="901" started-at="2020-03-11T15:58:25Z" finished-at="2020-03-11T15:58:26Z">
          <reporter-output>
          </reporter-output>
        </test-method> <!-- tearDown -->
      </class> <!-- tests.CamapignUIVerificationTest -->
      <class name="tests.TrackingNumberTest">
        <test-method status="PASS" signature="goToCampaignPage()[pri:0, instance:tests.TrackingNumberTest@64d7f7e0]" name="goToCampaignPage" is-config="true" duration-ms="3183" started-at="2020-03-11T15:42:40Z" finished-at="2020-03-11T15:42:43Z">
          <reporter-output>
          </reporter-output>
        </test-method> <!-- goToCampaignPage -->
        <test-method status="PASS" signature="trakingNumberPageUIVerification()[pri:0, instance:tests.TrackingNumberTest@64d7f7e0]" name="trakingNumberPageUIVerification" duration-ms="134152" started-at="2020-03-11T15:42:43Z" finished-at="2020-03-11T15:44:57Z">
          <reporter-output>
          </reporter-output>
        </test-method> <!-- trakingNumberPageUIVerification -->
        <test-method status="PASS" signature="tearDown(org.testng.ITestResult)[pri:0, instance:tests.TrackingNumberTest@64d7f7e0]" name="tearDown" is-config="true" duration-ms="51" started-at="2020-03-11T15:44:57Z" finished-at="2020-03-11T15:44:58Z">
          <params>
            <param index="0">
              <value>
                <![CDATA[[TestResult name=trakingNumberPageUIVerification status=SUCCESS method=TrackingNumberTest.trakingNumberPageUIVerification()[pri:0, instance:tests.TrackingNumberTest@64d7f7e0] output={null}]]]>
              </value>
            </param>
          </params>
          <reporter-output>
          </reporter-output>
        </test-method> <!-- tearDown -->
        <test-method status="PASS" signature="simpleTrakingNumberCreation()[pri:1, instance:tests.TrackingNumberTest@64d7f7e0]" name="simpleTrakingNumberCreation" duration-ms="96385" started-at="2020-03-11T15:44:58Z" finished-at="2020-03-11T15:46:34Z">
          <reporter-output>
          </reporter-output>
        </test-method> <!-- simpleTrakingNumberCreation -->
        <test-method status="PASS" signature="tearDown(org.testng.ITestResult)[pri:0, instance:tests.TrackingNumberTest@64d7f7e0]" name="tearDown" is-config="true" duration-ms="49" started-at="2020-03-11T15:46:34Z" finished-at="2020-03-11T15:46:34Z">
          <params>
            <param index="0">
              <value>
                <![CDATA[[TestResult name=simpleTrakingNumberCreation status=SUCCESS method=TrackingNumberTest.simpleTrakingNumberCreation()[pri:1, instance:tests.TrackingNumberTest@64d7f7e0] output={null}]]]>
              </value>
            </param>
          </params>
          <reporter-output>
          </reporter-output>
        </test-method> <!-- tearDown -->
        <test-method status="PASS" signature="simpleTrakingNumberUpdation()[pri:2, instance:tests.TrackingNumberTest@64d7f7e0]" name="simpleTrakingNumberUpdation" duration-ms="7970" started-at="2020-03-11T15:46:34Z" finished-at="2020-03-11T15:46:42Z">
          <reporter-output>
          </reporter-output>
        </test-method> <!-- simpleTrakingNumberUpdation -->
        <test-method status="PASS" signature="tearDown(org.testng.ITestResult)[pri:0, instance:tests.TrackingNumberTest@64d7f7e0]" name="tearDown" is-config="true" duration-ms="42" started-at="2020-03-11T15:46:42Z" finished-at="2020-03-11T15:46:42Z">
          <params>
            <param index="0">
              <value>
                <![CDATA[[TestResult name=simpleTrakingNumberUpdation status=SUCCESS method=TrackingNumberTest.simpleTrakingNumberUpdation()[pri:2, instance:tests.TrackingNumberTest@64d7f7e0] output={null}]]]>
              </value>
            </param>
          </params>
          <reporter-output>
          </reporter-output>
        </test-method> <!-- tearDown -->
        <test-method status="PASS" signature="simpleTrakingNumberDeletion()[pri:3, instance:tests.TrackingNumberTest@64d7f7e0]" name="simpleTrakingNumberDeletion" duration-ms="6454" started-at="2020-03-11T15:46:42Z" finished-at="2020-03-11T15:46:48Z">
          <reporter-output>
          </reporter-output>
        </test-method> <!-- simpleTrakingNumberDeletion -->
        <test-method status="PASS" signature="tearDown(org.testng.ITestResult)[pri:0, instance:tests.TrackingNumberTest@64d7f7e0]" name="tearDown" is-config="true" duration-ms="45" started-at="2020-03-11T15:46:48Z" finished-at="2020-03-11T15:46:48Z">
          <params>
            <param index="0">
              <value>
                <![CDATA[[TestResult name=simpleTrakingNumberDeletion status=SUCCESS method=TrackingNumberTest.simpleTrakingNumberDeletion()[pri:3, instance:tests.TrackingNumberTest@64d7f7e0] output={null}]]]>
              </value>
            </param>
          </params>
          <reporter-output>
          </reporter-output>
        </test-method> <!-- tearDown -->
        <test-method status="PASS" signature="numberPoolCreation()[pri:4, instance:tests.TrackingNumberTest@64d7f7e0]" name="numberPoolCreation" duration-ms="96455" started-at="2020-03-11T15:46:48Z" finished-at="2020-03-11T15:48:25Z">
          <reporter-output>
          </reporter-output>
        </test-method> <!-- numberPoolCreation -->
        <test-method status="PASS" signature="tearDown(org.testng.ITestResult)[pri:0, instance:tests.TrackingNumberTest@64d7f7e0]" name="tearDown" is-config="true" duration-ms="54" started-at="2020-03-11T15:48:25Z" finished-at="2020-03-11T15:48:25Z">
          <params>
            <param index="0">
              <value>
                <![CDATA[[TestResult name=numberPoolCreation status=SUCCESS method=TrackingNumberTest.numberPoolCreation()[pri:4, instance:tests.TrackingNumberTest@64d7f7e0] output={null}]]]>
              </value>
            </param>
          </params>
          <reporter-output>
          </reporter-output>
        </test-method> <!-- tearDown -->
        <test-method status="PASS" signature="numberPoolUpdation()[pri:5, instance:tests.TrackingNumberTest@64d7f7e0]" name="numberPoolUpdation" duration-ms="7411" started-at="2020-03-11T15:48:25Z" finished-at="2020-03-11T15:48:32Z">
          <reporter-output>
          </reporter-output>
        </test-method> <!-- numberPoolUpdation -->
        <test-method status="PASS" signature="tearDown(org.testng.ITestResult)[pri:0, instance:tests.TrackingNumberTest@64d7f7e0]" name="tearDown" is-config="true" duration-ms="40" started-at="2020-03-11T15:48:32Z" finished-at="2020-03-11T15:48:32Z">
          <params>
            <param index="0">
              <value>
                <![CDATA[[TestResult name=numberPoolUpdation status=SUCCESS method=TrackingNumberTest.numberPoolUpdation()[pri:5, instance:tests.TrackingNumberTest@64d7f7e0] output={null}]]]>
              </value>
            </param>
          </params>
          <reporter-output>
          </reporter-output>
        </test-method> <!-- tearDown -->
        <test-method status="PASS" signature="numberPoolDeletion()[pri:6, instance:tests.TrackingNumberTest@64d7f7e0]" name="numberPoolDeletion" duration-ms="5935" started-at="2020-03-11T15:48:32Z" finished-at="2020-03-11T15:48:38Z">
          <reporter-output>
          </reporter-output>
        </test-method> <!-- numberPoolDeletion -->
        <test-method status="PASS" signature="tearDown(org.testng.ITestResult)[pri:0, instance:tests.TrackingNumberTest@64d7f7e0]" name="tearDown" is-config="true" duration-ms="40" started-at="2020-03-11T15:48:38Z" finished-at="2020-03-11T15:48:38Z">
          <params>
            <param index="0">
              <value>
                <![CDATA[[TestResult name=numberPoolDeletion status=SUCCESS method=TrackingNumberTest.numberPoolDeletion()[pri:6, instance:tests.TrackingNumberTest@64d7f7e0] output={null}]]]>
              </value>
            </param>
          </params>
          <reporter-output>
          </reporter-output>
        </test-method> <!-- tearDown -->
        <test-method status="PASS" signature="reserveNumberCreation()[pri:7, instance:tests.TrackingNumberTest@64d7f7e0]" name="reserveNumberCreation" duration-ms="22245" started-at="2020-03-11T15:48:38Z" finished-at="2020-03-11T15:49:01Z">
          <reporter-output>
          </reporter-output>
        </test-method> <!-- reserveNumberCreation -->
        <test-method status="PASS" signature="tearDown(org.testng.ITestResult)[pri:0, instance:tests.TrackingNumberTest@64d7f7e0]" name="tearDown" is-config="true" duration-ms="47" started-at="2020-03-11T15:49:01Z" finished-at="2020-03-11T15:49:01Z">
          <params>
            <param index="0">
              <value>
                <![CDATA[[TestResult name=reserveNumberCreation status=SUCCESS method=TrackingNumberTest.reserveNumberCreation()[pri:7, instance:tests.TrackingNumberTest@64d7f7e0] output={null}]]]>
              </value>
            </param>
          </params>
          <reporter-output>
          </reporter-output>
        </test-method> <!-- tearDown -->
        <test-method status="PASS" signature="reserveNumberUpdation()[pri:8, instance:tests.TrackingNumberTest@64d7f7e0]" name="reserveNumberUpdation" duration-ms="7394" started-at="2020-03-11T15:49:01Z" finished-at="2020-03-11T15:49:08Z">
          <reporter-output>
          </reporter-output>
        </test-method> <!-- reserveNumberUpdation -->
        <test-method status="PASS" signature="tearDown(org.testng.ITestResult)[pri:0, instance:tests.TrackingNumberTest@64d7f7e0]" name="tearDown" is-config="true" duration-ms="55" started-at="2020-03-11T15:49:08Z" finished-at="2020-03-11T15:49:08Z">
          <params>
            <param index="0">
              <value>
                <![CDATA[[TestResult name=reserveNumberUpdation status=SUCCESS method=TrackingNumberTest.reserveNumberUpdation()[pri:8, instance:tests.TrackingNumberTest@64d7f7e0] output={null}]]]>
              </value>
            </param>
          </params>
          <reporter-output>
          </reporter-output>
        </test-method> <!-- tearDown -->
        <test-method status="PASS" signature="reserveNumberDeletion()[pri:9, instance:tests.TrackingNumberTest@64d7f7e0]" name="reserveNumberDeletion" duration-ms="5831" started-at="2020-03-11T15:49:08Z" finished-at="2020-03-11T15:49:14Z">
          <reporter-output>
          </reporter-output>
        </test-method> <!-- reserveNumberDeletion -->
        <test-method status="PASS" signature="tearDown(org.testng.ITestResult)[pri:0, instance:tests.TrackingNumberTest@64d7f7e0]" name="tearDown" is-config="true" duration-ms="39" started-at="2020-03-11T15:49:14Z" finished-at="2020-03-11T15:49:14Z">
          <params>
            <param index="0">
              <value>
                <![CDATA[[TestResult name=reserveNumberDeletion status=SUCCESS method=TrackingNumberTest.reserveNumberDeletion()[pri:9, instance:tests.TrackingNumberTest@64d7f7e0] output={null}]]]>
              </value>
            </param>
          </params>
          <reporter-output>
          </reporter-output>
        </test-method> <!-- tearDown -->
        <test-method status="PASS" signature="GeoRouteTrakingNumberCreation()[pri:10, instance:tests.TrackingNumberTest@64d7f7e0]" name="GeoRouteTrakingNumberCreation" duration-ms="91509" started-at="2020-03-11T15:49:14Z" finished-at="2020-03-11T15:50:46Z">
          <reporter-output>
          </reporter-output>
        </test-method> <!-- GeoRouteTrakingNumberCreation -->
        <test-method status="PASS" signature="tearDown(org.testng.ITestResult)[pri:0, instance:tests.TrackingNumberTest@64d7f7e0]" name="tearDown" is-config="true" duration-ms="50" started-at="2020-03-11T15:50:46Z" finished-at="2020-03-11T15:50:46Z">
          <params>
            <param index="0">
              <value>
                <![CDATA[[TestResult name=GeoRouteTrakingNumberCreation status=SUCCESS method=TrackingNumberTest.GeoRouteTrakingNumberCreation()[pri:10, instance:tests.TrackingNumberTest@64d7f7e0] output={null}]]]>
              </value>
            </param>
          </params>
          <reporter-output>
          </reporter-output>
        </test-method> <!-- tearDown -->
        <test-method status="PASS" signature="GeoRouteTrakingNumberDeletion()[pri:11, instance:tests.TrackingNumberTest@64d7f7e0]" name="GeoRouteTrakingNumberDeletion" duration-ms="5437" started-at="2020-03-11T15:50:46Z" finished-at="2020-03-11T15:50:51Z">
          <reporter-output>
          </reporter-output>
        </test-method> <!-- GeoRouteTrakingNumberDeletion -->
        <test-method status="PASS" signature="tearDown(org.testng.ITestResult)[pri:0, instance:tests.TrackingNumberTest@64d7f7e0]" name="tearDown" is-config="true" duration-ms="72" started-at="2020-03-11T15:50:51Z" finished-at="2020-03-11T15:50:51Z">
          <params>
            <param index="0">
              <value>
                <![CDATA[[TestResult name=GeoRouteTrakingNumberDeletion status=SUCCESS method=TrackingNumberTest.GeoRouteTrakingNumberDeletion()[pri:11, instance:tests.TrackingNumberTest@64d7f7e0] output={null}]]]>
              </value>
            </param>
          </params>
          <reporter-output>
          </reporter-output>
        </test-method> <!-- tearDown -->
        <test-method status="PASS" signature="percentTrakingNumberCreation()[pri:12, instance:tests.TrackingNumberTest@64d7f7e0]" name="percentTrakingNumberCreation" duration-ms="93506" started-at="2020-03-11T15:50:51Z" finished-at="2020-03-11T15:52:25Z">
          <reporter-output>
          </reporter-output>
        </test-method> <!-- percentTrakingNumberCreation -->
        <test-method status="PASS" signature="tearDown(org.testng.ITestResult)[pri:0, instance:tests.TrackingNumberTest@64d7f7e0]" name="tearDown" is-config="true" duration-ms="73" started-at="2020-03-11T15:52:25Z" finished-at="2020-03-11T15:52:25Z">
          <params>
            <param index="0">
              <value>
                <![CDATA[[TestResult name=percentTrakingNumberCreation status=SUCCESS method=TrackingNumberTest.percentTrakingNumberCreation()[pri:12, instance:tests.TrackingNumberTest@64d7f7e0] output={null}]]]>
              </value>
            </param>
          </params>
          <reporter-output>
          </reporter-output>
        </test-method> <!-- tearDown -->
        <test-method status="PASS" signature="percentTrakingNumberDeletion()[pri:13, instance:tests.TrackingNumberTest@64d7f7e0]" name="percentTrakingNumberDeletion" duration-ms="7168" started-at="2020-03-11T15:52:25Z" finished-at="2020-03-11T15:52:32Z">
          <reporter-output>
          </reporter-output>
        </test-method> <!-- percentTrakingNumberDeletion -->
        <test-method status="PASS" signature="tearDown(org.testng.ITestResult)[pri:0, instance:tests.TrackingNumberTest@64d7f7e0]" name="tearDown" is-config="true" duration-ms="61" started-at="2020-03-11T15:52:32Z" finished-at="2020-03-11T15:52:32Z">
          <params>
            <param index="0">
              <value>
                <![CDATA[[TestResult name=percentTrakingNumberDeletion status=SUCCESS method=TrackingNumberTest.percentTrakingNumberDeletion()[pri:13, instance:tests.TrackingNumberTest@64d7f7e0] output={null}]]]>
              </value>
            </param>
          </params>
          <reporter-output>
          </reporter-output>
        </test-method> <!-- tearDown -->
        <test-method status="PASS" signature="outboundTrakingNumberCreation()[pri:14, instance:tests.TrackingNumberTest@64d7f7e0]" name="outboundTrakingNumberCreation" duration-ms="68448" started-at="2020-03-11T15:52:32Z" finished-at="2020-03-11T15:53:40Z">
          <reporter-output>
          </reporter-output>
        </test-method> <!-- outboundTrakingNumberCreation -->
        <test-method status="PASS" signature="tearDown(org.testng.ITestResult)[pri:0, instance:tests.TrackingNumberTest@64d7f7e0]" name="tearDown" is-config="true" duration-ms="67" started-at="2020-03-11T15:53:40Z" finished-at="2020-03-11T15:53:40Z">
          <params>
            <param index="0">
              <value>
                <![CDATA[[TestResult name=outboundTrakingNumberCreation status=SUCCESS method=TrackingNumberTest.outboundTrakingNumberCreation()[pri:14, instance:tests.TrackingNumberTest@64d7f7e0] output={null}]]]>
              </value>
            </param>
          </params>
          <reporter-output>
          </reporter-output>
        </test-method> <!-- tearDown -->
        <test-method status="PASS" signature="outboundTrakingNumberDeletion()[pri:15, instance:tests.TrackingNumberTest@64d7f7e0]" name="outboundTrakingNumberDeletion" duration-ms="19655" started-at="2020-03-11T15:53:40Z" finished-at="2020-03-11T15:54:00Z">
          <reporter-output>
          </reporter-output>
        </test-method> <!-- outboundTrakingNumberDeletion -->
        <test-method status="PASS" signature="tearDown(org.testng.ITestResult)[pri:0, instance:tests.TrackingNumberTest@64d7f7e0]" name="tearDown" is-config="true" duration-ms="53" started-at="2020-03-11T15:54:00Z" finished-at="2020-03-11T15:54:00Z">
          <params>
            <param index="0">
              <value>
                <![CDATA[[TestResult name=outboundTrakingNumberDeletion status=SUCCESS method=TrackingNumberTest.outboundTrakingNumberDeletion()[pri:15, instance:tests.TrackingNumberTest@64d7f7e0] output={null}]]]>
              </value>
            </param>
          </params>
          <reporter-output>
          </reporter-output>
        </test-method> <!-- tearDown -->
        <test-method status="PASS" signature="hangupTrakingNumberCreation()[pri:16, instance:tests.TrackingNumberTest@64d7f7e0]" name="hangupTrakingNumberCreation" duration-ms="66867" started-at="2020-03-11T15:54:00Z" finished-at="2020-03-11T15:55:07Z">
          <reporter-output>
          </reporter-output>
        </test-method> <!-- hangupTrakingNumberCreation -->
        <test-method status="PASS" signature="tearDown(org.testng.ITestResult)[pri:0, instance:tests.TrackingNumberTest@64d7f7e0]" name="tearDown" is-config="true" duration-ms="46" started-at="2020-03-11T15:55:07Z" finished-at="2020-03-11T15:55:07Z">
          <params>
            <param index="0">
              <value>
                <![CDATA[[TestResult name=hangupTrakingNumberCreation status=SUCCESS method=TrackingNumberTest.hangupTrakingNumberCreation()[pri:16, instance:tests.TrackingNumberTest@64d7f7e0] output={null}]]]>
              </value>
            </param>
          </params>
          <reporter-output>
          </reporter-output>
        </test-method> <!-- tearDown -->
        <test-method status="PASS" signature="hangupTrakingNumberDeletion()[pri:17, instance:tests.TrackingNumberTest@64d7f7e0]" name="hangupTrakingNumberDeletion" duration-ms="19362" started-at="2020-03-11T15:55:07Z" finished-at="2020-03-11T15:55:26Z">
          <reporter-output>
          </reporter-output>
        </test-method> <!-- hangupTrakingNumberDeletion -->
        <test-method status="PASS" signature="tearDown(org.testng.ITestResult)[pri:0, instance:tests.TrackingNumberTest@64d7f7e0]" name="tearDown" is-config="true" duration-ms="41" started-at="2020-03-11T15:55:26Z" finished-at="2020-03-11T15:55:26Z">
          <params>
            <param index="0">
              <value>
                <![CDATA[[TestResult name=hangupTrakingNumberDeletion status=SUCCESS method=TrackingNumberTest.hangupTrakingNumberDeletion()[pri:17, instance:tests.TrackingNumberTest@64d7f7e0] output={null}]]]>
              </value>
            </param>
          </params>
          <reporter-output>
          </reporter-output>
        </test-method> <!-- tearDown -->
        <test-method status="PASS" signature="voicemailTrakingNumberCreation()[pri:18, instance:tests.TrackingNumberTest@64d7f7e0]" name="voicemailTrakingNumberCreation" duration-ms="67718" started-at="2020-03-11T15:55:26Z" finished-at="2020-03-11T15:56:34Z">
          <reporter-output>
          </reporter-output>
        </test-method> <!-- voicemailTrakingNumberCreation -->
        <test-method status="PASS" signature="tearDown(org.testng.ITestResult)[pri:0, instance:tests.TrackingNumberTest@64d7f7e0]" name="tearDown" is-config="true" duration-ms="52" started-at="2020-03-11T15:56:34Z" finished-at="2020-03-11T15:56:34Z">
          <params>
            <param index="0">
              <value>
                <![CDATA[[TestResult name=voicemailTrakingNumberCreation status=SUCCESS method=TrackingNumberTest.voicemailTrakingNumberCreation()[pri:18, instance:tests.TrackingNumberTest@64d7f7e0] output={null}]]]>
              </value>
            </param>
          </params>
          <reporter-output>
          </reporter-output>
        </test-method> <!-- tearDown -->
        <test-method status="PASS" signature="voicemailTrakingNumberDeletion()[pri:19, instance:tests.TrackingNumberTest@64d7f7e0]" name="voicemailTrakingNumberDeletion" duration-ms="19752" started-at="2020-03-11T15:56:34Z" finished-at="2020-03-11T15:56:54Z">
          <reporter-output>
          </reporter-output>
        </test-method> <!-- voicemailTrakingNumberDeletion -->
        <test-method status="PASS" signature="tearDown(org.testng.ITestResult)[pri:0, instance:tests.TrackingNumberTest@64d7f7e0]" name="tearDown" is-config="true" duration-ms="46" started-at="2020-03-11T15:56:54Z" finished-at="2020-03-11T15:56:54Z">
          <params>
            <param index="0">
              <value>
                <![CDATA[[TestResult name=voicemailTrakingNumberDeletion status=SUCCESS method=TrackingNumberTest.voicemailTrakingNumberDeletion()[pri:19, instance:tests.TrackingNumberTest@64d7f7e0] output={null}]]]>
              </value>
            </param>
          </params>
          <reporter-output>
          </reporter-output>
        </test-method> <!-- tearDown -->
        <test-method status="PASS" signature="scheduleTrakingNumberCreation()[pri:20, instance:tests.TrackingNumberTest@64d7f7e0]" name="scheduleTrakingNumberCreation" duration-ms="85327" started-at="2020-03-11T15:56:54Z" finished-at="2020-03-11T15:58:19Z">
          <reporter-output>
          </reporter-output>
        </test-method> <!-- scheduleTrakingNumberCreation -->
        <test-method status="PASS" signature="tearDown(org.testng.ITestResult)[pri:0, instance:tests.TrackingNumberTest@64d7f7e0]" name="tearDown" is-config="true" duration-ms="58" started-at="2020-03-11T15:58:19Z" finished-at="2020-03-11T15:58:19Z">
          <params>
            <param index="0">
              <value>
                <![CDATA[[TestResult name=scheduleTrakingNumberCreation status=SUCCESS method=TrackingNumberTest.scheduleTrakingNumberCreation()[pri:20, instance:tests.TrackingNumberTest@64d7f7e0] output={null}]]]>
              </value>
            </param>
          </params>
          <reporter-output>
          </reporter-output>
        </test-method> <!-- tearDown -->
        <test-method status="PASS" signature="scheduleTrakingNumberDeletion()[pri:21, instance:tests.TrackingNumberTest@64d7f7e0]" name="scheduleTrakingNumberDeletion" duration-ms="5518" started-at="2020-03-11T15:58:19Z" finished-at="2020-03-11T15:58:25Z">
          <reporter-output>
          </reporter-output>
        </test-method> <!-- scheduleTrakingNumberDeletion -->
        <test-method status="PASS" signature="tearDown(org.testng.ITestResult)[pri:0, instance:tests.TrackingNumberTest@64d7f7e0]" name="tearDown" is-config="true" duration-ms="45" started-at="2020-03-11T15:58:25Z" finished-at="2020-03-11T15:58:25Z">
          <params>
            <param index="0">
              <value>
                <![CDATA[[TestResult name=scheduleTrakingNumberDeletion status=SUCCESS method=TrackingNumberTest.scheduleTrakingNumberDeletion()[pri:21, instance:tests.TrackingNumberTest@64d7f7e0] output={null}]]]>
              </value>
            </param>
          </params>
          <reporter-output>
          </reporter-output>
        </test-method> <!-- tearDown -->
        <test-method status="PASS" signature="cleanUp()[pri:0, instance:tests.TrackingNumberTest@64d7f7e0]" name="cleanUp" is-config="true" duration-ms="0" started-at="2020-03-11T15:58:25Z" finished-at="2020-03-11T15:58:25Z">
          <reporter-output>
          </reporter-output>
        </test-method> <!-- cleanUp -->
      </class> <!-- tests.TrackingNumberTest -->
    </test> <!-- chrome test -->
  </suite> <!-- Automation Suite-1 -->
</testng-results>
